2022-03-06 23:58:42 ctrl.cas1    INFO     Disengage CAS1...
2022-03-06 23:58:42 ctrl.cas1    INFO     Disengage CAS1...
2022-03-06 23:58:42 ctrl.cas1    INFO     Disengage CAS1...
2022-03-06 23:58:42 ctrl.cas1    INFO     Disengage CAS1...
2022-03-06 23:58:42 ctrl.cas1    INFO     Disengage CAS1...
2022-03-06 23:58:42 ctrl.cas1    INFO     Disengage CAS1...
2022-03-06 23:58:42 ctrl.cas1    INFO     Disengage CAS1...
2022-03-06 23:58:42 ctrl.cas1    INFO     Disengage CAS1...
2022-03-06 23:58:43 ctrl.cas1    INFO     Engage CAS1...
2022-03-06 23:58:43 ctrl.cas1    INFO     Engage CAS1...
2022-03-06 23:58:43 ctrl.cas1    INFO     Engage CAS1...
2022-03-06 23:58:43 ctrl.cas1    INFO     Engage CAS1...
2022-03-06 23:58:43 ctrl.cas1    INFO     Engage CAS1...
2022-03-06 23:58:43 ctrl.cas1    INFO     Engage CAS1...
2022-03-06 23:58:43 ctrl.cas1    INFO     Engage CAS1...
2022-03-06 23:58:46 ctrl.cas1    INFO     Disengage CAS1...
2022-03-06 23:58:46 ctrl.cas1    INFO     Engage CAS1...
2022-03-07 02:40:07 ctrl.cas1    INFO     



2022-03-07 02:40:07 ctrl.cas1    INFO     Starting Run!
sampleName                                                      1
protocolName                                   all_operations_new
protocolPath    f:/Torres/CasMonitorQt5/Protocols/all_operatio...
startlog                                                       20
Name: CAS1, dtype: object
2022-03-07 02:40:07 ctrl.cas1    INFO     Starting task on CAS1
2022-03-07 02:40:07 ctrl.cas1    INFO     ['CAS1', 'CAS2']
2022-03-07 02:40:07 ctrl.cas1    DEBUG    ['self.incubate(cas="CAS1",incTime=0,mixAfter=0,mixVol=0.1,extraVolOut=0.0)', 'self.mix(cas="CAS1", numCycles=3, volume=0.1)', 'self.purge(cas="CAS1")', 'self.loadReagent(cas="CAS1",reagent="FORMALIN",ml=0.5,inSpeed=500,chamberSpeed=50,lineSpeed=400,washSyr="auto",washSyrReagent="MEOH")', 'self.loadReagent(cas="CAS1",reagent="MEOH",ml=0.5,inSpeed=500,chamberSpeed=50,lineSpeed=200,washSyr="auto",washSyrReagent="MEOH")', 'self.loadReagent(cas="CAS1",reagent="DYE",ml=0.2,inSpeed=200,chamberSpeed=50,lineSpeed=200,washSyr="auto",washSyrReagent="MEOH")', 'self.loadReagent(cas="CAS1",reagent="BABB",ml=0.5,inSpeed=200,chamberSpeed=25,lineSpeed=200,washSyr="auto",washSyrReagent="MEOH")']
2022-03-07 02:40:07 ctrl.cas1    DEBUG    ['Incubation', 'Mixing', 'Purge', 'Load Formalin', 'Load Dehydrant', 'Load Stain', 'Load BABB']
2022-03-07 02:40:07 ctrl.cas1    DEBUG    1
2022-03-07 02:40:07 ctrl.cas1    INFO     CAS1: Evaluating step 0
2022-03-07 02:40:07 ctrl.cas1    INFO     ['self.incubate(cas="CAS1",incTime=0,mixAfter=0,mixVol=0.1,extraVolOut=0.0)']
2022-03-07 02:40:07 ctrl.cas1    WARNING  Inc. time not > 0: 0
2022-03-07 02:40:07 ctrl.cas1    WARNING  Skipping incubation...
2022-03-07 02:40:07 ctrl.cas1    INFO     Updating progress on CAS1...
2022-03-07 02:40:07 ctrl.cas1    INFO     CAS1: Evaluating step 1
2022-03-07 02:40:07 ctrl.cas1    INFO     ['self.mix(cas="CAS1", numCycles=3, volume=0.1)']
2022-03-07 02:40:08 ctrl.cas1    INFO     MIXING CAS1, 3 TIMES, 0.1 VOLUME
2022-03-07 02:40:09 ctrl.cas1    INFO     Mixing CAS1, #1 of 3 cycles...
2022-03-07 02:40:10 ctrl.cas1    INFO     Mixing CAS1, #2 of 3 cycles...
2022-03-07 02:40:11 ctrl.cas1    INFO     Mixing CAS1, #3 of 3 cycles...
2022-03-07 02:40:12 ctrl.cas1    INFO     Updating progress on CAS1...
2022-03-07 02:40:12 ctrl.cas1    INFO     CAS1: Evaluating step 2
2022-03-07 02:40:12 ctrl.cas1    INFO     ['self.purge(cas="CAS1")']
2022-03-07 02:40:16 ctrl.cas1    INFO     PURGING CHAMBER, CAS1
2022-03-07 02:40:19 ctrl.cas1    INFO     Updating progress on CAS1...
2022-03-07 02:40:24 ctrl.cas1    INFO     CAS1: Evaluating step 3
2022-03-07 02:40:24 ctrl.cas1    INFO     ['self.loadReagent(cas="CAS1",reagent="FORMALIN",ml=0.5,inSpeed=500,chamberSpeed=50,lineSpeed=400,washSyr="auto",washSyrReagent="MEOH")']
2022-03-07 02:40:33 ctrl.cas1    INFO     ADDING FORMALIN to CAS1
2022-03-07 02:40:37 ctrl.cas1    INFO     Updating progress on CAS1...
2022-03-07 02:40:37 ctrl.cas1    INFO     CAS1: Evaluating step 4
2022-03-07 02:40:37 ctrl.cas1    INFO     ['self.loadReagent(cas="CAS1",reagent="MEOH",ml=0.5,inSpeed=500,chamberSpeed=50,lineSpeed=200,washSyr="auto",washSyrReagent="MEOH")']
2022-03-07 02:40:48 ctrl.cas1    INFO     CAS1 LINE has FORMALIN, not MEOH
2022-03-07 02:40:48 ctrl.cas1    INFO     PURGING CHAMBER, CAS1
2022-03-07 02:41:01 ctrl.cas1    INFO     ADDING MEOH to CAS1
2022-03-07 02:41:04 ctrl.cas1    INFO     Updating progress on CAS1...
2022-03-07 02:41:04 ctrl.cas1    INFO     CAS1: Evaluating step 5
2022-03-07 02:41:04 ctrl.cas1    INFO     ['self.loadReagent(cas="CAS1",reagent="DYE",ml=0.2,inSpeed=200,chamberSpeed=50,lineSpeed=200,washSyr="auto",washSyrReagent="MEOH")']
2022-03-07 02:41:13 ctrl.cas1    INFO     CAS1 LINE has MEOH, not DYE
2022-03-07 02:41:13 ctrl.cas1    INFO     PURGING CHAMBER, CAS1
2022-03-07 02:41:23 ctrl.cas1    INFO     ADDING DYE to CAS1
2022-03-07 02:41:32 ctrl.cas1    INFO     Updating progress on CAS1...
2022-03-07 02:41:41 ctrl.cas1    INFO     CAS1: Evaluating step 6
2022-03-07 02:41:41 ctrl.cas1    INFO     ['self.loadReagent(cas="CAS1",reagent="BABB",ml=0.5,inSpeed=200,chamberSpeed=25,lineSpeed=200,washSyr="auto",washSyrReagent="MEOH")']
2022-03-07 02:42:01 ctrl.cas1    INFO     CAS1 LINE has DYE, not BABB
2022-03-07 02:42:01 ctrl.cas1    INFO     PURGING CHAMBER, CAS1
2022-03-07 02:42:04 ctrl.cas1    INFO     ADDING BABB to CAS1
2022-03-07 02:42:11 ctrl.cas1    INFO     Finished all steps, starting to clean CAS1...
2022-03-07 02:42:11 ctrl.cas1    INFO     Cleaning CAS1
2022-03-07 02:42:11 ctrl.cas1    INFO     Disengage CAS1...
2022-03-07 02:42:11 ctrl.cas1    INFO     CLEANING_PREP
2022-03-07 02:42:19 ctrl.cas1    INFO     WASHING LINE
2022-03-07 02:42:33 ctrl.cas1    INFO     Finished CAS1 task!
2022-03-07 02:43:43 ctrl.cas1    INFO     Engage CAS1...
2022-03-07 02:44:01 ctrl.cas1    INFO     



2022-03-07 02:44:01 ctrl.cas1    INFO     Starting Run!
sampleName                                                      1
protocolName                                   all_operations_new
protocolPath    f:/Torres/CasMonitorQt5/Protocols/all_operatio...
startlog                                                       79
Name: CAS1, dtype: object
2022-03-07 02:44:01 ctrl.cas1    INFO     Starting task on CAS1
2022-03-07 02:44:01 ctrl.cas1    INFO     ['CAS3', 'CAS1', 'CAS2']
2022-03-07 02:44:01 ctrl.cas1    DEBUG    ['self.incubate(cas="CAS1",incTime=0,mixAfter=0,mixVol=0.1,extraVolOut=0.0)', 'self.mix(cas="CAS1", numCycles=3, volume=0.1)', 'self.purge(cas="CAS1")', 'self.loadReagent(cas="CAS1",reagent="FORMALIN",ml=0.5,inSpeed=500,chamberSpeed=50,lineSpeed=400,washSyr="auto",washSyrReagent="MEOH")', 'self.loadReagent(cas="CAS1",reagent="MEOH",ml=0.5,inSpeed=500,chamberSpeed=50,lineSpeed=200,washSyr="auto",washSyrReagent="MEOH")', 'self.loadReagent(cas="CAS1",reagent="DYE",ml=0.2,inSpeed=200,chamberSpeed=50,lineSpeed=200,washSyr="auto",washSyrReagent="MEOH")', 'self.loadReagent(cas="CAS1",reagent="BABB",ml=0.5,inSpeed=200,chamberSpeed=25,lineSpeed=200,washSyr="auto",washSyrReagent="MEOH")']
2022-03-07 02:44:01 ctrl.cas1    DEBUG    ['Incubation', 'Mixing', 'Purge', 'Load Formalin', 'Load Dehydrant', 'Load Stain', 'Load BABB']
2022-03-07 02:44:01 ctrl.cas1    DEBUG    1
2022-03-07 02:44:01 ctrl.cas1    INFO     CAS1: Evaluating step 0
2022-03-07 02:44:01 ctrl.cas1    INFO     ['self.incubate(cas="CAS1",incTime=0,mixAfter=0,mixVol=0.1,extraVolOut=0.0)']
2022-03-07 02:44:01 ctrl.cas1    WARNING  Inc. time not > 0: 0
2022-03-07 02:44:01 ctrl.cas1    WARNING  Skipping incubation...
2022-03-07 02:44:01 ctrl.cas1    INFO     Updating progress on CAS1...
2022-03-07 02:44:01 ctrl.cas1    INFO     CAS1: Evaluating step 1
2022-03-07 02:44:01 ctrl.cas1    INFO     ['self.mix(cas="CAS1", numCycles=3, volume=0.1)']
2022-03-07 02:44:04 ctrl.cas1    INFO     MIXING CAS1, 3 TIMES, 0.1 VOLUME
2022-03-07 02:44:06 ctrl.cas1    INFO     Mixing CAS1, #1 of 3 cycles...
2022-03-07 02:44:07 ctrl.cas1    INFO     Mixing CAS1, #2 of 3 cycles...
2022-03-07 02:44:08 ctrl.cas1    INFO     Mixing CAS1, #3 of 3 cycles...
2022-03-07 02:44:09 ctrl.cas1    INFO     Updating progress on CAS1...
2022-03-07 02:44:12 ctrl.cas1    INFO     CAS1: Evaluating step 2
2022-03-07 02:44:12 ctrl.cas1    INFO     ['self.purge(cas="CAS1")']
2022-03-07 02:44:12 ctrl.cas1    INFO     PURGING CHAMBER, CAS1
2022-03-07 02:44:15 ctrl.cas1    INFO     Updating progress on CAS1...
2022-03-07 02:44:17 ctrl.cas1    INFO     CAS1: Evaluating step 3
2022-03-07 02:44:17 ctrl.cas1    INFO     ['self.loadReagent(cas="CAS1",reagent="FORMALIN",ml=0.5,inSpeed=500,chamberSpeed=50,lineSpeed=400,washSyr="auto",washSyrReagent="MEOH")']
2022-03-07 02:44:30 ctrl.cas1    INFO     ADDING FORMALIN to CAS1
2022-03-07 02:44:34 ctrl.cas1    INFO     Updating progress on CAS1...
2022-03-07 02:44:40 ctrl.cas1    INFO     CAS1: Evaluating step 4
2022-03-07 02:44:40 ctrl.cas1    INFO     ['self.loadReagent(cas="CAS1",reagent="MEOH",ml=0.5,inSpeed=500,chamberSpeed=50,lineSpeed=200,washSyr="auto",washSyrReagent="MEOH")']
2022-03-07 02:44:44 ctrl.cas1    INFO     CAS1 LINE has FORMALIN, not MEOH
2022-03-07 02:44:44 ctrl.cas1    INFO     PURGING CHAMBER, CAS1
2022-03-07 02:44:47 ctrl.cas1    INFO     ADDING MEOH to CAS1
2022-03-07 02:44:50 ctrl.cas1    INFO     Updating progress on CAS1...
2022-03-07 02:44:53 ctrl.cas1    INFO     CAS1: Evaluating step 5
2022-03-07 02:44:53 ctrl.cas1    INFO     ['self.loadReagent(cas="CAS1",reagent="DYE",ml=0.2,inSpeed=200,chamberSpeed=50,lineSpeed=200,washSyr="auto",washSyrReagent="MEOH")']
2022-03-07 02:45:06 ctrl.cas1    INFO     CAS1 LINE has MEOH, not DYE
2022-03-07 02:45:06 ctrl.cas1    INFO     PURGING CHAMBER, CAS1
2022-03-07 02:45:09 ctrl.cas1    INFO     ADDING DYE to CAS1
2022-03-07 02:45:18 ctrl.cas1    INFO     Updating progress on CAS1...
2022-03-07 02:45:20 ctrl.cas1    INFO     CAS1: Evaluating step 6
2022-03-07 02:45:20 ctrl.cas1    INFO     ['self.loadReagent(cas="CAS1",reagent="BABB",ml=0.5,inSpeed=200,chamberSpeed=25,lineSpeed=200,washSyr="auto",washSyrReagent="MEOH")']
2022-03-07 02:45:29 ctrl.cas1    INFO     CAS1 LINE has DYE, not BABB
2022-03-07 02:45:29 ctrl.cas1    INFO     PURGING CHAMBER, CAS1
2022-03-07 02:45:35 ctrl.cas1    INFO     ADDING BABB to CAS1
2022-03-07 02:45:42 ctrl.cas1    INFO     Finished all steps, starting to clean CAS1...
2022-03-07 02:45:42 ctrl.cas1    INFO     Cleaning CAS1
2022-03-07 02:45:42 ctrl.cas1    INFO     Disengage CAS1...
2022-03-07 02:45:42 ctrl.cas1    INFO     CLEANING_PREP
2022-03-07 02:45:48 ctrl.cas1    INFO     WASHING LINE
2022-03-07 02:45:57 ctrl.cas1    INFO     Finished CAS1 task!
