2022-03-06 23:44:47 ctrl.cas3    INFO     Disengage CAS3...
2022-03-06 23:44:47 ctrl.cas3    INFO     Disengage CAS3...
2022-03-06 23:44:47 ctrl.cas3    INFO     Disengage CAS3...
2022-03-06 23:44:47 ctrl.cas3    INFO     Disengage CAS3...
2022-03-06 23:44:47 ctrl.cas3    INFO     Disengage CAS3...
2022-03-06 23:44:48 ctrl.cas3    INFO     Engage CAS3...
2022-03-06 23:44:48 ctrl.cas3    INFO     Engage CAS3...
2022-03-06 23:44:48 ctrl.cas3    INFO     Engage CAS3...
2022-03-06 23:44:48 ctrl.cas3    INFO     Engage CAS3...
2022-03-06 23:44:48 ctrl.cas3    INFO     Engage CAS3...
2022-03-06 23:44:48 ctrl.cas3    INFO     Engage CAS3...
2022-03-06 23:44:48 ctrl.cas3    INFO     Engage CAS3...
2022-03-06 23:44:48 ctrl.cas3    INFO     Engage CAS3...
2022-03-06 23:44:50 ctrl.cas3    INFO     Disengage CAS3...
2022-03-06 23:44:50 ctrl.cas3    INFO     Engage CAS3...
2022-03-06 23:58:40 ctrl.cas3    INFO     Disengage CAS3...
2022-03-06 23:58:40 ctrl.cas3    INFO     Disengage CAS3...
2022-03-06 23:58:40 ctrl.cas3    INFO     Disengage CAS3...
2022-03-06 23:58:40 ctrl.cas3    INFO     Disengage CAS3...
2022-03-06 23:58:40 ctrl.cas3    INFO     Disengage CAS3...
2022-03-06 23:58:40 ctrl.cas3    INFO     Disengage CAS3...
2022-03-06 23:58:40 ctrl.cas3    INFO     Disengage CAS3...
2022-03-06 23:58:40 ctrl.cas3    INFO     Disengage CAS3...
2022-03-06 23:58:40 ctrl.cas3    INFO     Disengage CAS3...
2022-03-06 23:58:40 ctrl.cas3    INFO     Disengage CAS3...
2022-03-06 23:58:40 ctrl.cas3    INFO     Disengage CAS3...
2022-03-06 23:58:41 ctrl.cas3    INFO     Engage CAS3...
2022-03-06 23:58:41 ctrl.cas3    INFO     Engage CAS3...
2022-03-06 23:58:41 ctrl.cas3    INFO     Engage CAS3...
2022-03-06 23:58:41 ctrl.cas3    INFO     Engage CAS3...
2022-03-06 23:58:41 ctrl.cas3    INFO     Engage CAS3...
2022-03-06 23:58:41 ctrl.cas3    INFO     Engage CAS3...
2022-03-06 23:58:41 ctrl.cas3    INFO     Engage CAS3...
2022-03-06 23:58:41 ctrl.cas3    INFO     Engage CAS3...
2022-03-06 23:58:41 ctrl.cas3    INFO     Engage CAS3...
2022-03-06 23:58:41 ctrl.cas3    INFO     Engage CAS3...
2022-03-06 23:58:41 ctrl.cas3    INFO     Engage CAS3...
2022-03-06 23:58:42 ctrl.cas3    INFO     Disengage CAS3...
2022-03-06 23:58:42 ctrl.cas3    INFO     Engage CAS3...
2022-03-07 00:01:34 ctrl.cas3    INFO     Trying to cancel CAS3, getting active tasks...
2022-03-07 00:01:34 ctrl.cas3    INFO     Trying to cancel CAS3, getting active tasks...
2022-03-07 00:01:34 ctrl.cas3    INFO     Trying to cancel CAS3, getting active tasks...
2022-03-07 00:01:34 ctrl.cas3    INFO     Trying to cancel CAS3, getting active tasks...
2022-03-07 00:01:34 ctrl.cas3    INFO     Trying to cancel CAS3, getting active tasks...
2022-03-07 00:01:34 ctrl.cas3    INFO     Trying to cancel CAS3, getting active tasks...
2022-03-07 00:01:34 ctrl.cas3    INFO     []
2022-03-07 00:01:34 ctrl.cas3    INFO     Trying to cancel CAS3, getting active tasks...
2022-03-07 00:01:34 ctrl.cas3    INFO     []
2022-03-07 00:01:34 ctrl.cas3    INFO     Trying to cancel CAS3, getting active tasks...
2022-03-07 00:01:34 ctrl.cas3    INFO     []
2022-03-07 00:01:34 ctrl.cas3    INFO     []
2022-03-07 00:01:34 ctrl.cas3    WARNING  CAS3 is not running a protocol...
2022-03-07 00:01:34 ctrl.cas3    INFO     []
 is not running a protocol...
2022-03-07 00:01:34 ctrl.cas3    WARNING  CAS3 is not running a protocol...
2022-03-07 00:01:34 ctrl.cas3    WARNING  CAS3 is not running a protocol...
2022-03-07 00:01:34 ctrl.cas3    INFO     Trying to cancel CAS3, getting active tasks...
2022-03-07 00:01:34 ctrl.cas3    INFO     Trying to cancel CAS3, getting active tasks...
2022-03-07 00:01:34 ctrl.cas3    INFO     Trying to cancel CAS3, getting active tasks...
2022-03-07 00:01:34 ctrl.cas3    WARNING  CAS3 is not running a protocol...
2022-03-07 00:01:34 ctrl.cas3    INFO     []
 is not running a protocol...
2022-03-07 00:01:34 ctrl.cas3    WARNING  CAS3 is not running a protocol...
2022-03-07 00:01:34 ctrl.cas3    INFO     Trying to cancel CAS3, getting active tasks...
2022-03-07 00:01:34 ctrl.cas3    INFO     Trying to cancel CAS3, getting active tasks...
2022-03-07 00:01:34 ctrl.cas3    WARNING  CAS32022-03-07 00:01:34 ctrl.cas3  2022-03-07 00:02022-03-07 00:01:34 ctrl.cas3    INFO     []
 is not running a protocol...
2022-03-07 00:01:34 ctrl.cas3    WARNING  CAS3 is not running a protocol...
2022-03-07 00:01:34 ctrl.cas3    WARNING  CAS3 is not running a protocol...
2022-03-07 00:01:35 ctrl.cas3    INFO     Trying to cancel CAS3, getting active tasks...
2022-03-07 00:01:35 ctrl.cas3    INFO     []
2022-03-07 00:01:35 ctrl.cas3    WARNING  CAS3 is not running a protocol...
2022-03-07 00:01:38 ctrl.cas3    INFO     Engage CAS3...
2022-03-07 00:01:38 ctrl.cas3    INFO     Engage CAS3...
2022-03-07 00:01:38 ctrl.cas3    INFO     Engage CAS3...
2022-03-07 00:01:38 ctrl.cas3    INFO     Engage CAS3...
2022-03-07 00:01:38 ctrl.cas3    INFO     Engage CAS3...
2022-03-07 00:01:38 ctrl.cas3    INFO     Engage CAS3...
2022-03-07 00:01:38 ctrl.cas3    INFO     Engage CAS3...
2022-03-07 00:01:38 ctrl.cas3    INFO     Engage CAS3...
2022-03-07 00:01:38 ctrl.cas3    INFO     Engage CAS3...
2022-03-07 00:01:38 ctrl.cas3    INFO     Engage CAS3...
2022-03-07 00:01:38 ctrl.cas3    INFO     Engage CAS3...
2022-03-07 00:01:39 ctrl.cas3    INFO     Engage CAS3...
2022-03-07 02:40:12 ctrl.cas3    INFO     



2022-03-07 02:40:12 ctrl.cas3    INFO     Starting Run!
sampleName                                                      3
protocolName                                   all_operations_new
protocolPath    f:/Torres/CasMonitorQt5/Protocols/all_operatio...
startlog                                                       87
Name: CAS3, dtype: object
2022-03-07 02:40:12 ctrl.cas3    INFO     Starting task on CAS3
2022-03-07 02:40:12 ctrl.cas3    INFO     ['CAS3', 'CAS1', 'CAS2']
2022-03-07 02:40:12 ctrl.cas3    DEBUG    ['self.incubate(cas="CAS3",incTime=0,mixAfter=0,mixVol=0.1,extraVolOut=0.0)', 'self.mix(cas="CAS3", numCycles=3, volume=0.1)', 'self.purge(cas="CAS3")', 'self.loadReagent(cas="CAS3",reagent="FORMALIN",ml=0.5,inSpeed=500,chamberSpeed=50,lineSpeed=400,washSyr="auto",washSyrReagent="MEOH")', 'self.loadReagent(cas="CAS3",reagent="MEOH",ml=0.5,inSpeed=500,chamberSpeed=50,lineSpeed=200,washSyr="auto",washSyrReagent="MEOH")', 'self.loadReagent(cas="CAS3",reagent="DYE",ml=0.2,inSpeed=200,chamberSpeed=50,lineSpeed=200,washSyr="auto",washSyrReagent="MEOH")', 'self.loadReagent(cas="CAS3",reagent="BABB",ml=0.5,inSpeed=200,chamberSpeed=25,lineSpeed=200,washSyr="auto",washSyrReagent="MEOH")']
2022-03-07 02:40:12 ctrl.cas3    DEBUG    ['Incubation', 'Mixing', 'Purge', 'Load Formalin', 'Load Dehydrant', 'Load Stain', 'Load BABB']
2022-03-07 02:40:12 ctrl.cas3    DEBUG    1
2022-03-07 02:40:12 ctrl.cas3    INFO     CAS3: Evaluating step 0
2022-03-07 02:40:12 ctrl.cas3    INFO     ['self.incubate(cas="CAS3",incTime=0,mixAfter=0,mixVol=0.1,extraVolOut=0.0)']
2022-03-07 02:40:12 ctrl.cas3    WARNING  Inc. time not > 0: 0
2022-03-07 02:40:12 ctrl.cas3    WARNING  Skipping incubation...
2022-03-07 02:40:12 ctrl.cas3    INFO     Updating progress on CAS3...
2022-03-07 02:40:12 ctrl.cas3    INFO     CAS3: Evaluating step 1
2022-03-07 02:40:12 ctrl.cas3    INFO     ['self.mix(cas="CAS3", numCycles=3, volume=0.1)']
2022-03-07 02:40:19 ctrl.cas3    INFO     MIXING CAS3, 3 TIMES, 0.1 VOLUME
2022-03-07 02:40:21 ctrl.cas3    INFO     Mixing CAS3, #1 of 3 cycles...
2022-03-07 02:40:22 ctrl.cas3    INFO     Mixing CAS3, #2 of 3 cycles...
2022-03-07 02:40:23 ctrl.cas3    INFO     Mixing CAS3, #3 of 3 cycles...
2022-03-07 02:40:24 ctrl.cas3    INFO     Updating progress on CAS3...
2022-03-07 02:40:24 ctrl.cas3    INFO     CAS3: Evaluating step 2
2022-03-07 02:40:24 ctrl.cas3    INFO     ['self.purge(cas="CAS3")']
2022-03-07 02:40:24 ctrl.cas3    INFO     PURGING CHAMBER, CAS3
2022-03-07 02:40:27 ctrl.cas3    INFO     Updating progress on CAS3...
2022-03-07 02:40:30 ctrl.cas3    INFO     CAS3: Evaluating step 3
2022-03-07 02:40:30 ctrl.cas3    INFO     ['self.loadReagent(cas="CAS3",reagent="FORMALIN",ml=0.5,inSpeed=500,chamberSpeed=50,lineSpeed=400,washSyr="auto",washSyrReagent="MEOH")']
2022-03-07 02:40:44 ctrl.cas3    INFO     ADDING FORMALIN to CAS3
2022-03-07 02:40:48 ctrl.cas3    INFO     Updating progress on CAS3...
2022-03-07 02:41:01 ctrl.cas3    INFO     CAS3: Evaluating step 4
2022-03-07 02:41:01 ctrl.cas3    INFO     ['self.loadReagent(cas="CAS3",reagent="MEOH",ml=0.5,inSpeed=500,chamberSpeed=50,lineSpeed=200,washSyr="auto",washSyrReagent="MEOH")']
2022-03-07 02:41:04 ctrl.cas3    INFO     CAS3 LINE has FORMALIN, not MEOH
2022-03-07 02:41:04 ctrl.cas3    INFO     PURGING CHAMBER, CAS3
2022-03-07 02:41:10 ctrl.cas3    INFO     ADDING MEOH to CAS3
2022-03-07 02:41:13 ctrl.cas3    INFO     Updating progress on CAS3...
2022-03-07 02:41:23 ctrl.cas3    INFO     CAS3: Evaluating step 5
2022-03-07 02:41:23 ctrl.cas3    INFO     ['self.loadReagent(cas="CAS3",reagent="DYE",ml=0.2,inSpeed=200,chamberSpeed=50,lineSpeed=200,washSyr="auto",washSyrReagent="MEOH")']
2022-03-07 02:41:45 ctrl.cas3    INFO     CAS3 LINE has MEOH, not DYE
2022-03-07 02:41:45 ctrl.cas3    INFO     PURGING CHAMBER, CAS3
2022-03-07 02:41:51 ctrl.cas3    INFO     ADDING DYE to CAS3
2022-03-07 02:42:01 ctrl.cas3    INFO     Updating progress on CAS3...
2022-03-07 02:42:04 ctrl.cas3    INFO     CAS3: Evaluating step 6
2022-03-07 02:42:04 ctrl.cas3    INFO     ['self.loadReagent(cas="CAS3",reagent="BABB",ml=0.5,inSpeed=200,chamberSpeed=25,lineSpeed=200,washSyr="auto",washSyrReagent="MEOH")']
2022-03-07 02:42:16 ctrl.cas3    INFO     CAS3 LINE has DYE, not BABB
2022-03-07 02:42:16 ctrl.cas3    INFO     PURGING CHAMBER, CAS3
2022-03-07 02:42:23 ctrl.cas3    INFO     ADDING BABB to CAS3
2022-03-07 02:42:30 ctrl.cas3    INFO     Finished all steps, starting to clean CAS3...
2022-03-07 02:42:33 ctrl.cas3    INFO     Cleaning CAS3
2022-03-07 02:42:33 ctrl.cas3    INFO     Disengage CAS3...
2022-03-07 02:42:33 ctrl.cas3    INFO     CLEANING_PREP
2022-03-07 02:42:38 ctrl.cas3    INFO     WASHING LINE
2022-03-07 02:42:48 ctrl.cas3    INFO     Finished CAS3 task!
2022-03-07 02:43:43 ctrl.cas3    INFO     Engage CAS3...
2022-03-07 02:43:53 ctrl.cas3    INFO     



2022-03-07 02:43:53 ctrl.cas3    INFO     Starting Run!
sampleName                                                      3
protocolName                                   all_operations_new
protocolPath    f:/Torres/CasMonitorQt5/Protocols/all_operatio...
startlog                                                      146
Name: CAS3, dtype: object
2022-03-07 02:43:53 ctrl.cas3    INFO     Starting task on CAS3
2022-03-07 02:43:53 ctrl.cas3    INFO     ['CAS3', 'CAS2']
2022-03-07 02:43:53 ctrl.cas3    DEBUG    ['self.incubate(cas="CAS3",incTime=0,mixAfter=0,mixVol=0.1,extraVolOut=0.0)', 'self.mix(cas="CAS3", numCycles=3, volume=0.1)', 'self.purge(cas="CAS3")', 'self.loadReagent(cas="CAS3",reagent="FORMALIN",ml=0.5,inSpeed=500,chamberSpeed=50,lineSpeed=400,washSyr="auto",washSyrReagent="MEOH")', 'self.loadReagent(cas="CAS3",reagent="MEOH",ml=0.5,inSpeed=500,chamberSpeed=50,lineSpeed=200,washSyr="auto",washSyrReagent="MEOH")', 'self.loadReagent(cas="CAS3",reagent="DYE",ml=0.2,inSpeed=200,chamberSpeed=50,lineSpeed=200,washSyr="auto",washSyrReagent="MEOH")', 'self.loadReagent(cas="CAS3",reagent="BABB",ml=0.5,inSpeed=200,chamberSpeed=25,lineSpeed=200,washSyr="auto",washSyrReagent="MEOH")']
2022-03-07 02:43:53 ctrl.cas3    DEBUG    ['Incubation', 'Mixing', 'Purge', 'Load Formalin', 'Load Dehydrant', 'Load Stain', 'Load BABB']
2022-03-07 02:43:53 ctrl.cas3    DEBUG    1
2022-03-07 02:43:53 ctrl.cas3    INFO     CAS3: Evaluating step 0
2022-03-07 02:43:53 ctrl.cas3    INFO     ['self.incubate(cas="CAS3",incTime=0,mixAfter=0,mixVol=0.1,extraVolOut=0.0)']
2022-03-07 02:43:53 ctrl.cas3    WARNING  Inc. time not > 0: 0
2022-03-07 02:43:53 ctrl.cas3    WARNING  Skipping incubation...
2022-03-07 02:43:53 ctrl.cas3    INFO     Updating progress on CAS3...
2022-03-07 02:43:54 ctrl.cas3    INFO     CAS3: Evaluating step 1
2022-03-07 02:43:54 ctrl.cas3    INFO     ['self.mix(cas="CAS3", numCycles=3, volume=0.1)']
2022-03-07 02:43:57 ctrl.cas3    INFO     MIXING CAS3, 3 TIMES, 0.1 VOLUME
2022-03-07 02:43:58 ctrl.cas3    INFO     Mixing CAS3, #1 of 3 cycles...
2022-03-07 02:43:59 ctrl.cas3    INFO     Mixing CAS3, #2 of 3 cycles...
2022-03-07 02:44:00 ctrl.cas3    INFO     Mixing CAS3, #3 of 3 cycles...
2022-03-07 02:44:01 ctrl.cas3    INFO     Updating progress on CAS3...
2022-03-07 02:44:01 ctrl.cas3    INFO     CAS3: Evaluating step 2
2022-03-07 02:44:01 ctrl.cas3    INFO     ['self.purge(cas="CAS3")']
2022-03-07 02:44:01 ctrl.cas3    INFO     PURGING CHAMBER, CAS3
2022-03-07 02:44:04 ctrl.cas3    INFO     Updating progress on CAS3...
2022-03-07 02:44:12 ctrl.cas3    INFO     CAS3: Evaluating step 3
2022-03-07 02:44:12 ctrl.cas3    INFO     ['self.loadReagent(cas="CAS3",reagent="FORMALIN",ml=0.5,inSpeed=500,chamberSpeed=50,lineSpeed=400,washSyr="auto",washSyrReagent="MEOH")']
2022-03-07 02:44:22 ctrl.cas3    INFO     ADDING FORMALIN to CAS3
2022-03-07 02:44:26 ctrl.cas3    INFO     Updating progress on CAS3...
2022-03-07 02:44:30 ctrl.cas3    INFO     CAS3: Evaluating step 4
2022-03-07 02:44:30 ctrl.cas3    INFO     ['self.loadReagent(cas="CAS3",reagent="MEOH",ml=0.5,inSpeed=500,chamberSpeed=50,lineSpeed=200,washSyr="auto",washSyrReagent="MEOH")']
2022-03-07 02:44:34 ctrl.cas3    INFO     CAS3 LINE has FORMALIN, not MEOH
2022-03-07 02:44:34 ctrl.cas3    INFO     PURGING CHAMBER, CAS3
2022-03-07 02:44:40 ctrl.cas3    INFO     ADDING MEOH to CAS3
2022-03-07 02:44:43 ctrl.cas3    INFO     Updating progress on CAS3...
2022-03-07 02:44:43 ctrl.cas3    INFO     CAS3: Evaluating step 5
2022-03-07 02:44:43 ctrl.cas3    INFO     ['self.loadReagent(cas="CAS3",reagent="DYE",ml=0.2,inSpeed=200,chamberSpeed=50,lineSpeed=200,washSyr="auto",washSyrReagent="MEOH")']
2022-03-07 02:44:50 ctrl.cas3    INFO     CAS3 LINE has MEOH, not DYE
2022-03-07 02:44:50 ctrl.cas3    INFO     PURGING CHAMBER, CAS3
2022-03-07 02:44:53 ctrl.cas3    INFO     ADDING DYE to CAS3
2022-03-07 02:45:02 ctrl.cas3    INFO     Updating progress on CAS3...
2022-03-07 02:45:06 ctrl.cas3    INFO     CAS3: Evaluating step 6
2022-03-07 02:45:06 ctrl.cas3    INFO     ['self.loadReagent(cas="CAS3",reagent="BABB",ml=0.5,inSpeed=200,chamberSpeed=25,lineSpeed=200,washSyr="auto",washSyrReagent="MEOH")']
2022-03-07 02:45:09 ctrl.cas3    INFO     Trying to cancel CAS3, getting active tasks...
2022-03-07 02:45:09 ctrl.cas3    INFO     ['CAS3', 'CAS1']
2022-03-07 02:45:18 ctrl.cas3    INFO     SHUTDOWN CAS3
2022-03-07 02:45:18 ctrl.cas3    INFO     Disengage CAS3...
2022-03-07 02:45:18 ctrl.cas3    INFO     EMPTYING SYRINGE
2022-03-07 02:45:20 ctrl.cas3    INFO     Cleaning CAS3
2022-03-07 02:45:20 ctrl.cas3    INFO     Disengage CAS3...
2022-03-07 02:45:20 ctrl.cas3    INFO     CLEANING_PREP
2022-03-07 02:45:25 ctrl.cas3    INFO     WASHING LINE
2022-03-07 02:45:35 ctrl.cas3    INFO     ['CAS1']
2022-03-07 02:45:35 ctrl.cas3    INFO     The run on CAS3 has been cancelled? True.
2022-03-08 04:31:47 ctrl.cas3    INFO     Disengage CAS3...
2022-03-08 04:31:47 ctrl.cas3    INFO     Disengage CAS3...
2022-03-08 04:31:47 ctrl.cas3    INFO     Disengage CAS3...
2022-03-08 04:31:50 ctrl.cas3    INFO     Engage CAS3...
2022-03-08 04:31:50 ctrl.cas3    INFO     Engage CAS3...
2022-03-08 04:31:50 ctrl.cas3    INFO     Engage CAS3...
