2020-09-14 12:51:57 ctrl.casA    INFO     Engage CasA...
2020-09-14 12:52:01 ctrl.casA    INFO     



2020-09-14 12:52:01 ctrl.casA    INFO     Starting Run!
sampleName                                                asdas
protocolName                                       anotherprot2
protocolPath    /home/pi/CasMonitor/Protocols/anotherprot2.json
startlog                                                      4
Name: casA, dtype: object
2020-09-14 12:52:01 ctrl.casA    INFO     Starting task on casA
2020-09-14 12:52:01 ctrl.casA    INFO     ['casA']
2020-09-14 12:52:01 ctrl.casA    INFO     casA: Evaluating step 0
2020-09-14 12:52:01 ctrl.casA    INFO     ['self.incubate(casL="A",incTime=7200,mixAfter=120)']
2020-09-14 12:52:01 ctrl.casA    INFO     INCUBATING CasA
2020-09-14 12:52:31 ctrl.casA    INFO     CasA publishing secs-remaining!
2020-09-14 12:53:01 ctrl.casA    INFO     CasA publishing secs-remaining!
2020-09-14 12:53:31 ctrl.casA    INFO     CasA publishing secs-remaining!
2020-09-14 12:54:01 ctrl.casA    INFO     CasA publishing secs-remaining!
2020-09-14 12:54:01 ctrl.casA    INFO     Mixing CasA...
2020-09-14 12:54:33 ctrl.casA    INFO     CasA publishing secs-remaining!
2020-09-14 12:55:03 ctrl.casA    INFO     CasA publishing secs-remaining!
2020-09-14 12:55:33 ctrl.casA    INFO     CasA publishing secs-remaining!
2020-09-14 12:56:03 ctrl.casA    INFO     CasA publishing secs-remaining!
2020-09-14 12:56:03 ctrl.casA    INFO     Mixing CasA...
2020-09-14 12:56:35 ctrl.casA    INFO     CasA publishing secs-remaining!
2020-09-14 12:57:06 ctrl.casA    INFO     CasA publishing secs-remaining!
2020-09-14 12:57:36 ctrl.casA    INFO     CasA publishing secs-remaining!
2020-09-14 12:58:06 ctrl.casA    INFO     CasA publishing secs-remaining!
2020-09-14 12:58:06 ctrl.casA    INFO     Mixing CasA...
2020-09-14 12:58:38 ctrl.casA    INFO     CasA publishing secs-remaining!
2020-09-14 12:59:08 ctrl.casA    INFO     CasA publishing secs-remaining!
2020-09-14 12:59:38 ctrl.casA    INFO     CasA publishing secs-remaining!
2020-09-14 13:00:08 ctrl.casA    INFO     CasA publishing secs-remaining!
2020-09-14 13:00:08 ctrl.casA    INFO     Mixing CasA...
2020-09-14 13:00:40 ctrl.casA    INFO     CasA publishing secs-remaining!
2020-09-14 13:01:10 ctrl.casA    INFO     CasA publishing secs-remaining!
2020-09-14 13:01:12 ctrl.casA    INFO     Trying to cancel casA, getting active tasks...
2020-09-14 13:01:12 ctrl.casA    INFO     ['casA']
2020-09-14 13:01:12 ctrl.casA    INFO     SHUTDOWN CasA
