2020-09-24 17:15:55 ctrl.casC    INFO     Engage CasC...
2020-09-24 17:16:00 ctrl.casC    INFO     



2020-09-24 17:16:00 ctrl.casC    INFO     Starting Run!
sampleName                                                asdfasd
protocolName                                              asawash
protocolPath    /home/jackr/SampleMonitor/Git/CasQML/Protocols...
startlog                                                        4
Name: casC, dtype: object
2020-09-24 17:16:00 ctrl.casC    INFO     Starting task on casC
2020-09-24 17:16:00 ctrl.casC    INFO     ['casC']
2020-09-24 17:16:02 ctrl.casC    INFO     Trying to cancel casC, getting active tasks...
2020-09-24 17:16:02 ctrl.casC    INFO     []
2020-09-24 17:16:02 ctrl.casC    WARNING  casC is not running a protocol...
2020-09-24 17:17:47 ctrl.casC    INFO     Engage CasC...
2020-09-24 17:17:57 ctrl.casC    INFO     



2020-09-24 17:17:57 ctrl.casC    INFO     Starting Run!
sampleName                                                sadfasd
protocolName                                              asawash
protocolPath    /home/jackr/SampleMonitor/Git/CasQML/Protocols...
startlog                                                       20
Name: casC, dtype: object
2020-09-24 17:17:57 ctrl.casC    INFO     Starting task on casC
2020-09-24 17:17:57 ctrl.casC    INFO     ['casC', 'casB']
2020-09-24 17:17:57 ctrl.casC    INFO     casC: Evaluating step 0
2020-09-24 17:17:57 ctrl.casC    INFO     ['self.loadReagent(casL="C",loadstr="Formalin",reagent="formalin",vol=0.6,speed=0.66, washSyr=True)']
2020-09-24 17:17:57 ctrl.casC    INFO     PURGING CHAMBER, CasC
2020-09-24 17:17:58 ctrl.casC    INFO     WASHING SYRINGE WITH Formalin
2020-09-24 17:17:59 ctrl.casC    INFO     ADDING Formalin TO CasC
2020-09-24 17:18:01 ctrl.casC    INFO     CasC CURRENT FLUID: formalin
2020-09-24 17:18:01 ctrl.casC    INFO     CasC: Reagent (formalin) and residual fluid (unk) do not require a density adjustment.
2020-09-24 17:18:01 ctrl.casC    INFO     FINISHED LOADING Formalin TO CasC, Time: 4.01s
2020-09-24 17:18:01 ctrl.casC    INFO     Updating progress on casC...
2020-09-24 17:18:05 ctrl.casC    INFO     casC: Evaluating step 1
2020-09-24 17:18:05 ctrl.casC    INFO     ['self.loadReagent(casL="C",loadstr="Dehydrant",reagent="meoh",vol=0.6,speed=0.2, washSyr=True)']
2020-09-24 17:18:05 ctrl.casC    INFO     PURGING CHAMBER, CasC
2020-09-24 17:18:06 ctrl.casC    INFO     WASHING SYRINGE WITH Dehydrant
2020-09-24 17:18:07 ctrl.casC    INFO     ADDING Dehydrant TO CasC
2020-09-24 17:18:09 ctrl.casC    INFO     CasC CURRENT FLUID: meoh
2020-09-24 17:18:09 ctrl.casC    INFO     CasC SETTLE TIME: 15
2020-09-24 17:18:14 ctrl.casC    INFO     Trying to cancel casC, getting active tasks...
2020-09-24 17:18:14 ctrl.casC    INFO     ['casC']
2020-09-24 17:18:14 ctrl.casC    INFO     Trying to cancel casC, getting active tasks...
2020-09-24 17:18:14 ctrl.casC    INFO     ['casC']
2020-09-24 17:18:14 ctrl.casC    CRITICAL status                                                    stopping
stepNum                                                          2
secsRemaining                                                   90
currentFluid                                                  meoh
engaged                                                       True
protocolList     [self.loadReagent(casL="C",loadstr="Formalin",...
progressNames          [Load Formalin, Load Dehydrant, Load Stain]
stepTimes                                             [90, 90, 90]
sampleName                                                 sadfasd
protocolPath     /home/jackr/SampleMonitor/Git/CasQML/Protocols...
protocolName                                               asawash
startlog                                                        20
endlog                                                          36
Name: casC, dtype: object
2020-09-24 17:18:14 ctrl.casC    CRITICAL 
2020-09-24 17:18:14 ctrl.casC    INFO     ['casC']
2020-09-24 17:18:14 ctrl.casC    INFO     Checking to cancel task on casC..? False
2020-09-24 17:18:14 ctrl.casC    INFO     The run on casC has been cancelled? False.
2020-09-24 17:18:14 ctrl.casC    INFO     Updating progress on casC...
2020-09-24 17:18:15 ctrl.casC    INFO     SHUTDOWN CasC
2020-09-24 17:18:15 ctrl.casC    INFO     Disengage CasC...
2020-09-24 17:18:15 ctrl.casC    INFO     Cleaning line for CasC
2020-09-24 17:18:15 ctrl.casC    INFO     PURGING LINE, CasC
2020-09-24 17:18:20 ctrl.casC    INFO     MEOH WASH of CasC LINE
2020-09-24 17:18:20 ctrl.casC    INFO     REMOVING MEOH WASH from LINE, CasC
2020-09-24 17:18:20 ctrl.casC    INFO     Shutdown Time: 5.01s
2020-09-24 17:18:20 ctrl.casC    INFO     []
2020-09-24 17:18:20 ctrl.casC    INFO     The run on casC has been cancelled? True.
2020-09-24 17:18:20 ctrl.casC    INFO     SHUTDOWN CasC
2020-09-24 17:18:20 ctrl.casC    INFO     Disengage CasC...
2020-09-24 17:18:20 ctrl.casC    INFO     Cleaning line for CasC
2020-09-24 17:18:20 ctrl.casC    INFO     PURGING LINE, CasC
2020-09-24 17:18:25 ctrl.casC    INFO     MEOH WASH of CasC LINE
2020-09-24 17:18:25 ctrl.casC    INFO     REMOVING MEOH WASH from LINE, CasC
2020-09-24 17:18:25 ctrl.casC    INFO     Shutdown Time: 5.01s
2020-09-24 17:18:25 ctrl.casC    INFO     []
2020-09-24 17:18:25 ctrl.casC    INFO     The run on casC has been cancelled? True.
2020-09-24 17:32:08 ctrl.casC    INFO     Engage CasC...
2020-09-24 17:32:25 ctrl.casC    INFO     



2020-09-24 17:32:25 ctrl.casC    INFO     Starting Run!
sampleName                                                sadfsad
protocolName                                              asawash
protocolPath    /home/jackr/SampleMonitor/Git/CasQML/Protocols...
startlog                                                       90
Name: casC, dtype: object
2020-09-24 17:32:25 ctrl.casC    INFO     Starting task on casC
2020-09-24 17:32:25 ctrl.casC    INFO     ['casC', 'casA', 'casB']
2020-09-24 17:32:25 ctrl.casC    INFO     casC: Evaluating step 0
2020-09-24 17:32:25 ctrl.casC    INFO     ['self.loadReagent(casL="C",loadstr="Formalin",reagent="formalin",vol=0.6,speed=0.66, washSyr=True)']
2020-09-24 17:32:29 ctrl.casC    INFO     PURGING CHAMBER, CasC
2020-09-24 17:32:30 ctrl.casC    INFO     WASHING SYRINGE WITH Formalin
2020-09-24 17:32:31 ctrl.casC    INFO     ADDING Formalin TO CasC
2020-09-24 17:32:33 ctrl.casC    INFO     CasC CURRENT FLUID: formalin
2020-09-24 17:32:33 ctrl.casC    INFO     CasC: Reagent (formalin) and residual fluid (unk) do not require a density adjustment.
2020-09-24 17:32:33 ctrl.casC    INFO     FINISHED LOADING Formalin TO CasC, Time: 4.01s
2020-09-24 17:32:33 ctrl.casC    INFO     Updating progress on casC...
2020-09-24 17:32:33 ctrl.casC    INFO     casC: Evaluating step 1
2020-09-24 17:32:33 ctrl.casC    INFO     ['self.loadReagent(casL="C",loadstr="Dehydrant",reagent="meoh",vol=0.6,speed=0.2, washSyr=True)']
2020-09-24 17:32:46 ctrl.casC    INFO     PURGING CHAMBER, CasC
2020-09-24 17:32:47 ctrl.casC    INFO     WASHING SYRINGE WITH Dehydrant
2020-09-24 17:32:48 ctrl.casC    INFO     ADDING Dehydrant TO CasC
2020-09-24 17:32:50 ctrl.casC    INFO     CasC CURRENT FLUID: meoh
2020-09-24 17:32:50 ctrl.casC    INFO     CasC SETTLE TIME: 15
2020-09-24 17:32:50 ctrl.casC    INFO     Trying to cancel casC, getting active tasks...
2020-09-24 17:32:50 ctrl.casC    INFO     ['casB', 'casC', 'casD']
2020-09-24 17:32:50 ctrl.casC    CRITICAL status                                                    stopping
stepNum                                                          2
secsRemaining                                                   90
currentFluid                                                  meoh
engaged                                                       True
protocolList     [self.loadReagent(casL="C",loadstr="Formalin",...
progressNames          [Load Formalin, Load Dehydrant, Load Stain]
stepTimes                                             [90, 90, 90]
sampleName                                                 sadfsad
protocolPath     /home/jackr/SampleMonitor/Git/CasQML/Protocols...
protocolName                                               asawash
startlog                                                        90
endlog                                                         106
Name: casC, dtype: object
2020-09-24 17:32:50 ctrl.casC    CRITICAL 
2020-09-24 17:32:50 ctrl.casC    INFO     ['casB', 'casC', 'casD']
2020-09-24 17:32:50 ctrl.casC    INFO     Checking to cancel task on casC..? False
2020-09-24 17:32:50 ctrl.casC    INFO     The run on casC has been cancelled? False.
2020-09-24 17:32:50 ctrl.casC    INFO     Updating progress on casC...
2020-09-24 17:32:55 ctrl.casC    INFO     SHUTDOWN CasC
2020-09-24 17:32:55 ctrl.casC    INFO     Disengage CasC...
2020-09-24 17:32:55 ctrl.casC    INFO     Cleaning line for CasC
2020-09-24 17:32:55 ctrl.casC    INFO     PURGING LINE, CasC
2020-09-24 17:33:00 ctrl.casC    INFO     MEOH WASH of CasC LINE
2020-09-24 17:33:00 ctrl.casC    INFO     REMOVING MEOH WASH from LINE, CasC
2020-09-24 17:33:00 ctrl.casC    INFO     Shutdown Time: 5.00s
2020-09-24 17:33:00 ctrl.casC    INFO     ['casD']
2020-09-24 17:33:00 ctrl.casC    INFO     The run on casC has been cancelled? True.
2020-09-24 17:50:04 ctrl.casC    INFO     Engage CasC...
2020-09-24 17:51:45 ctrl.casC    INFO     Engage CasC...
2020-09-24 17:51:55 ctrl.casC    INFO     



2020-09-24 17:51:55 ctrl.casC    INFO     Starting Run!
sampleName                                                asdfsda
protocolName                                             otherops
protocolPath    /home/jackr/SampleMonitor/Git/CasQML/Protocols...
startlog                                                      150
Name: casC, dtype: object
2020-09-24 17:51:55 ctrl.casC    INFO     Starting task on casC
2020-09-24 17:51:55 ctrl.casC    INFO     ['casC']
2020-09-24 17:58:51 ctrl.casC    INFO     Engage CasC...
2020-09-24 17:59:24 ctrl.casC    INFO     Engage CasC...
2020-09-24 18:04:48 ctrl.casC    INFO     Engage CasC...
2020-09-24 18:05:11 ctrl.casC    INFO     Engage CasC...
2020-09-24 22:46:02 ctrl.casC    INFO     Engage CasC...
2020-09-24 22:46:13 ctrl.casC    INFO     



2020-09-24 22:46:13 ctrl.casC    INFO     Starting Run!
sampleName                                                asdfasd
protocolName                                             otherops
protocolPath    /home/jackr/SampleMonitor/Git/CasQML/Protocols...
startlog                                                      167
Name: casC, dtype: object
2020-09-24 22:46:13 ctrl.casC    INFO     Starting task on casC
2020-09-24 22:46:13 ctrl.casC    INFO     ['casA', 'casC', 'casB']
2020-09-24 22:46:13 ctrl.casC    DEBUG    ['self.mix(casL="C", numCycles=3, volume=1.0)', 'self.incubate(casL="C",incTime=48,mixAfter=7)', 'self.purge(casL="C")']
2020-09-24 22:46:13 ctrl.casC    DEBUG    ['Mixing', 'Incubation', 'Purge']
2020-09-24 22:46:13 ctrl.casC    DEBUG    1
2020-09-24 22:46:13 ctrl.casC    INFO     casC: Evaluating step 0
2020-09-24 22:46:13 ctrl.casC    INFO     ['self.mix(casL="C", numCycles=3, volume=1.0)']
2020-09-24 22:46:19 ctrl.casC    INFO     MIXING CasC, 3 TIMES, 1.0 VOLUME
2020-09-24 22:46:19 ctrl.casC    INFO     Mixing C, #1 of 3 cycles...
2020-09-24 22:46:21 ctrl.casC    INFO     Mixing C, #2 of 3 cycles...
2020-09-24 22:46:23 ctrl.casC    INFO     Mixing C, #3 of 3 cycles...
2020-09-24 22:46:25 ctrl.casC    INFO     Updating progress on casC...
2020-09-24 22:46:26 ctrl.casC    INFO     casC: Evaluating step 1
2020-09-24 22:46:26 ctrl.casC    INFO     ['self.incubate(casL="C",incTime=48,mixAfter=7)']
2020-09-24 22:46:26 ctrl.casC    INFO     INCUBATING CasC
2020-09-24 22:46:46 ctrl.casC    INFO     Mixing CasC...
2020-09-24 22:46:47 ctrl.casC    INFO     Inc. Mix Time: 1.00s
2020-09-24 22:46:49 ctrl.casC    INFO     Mixing CasC...
2020-09-24 22:46:50 ctrl.casC    INFO     Inc. Mix Time: 1.00s
2020-09-24 22:46:50 ctrl.casC    INFO     Trying to cancel casC, getting active tasks...
2020-09-24 22:46:50 ctrl.casC    INFO     ['casA', 'casD', 'casB', 'casE', 'casC', 'casF']
2020-09-24 22:46:55 ctrl.casC    INFO     SHUTDOWN CasC
2020-09-24 22:46:55 ctrl.casC    INFO     Disengage CasC...
2020-09-24 22:46:55 ctrl.casC    INFO     Cleaning line for CasC
2020-09-24 22:46:55 ctrl.casC    INFO     PURGING LINE, CasC
2020-09-24 22:47:00 ctrl.casC    INFO     MEOH WASH of CasC LINE
2020-09-24 22:47:00 ctrl.casC    INFO     REMOVING MEOH WASH from LINE, CasC
2020-09-24 22:47:00 ctrl.casC    INFO     Shutdown Time: 5.01s
2020-09-24 22:47:00 ctrl.casC    INFO     ['casA', 'casD', 'casB', 'casE', 'casF']
2020-09-24 22:47:00 ctrl.casC    INFO     The run on casC has been cancelled? True.
2020-09-24 22:50:36 ctrl.casC    INFO     Engage CasC...
2020-09-24 22:59:05 ctrl.casC    INFO     Engage CasC...
2020-09-24 22:59:38 ctrl.casC    INFO     Engage CasC...
2020-09-24 22:59:58 ctrl.casC    INFO     Engage CasC...
2020-09-24 23:00:20 ctrl.casC    INFO     



2020-09-24 23:00:20 ctrl.casC    INFO     Starting Run!
sampleName                                            asdfsadfasd
protocolName                                             otherops
protocolPath    /home/jackr/SampleMonitor/Git/CasQML/Protocols...
startlog                                                      211
Name: casC, dtype: object
2020-09-24 23:00:20 ctrl.casC    INFO     Starting task on casC
2020-09-24 23:00:20 ctrl.casC    INFO     ['casB', 'casA', 'casC']
2020-09-24 23:00:20 ctrl.casC    DEBUG    ['self.mix(casL="C", numCycles=3, volume=1.0)', 'self.incubate(casL="C",incTime=48,mixAfter=7)', 'self.purge(casL="C")']
2020-09-24 23:00:20 ctrl.casC    DEBUG    ['Mixing', 'Incubation', 'Purge']
2020-09-24 23:00:20 ctrl.casC    DEBUG    1
2020-09-24 23:00:20 ctrl.casC    INFO     casC: Evaluating step 0
2020-09-24 23:00:20 ctrl.casC    INFO     ['self.mix(casL="C", numCycles=3, volume=1.0)']
2020-09-24 23:00:26 ctrl.casC    INFO     MIXING CasC, 3 TIMES, 1.0 VOLUME
2020-09-24 23:00:26 ctrl.casC    INFO     Mixing C, #1 of 3 cycles...
2020-09-24 23:00:28 ctrl.casC    INFO     Mixing C, #2 of 3 cycles...
2020-09-24 23:00:30 ctrl.casC    INFO     Mixing C, #3 of 3 cycles...
2020-09-24 23:00:32 ctrl.casC    INFO     Updating progress on casC...
2020-09-24 23:00:33 ctrl.casC    INFO     casC: Evaluating step 1
2020-09-24 23:00:33 ctrl.casC    INFO     ['self.incubate(casL="C",incTime=48,mixAfter=7)']
2020-09-24 23:00:33 ctrl.casC    INFO     INCUBATING CasC
2020-09-24 23:00:57 ctrl.casC    INFO     Mixing CasC...
2020-09-24 23:00:58 ctrl.casC    INFO     Inc. Mix Time: 1.00s
2020-09-24 23:00:59 ctrl.casC    INFO     Mixing CasC...
2020-09-24 23:01:00 ctrl.casC    INFO     Inc. Mix Time: 1.00s
2020-09-24 23:01:04 ctrl.casC    INFO     Mixing CasC...
2020-09-24 23:01:05 ctrl.casC    INFO     Inc. Mix Time: 1.00s
2020-09-24 23:01:10 ctrl.casC    INFO     Mixing CasC...
2020-09-24 23:01:11 ctrl.casC    INFO     Inc. Mix Time: 1.00s
2020-09-24 23:01:15 ctrl.casC    INFO     Mixing CasC...
2020-09-24 23:01:16 ctrl.casC    INFO     Inc. Mix Time: 1.00s
2020-09-24 23:01:20 ctrl.casC    INFO     Mixing CasC...
2020-09-24 23:01:21 ctrl.casC    INFO     Inc. Mix Time: 1.00s
2020-09-24 23:01:25 ctrl.casC    INFO     Mixing CasC...
2020-09-24 23:01:27 ctrl.casC    INFO     Trying to cancel casC, getting active tasks...
2020-09-24 23:01:27 ctrl.casC    INFO     ['casE', 'casF', 'casD', 'casA']
2020-09-24 23:01:27 ctrl.casC    WARNING  casC is not running a protocol...
2020-09-24 23:01:38 ctrl.casC    INFO     Engage CasC...
2020-09-24 23:02:30 ctrl.casC    INFO     Engage CasC...
2020-09-24 23:05:31 ctrl.casC    INFO     Engage CasC...
2020-09-24 23:22:26 ctrl.casC    INFO     Engage CasC...
2020-09-24 23:22:56 ctrl.casC    INFO     



2020-09-24 23:22:56 ctrl.casC    INFO     Starting Run!
sampleName                                             asdfasdfas
protocolName                                              asawash
protocolPath    /home/jackr/SampleMonitor/Git/CasQML/Protocols...
startlog                                                      256
Name: casC, dtype: object
2020-09-24 23:22:56 ctrl.casC    INFO     Starting task on casC
2020-09-24 23:22:56 ctrl.casC    INFO     ['casB', 'casA', 'casC']
2020-09-24 23:22:56 ctrl.casC    DEBUG    ['self.loadReagent(casL="C",loadstr="Formalin",reagent="formalin",vol=0.6,speed=0.66, washSyr=True)', 'self.loadReagent(casL="C",loadstr="Dehydrant",reagent="meoh",vol=0.6,speed=0.2, washSyr=True)', 'self.loadReagent(casL="C",loadstr="Stain",reagent="vial",vol=0.6,speed=1, washSyr=False)']
2020-09-24 23:22:56 ctrl.casC    DEBUG    ['Load Formalin', 'Load Dehydrant', 'Load Stain']
2020-09-24 23:22:56 ctrl.casC    DEBUG    1
2020-09-24 23:22:56 ctrl.casC    INFO     casC: Evaluating step 0
2020-09-24 23:22:56 ctrl.casC    INFO     ['self.loadReagent(casL="C",loadstr="Formalin",reagent="formalin",vol=0.6,speed=0.66, washSyr=True)']
2020-09-24 23:23:01 ctrl.casC    INFO     PURGING CHAMBER, CasC
2020-09-24 23:23:02 ctrl.casC    INFO     WASHING SYRINGE WITH Formalin
2020-09-24 23:23:03 ctrl.casC    INFO     ADDING Formalin TO CasC
2020-09-24 23:23:05 ctrl.casC    INFO     CasC CURRENT FLUID: formalin
2020-09-24 23:23:05 ctrl.casC    INFO     CasC: Reagent (formalin) and residual fluid (unk) do not require a density adjustment.
2020-09-24 23:23:05 ctrl.casC    INFO     FINISHED LOADING Formalin TO CasC, Time: 4.01s
2020-09-24 23:23:05 ctrl.casC    INFO     Updating progress on casC...
2020-09-24 23:23:09 ctrl.casC    INFO     casC: Evaluating step 1
2020-09-24 23:23:09 ctrl.casC    INFO     ['self.loadReagent(casL="C",loadstr="Dehydrant",reagent="meoh",vol=0.6,speed=0.2, washSyr=True)']
2020-09-24 23:23:14 ctrl.casC    INFO     PURGING CHAMBER, CasC
2020-09-24 23:23:15 ctrl.casC    INFO     WASHING SYRINGE WITH Dehydrant
2020-09-24 23:23:16 ctrl.casC    INFO     ADDING Dehydrant TO CasC
2020-09-24 23:23:18 ctrl.casC    INFO     CasC CURRENT FLUID: meoh
2020-09-24 23:23:18 ctrl.casC    INFO     Pump out (0.1mL) to give room for sucking residual fluid in...
2020-09-24 23:23:18 ctrl.casC    INFO     CasC SETTLE TIME: 15
2020-09-24 23:23:33 ctrl.casC    INFO     CasC: Reagent (meoh) is less dense than residual fluid (formalin). Pump in 0.1mL to suck in residual fluid.
2020-09-24 23:23:33 ctrl.casC    INFO     Updating progress on casC...
2020-09-24 23:23:33 ctrl.casC    INFO     casC: Evaluating step 2
2020-09-24 23:23:33 ctrl.casC    INFO     ['self.loadReagent(casL="C",loadstr="Stain",reagent="vial",vol=0.6,speed=1, washSyr=False)']
2020-09-24 23:23:34 ctrl.casC    INFO     PURGING CHAMBER, CasC
2020-09-24 23:23:35 ctrl.casC    INFO     ADDING Stain TO CasC
2020-09-24 23:23:37 ctrl.casC    INFO     CasC CURRENT FLUID: vial
2020-09-24 23:23:37 ctrl.casC    INFO     CasC: Reagent (vial) and residual fluid (meoh) do not require a density adjustment.
2020-09-24 23:23:37 ctrl.casC    INFO     FINISHED LOADING Stain TO CasC, Time: 3.01s
2020-09-24 23:23:37 ctrl.casC    INFO     Finished all steps, starting to clean casC...
2020-09-24 23:23:37 ctrl.casC    INFO     Disengage CasC...
2020-09-24 23:23:37 ctrl.casC    INFO     Cleaning line for CasC
2020-09-24 23:23:37 ctrl.casC    INFO     PURGING LINE, CasC
2020-09-24 23:23:42 ctrl.casC    INFO     MEOH WASH of CasC LINE
2020-09-24 23:23:42 ctrl.casC    INFO     REMOVING MEOH WASH from LINE, CasC
2020-09-24 23:23:42 ctrl.casC    INFO     Clean Time: 5.01s
2020-09-24 23:23:42 ctrl.casC    INFO     Finished casC task!
2020-09-24 23:23:50 ctrl.casC    INFO     Engage CasC...
2020-09-24 23:40:28 ctrl.casC    INFO     Engage CasC...
2020-09-24 23:43:24 ctrl.casC    INFO     Engage CasC...
2020-09-24 23:48:23 ctrl.casC    INFO     Engage CasC...
2020-09-24 23:55:16 ctrl.casC    INFO     Engage CasC...
2020-09-25 00:00:39 ctrl.casC    INFO     Engage CasC...
2020-09-25 00:01:45 ctrl.casC    INFO     Engage CasC...
2020-09-25 00:02:19 ctrl.casC    INFO     Engage CasC...
2020-09-25 02:32:35 ctrl.casC    INFO     Engage CasC...
2020-09-25 02:49:46 ctrl.casC    INFO     Engage CasC...
2020-09-25 02:52:49 ctrl.casC    INFO     Engage CasC...
2020-09-25 02:54:20 ctrl.casC    INFO     Engage CasC...
2020-09-25 03:07:02 ctrl.casC    INFO     Engage CasC...
2020-09-25 03:10:24 ctrl.casC    INFO     Engage CasC...
2020-09-25 03:11:01 ctrl.casC    INFO     INCUBATING CasC
2020-09-25 03:11:43 ctrl.casC    INFO     Engage CasC...
2020-09-25 03:11:49 ctrl.casC    INFO     INCUBATING CasC
2020-09-25 03:13:48 ctrl.casC    INFO     Engage CasC...
2020-09-25 03:15:04 ctrl.casC    INFO     PURGING CHAMBER, CasC
2020-09-25 03:15:05 ctrl.casC    INFO     WASHING SYRINGE WITH meoh
2020-09-25 03:15:06 ctrl.casC    INFO     ADDING meoh TO CasC
2020-09-25 03:15:09 ctrl.casC    INFO     CasC CURRENT FLUID: meoh
2020-09-25 03:15:09 ctrl.casC    INFO     CasC: Reagent (meoh) and residual fluid (vial) do not require a density adjustment.
2020-09-25 03:15:09 ctrl.casC    INFO     FINISHED LOADING meoh TO CasC, Time: 4.01s
2020-09-25 03:16:38 ctrl.casC    INFO     PURGING CHAMBER, CasC
2020-09-25 03:16:39 ctrl.casC    INFO     WASHING SYRINGE WITH babb
2020-09-25 03:16:40 ctrl.casC    INFO     ADDING babb TO CasC
2020-09-25 03:16:44 ctrl.casC    INFO     CasC CURRENT FLUID: babb
2020-09-25 03:16:44 ctrl.casC    INFO     CasC SETTLE TIME: 15
2020-09-25 03:16:44 ctrl.casC    INFO     PURGING CHAMBER, CasC
2020-09-25 03:16:45 ctrl.casC    INFO     WASHING SYRINGE WITH babb
2020-09-25 03:16:46 ctrl.casC    INFO     ADDING babb TO CasC
2020-09-25 03:16:50 ctrl.casC    INFO     CasC CURRENT FLUID: babb
2020-09-25 03:16:50 ctrl.casC    INFO     CasC: Reagent (babb) and residual fluid (babb) do not require a density adjustment.
2020-09-25 03:16:50 ctrl.casC    INFO     FINISHED LOADING babb TO CasC, Time: 6.01s
2020-09-25 03:16:50 ctrl.casC    INFO     PURGING CHAMBER, CasC
2020-09-25 03:16:51 ctrl.casC    INFO     WASHING SYRINGE WITH meoh
2020-09-25 03:16:52 ctrl.casC    INFO     ADDING meoh TO CasC
2020-09-25 03:16:56 ctrl.casC    INFO     CasC CURRENT FLUID: babb
2020-09-25 03:16:56 ctrl.casC    INFO     CasC: Reagent (babb) and residual fluid (babb) do not require a density adjustment.
2020-09-25 03:16:56 ctrl.casC    INFO     FINISHED LOADING meoh TO CasC, Time: 6.01s
2020-09-25 03:24:07 ctrl.casC    INFO     Engage CasC...
2020-09-25 03:24:17 ctrl.casC    INFO     INCUBATING CasC
2020-09-25 03:24:37 ctrl.casC    INFO     Mixing CasC...
2020-09-25 03:24:38 ctrl.casC    INFO     Inc. Mix Time: 1.00s
2020-09-25 03:24:48 ctrl.casC    INFO     CasC publishing secs-remaining and new task DF!
2020-09-25 03:24:58 ctrl.casC    INFO     Mixing CasC...
2020-09-25 03:24:59 ctrl.casC    INFO     Inc. Mix Time: 1.00s
2020-09-25 03:25:20 ctrl.casC    INFO     Mixing CasC...
2020-09-25 03:25:21 ctrl.casC    INFO     Inc. Mix Time: 1.00s
2020-09-25 03:25:21 ctrl.casC    INFO     FINISHED INCUBATION of CasC
2020-09-25 03:26:31 ctrl.casC    INFO     Engage CasC...
2020-09-25 03:26:40 ctrl.casC    INFO     INCUBATING CasC
2020-09-25 03:27:16 ctrl.casC    INFO     Engage CasC...
2020-09-25 03:27:21 ctrl.casC    INFO     INCUBATING CasC
2020-09-25 03:35:44 ctrl.casC    INFO     Engage CasC...
2020-09-25 03:35:53 ctrl.casC    INFO     INCUBATING CasC
2020-09-25 03:36:36 ctrl.casC    INFO     PURGING CHAMBER, CasC
2020-09-25 03:36:37 ctrl.casC    INFO     WASHING SYRINGE WITH babb
2020-09-25 03:36:38 ctrl.casC    INFO     ADDING babb TO CasC
2020-09-25 03:36:42 ctrl.casC    INFO     CasC CURRENT FLUID: babb
2020-09-25 03:36:42 ctrl.casC    INFO     CasC: Reagent (babb) and residual fluid (babb) do not require a density adjustment.
2020-09-25 03:36:42 ctrl.casC    INFO     FINISHED LOADING babb TO CasC, Time: 6.01s
2020-09-25 04:08:06 ctrl.casC    INFO     Engage CasC...
2020-09-25 04:13:35 ctrl.casC    INFO     INCUBATING CasC
2020-09-25 04:24:57 ctrl.casC    INFO     Engage CasC...
2020-09-25 04:25:11 ctrl.casC    INFO     PURGING CHAMBER, CasC
2020-09-25 04:25:12 ctrl.casC    INFO     WASHING SYRINGE WITH formalin
2020-09-25 04:25:13 ctrl.casC    INFO     ADDING formalin TO CasC
2020-09-25 04:25:15 ctrl.casC    INFO     CasC CURRENT FLUID: formalin
2020-09-25 04:25:15 ctrl.casC    INFO     Pump out (0.1mL) to give room for sucking residual fluid in...
2020-09-25 04:25:15 ctrl.casC    INFO     CasC SETTLE TIME: 15
2020-09-25 04:25:57 ctrl.casC    INFO     Engage CasC...
