2020-09-24 15:13:23 ctrl.casD    INFO     Engage CasD...
2020-09-24 15:13:27 ctrl.casD    INFO     



2020-09-24 15:13:27 ctrl.casD    INFO     Starting Run!
sampleName                                                 asdfas
protocolName                                              washSyr
protocolPath    /home/jackr/SampleMonitor/Git/CasQML/Protocols...
startlog                                                        4
Name: casD, dtype: object
2020-09-24 15:13:27 ctrl.casD    INFO     Starting task on casD
2020-09-24 15:13:27 ctrl.casD    INFO     ['casD']
2020-09-24 15:13:59 ctrl.casD    INFO     Trying to cancel casD, getting active tasks...
2020-09-24 15:13:59 ctrl.casD    INFO     []
2020-09-24 15:13:59 ctrl.casD    WARNING  casD is not running a protocol...
2020-09-24 15:14:04 ctrl.casD    INFO     Engage CasD...
2020-09-24 15:14:11 ctrl.casD    INFO     



2020-09-24 15:14:11 ctrl.casD    INFO     Starting Run!
sampleName                                                sdafads
protocolName                                              asawash
protocolPath    /home/jackr/SampleMonitor/Git/CasQML/Protocols...
startlog                                                       20
Name: casD, dtype: object
2020-09-24 15:14:11 ctrl.casD    INFO     Starting task on casD
2020-09-24 15:14:11 ctrl.casD    INFO     ['casD']
2020-09-24 15:14:11 ctrl.casD    INFO     casD: Evaluating step 0
2020-09-24 15:14:11 ctrl.casD    INFO     ['self.loadReagent(casL="D",loadstr="Formalin",reagent="formalin",vol=1.092,speed=0.72, washSyr=True)']
2020-09-24 15:14:11 ctrl.casD    INFO     PURGING CHAMBER, CasD
2020-09-24 15:14:12 ctrl.casD    INFO     WASHING SYRINGE WITH Formalin
2020-09-24 15:14:13 ctrl.casD    INFO     ADDING Formalin TO CasD
2020-09-24 15:14:15 ctrl.casD    CRITICAL None
2020-09-24 15:14:15 ctrl.casD    INFO     Disengage CasD...
2020-09-24 15:14:15 ctrl.casD    INFO     Cleaning line for CasD
2020-09-24 15:14:15 ctrl.casD    INFO     PURGING LINE, CasD
2020-09-24 15:14:15 ctrl.casD    INFO     MEOH WASH of CasD LINE
2020-09-24 15:14:15 ctrl.casD    INFO     REMOVING MEOH WASH from LINE, CasD
2020-09-24 15:14:15 ctrl.casD    INFO     Clean Time: 0.00s
2020-09-24 15:14:15 ctrl.casD    INFO     Finished casD task!
2020-09-24 15:36:21 ctrl.casD    INFO     Engage CasD...
2020-09-24 15:36:26 ctrl.casD    INFO     



2020-09-24 15:36:26 ctrl.casD    INFO     Starting Run!
sampleName                                                  asdas
protocolName                                              asawash
protocolPath    /home/jackr/SampleMonitor/Git/CasQML/Protocols...
startlog                                                       46
Name: casD, dtype: object
2020-09-24 15:36:26 ctrl.casD    INFO     Starting task on casD
2020-09-24 15:36:26 ctrl.casD    INFO     ['casD', 'casA']
2020-09-24 15:36:26 ctrl.casD    INFO     casD: Evaluating step 0
2020-09-24 15:36:26 ctrl.casD    INFO     ['self.loadReagent(casL="D",loadstr="Formalin",reagent="formalin",vol=0.6,speed=0.66, washSyr=True)']
2020-09-24 15:36:26 ctrl.casD    INFO     PURGING CHAMBER, CasD
2020-09-24 15:36:27 ctrl.casD    INFO     WASHING SYRINGE WITH Formalin
2020-09-24 15:36:28 ctrl.casD    INFO     ADDING Formalin TO CasD
2020-09-24 15:36:30 ctrl.casD    INFO     CasD CURRENT FLUID: formalin
2020-09-24 15:36:30 ctrl.casD    INFO     CasD: Reagent (formalin) and residual fluid (unk) do not require a density adjustment.
2020-09-24 15:36:30 ctrl.casD    INFO     FINISHED LOADING Formalin TO CasD, Time: 4.01s
2020-09-24 15:36:30 ctrl.casD    INFO     Updating progress on casD...
2020-09-24 15:36:30 ctrl.casD    INFO     casD: Evaluating step 1
2020-09-24 15:36:30 ctrl.casD    INFO     ['self.loadReagent(casL="D",loadstr="Dehydrant",reagent="meoh",vol=0.6,speed=0.2, washSyr=True)']
2020-09-24 15:36:30 ctrl.casD    INFO     PURGING CHAMBER, CasD
2020-09-24 15:36:31 ctrl.casD    INFO     WASHING SYRINGE WITH Dehydrant
2020-09-24 15:36:32 ctrl.casD    INFO     ADDING Dehydrant TO CasD
2020-09-24 15:36:34 ctrl.casD    INFO     CasD CURRENT FLUID: meoh
2020-09-24 15:36:34 ctrl.casD    INFO     CasD SETTLE TIME: 15
2020-09-24 15:36:49 ctrl.casD    INFO     CasD: Reagent (meoh) is less dense than residual fluid (formalin). Pump in 0.1mL to suck in residual fluid.
2020-09-24 15:36:49 ctrl.casD    INFO     FINISHED LOADING Dehydrant TO CasD, Time: 19.01s
2020-09-24 15:36:49 ctrl.casD    INFO     Updating progress on casD...
2020-09-24 15:36:49 ctrl.casD    INFO     casD: Evaluating step 2
2020-09-24 15:36:49 ctrl.casD    INFO     ['self.loadReagent(casL="D",loadstr="Stain",reagent="vial",vol=0.6,speed=1, washSyr=False)']
2020-09-24 15:36:49 ctrl.casD    INFO     PURGING CHAMBER, CasD
2020-09-24 15:36:50 ctrl.casD    INFO     ADDING Stain TO CasD
2020-09-24 15:36:52 ctrl.casD    INFO     CasD CURRENT FLUID: vial
2020-09-24 15:36:52 ctrl.casD    INFO     CasD: Reagent (vial) and residual fluid (meoh) do not require a density adjustment.
2020-09-24 15:36:52 ctrl.casD    INFO     FINISHED LOADING Stain TO CasD, Time: 3.01s
2020-09-24 15:36:52 ctrl.casD    INFO     Finished all steps, starting to clean casD...
2020-09-24 15:36:52 ctrl.casD    INFO     Disengage CasD...
2020-09-24 15:36:52 ctrl.casD    INFO     Cleaning line for CasD
2020-09-24 15:36:52 ctrl.casD    INFO     PURGING LINE, CasD
2020-09-24 15:36:57 ctrl.casD    INFO     MEOH WASH of CasD LINE
2020-09-24 15:36:57 ctrl.casD    INFO     REMOVING MEOH WASH from LINE, CasD
2020-09-24 15:36:57 ctrl.casD    INFO     Clean Time: 5.00s
2020-09-24 15:36:57 ctrl.casD    INFO     Finished casD task!
2020-09-24 15:37:37 ctrl.casD    INFO     Engage CasD...
2020-09-24 15:37:41 ctrl.casD    INFO     



2020-09-24 15:37:41 ctrl.casD    INFO     Starting Run!
sampleName                                                sadfasd
protocolName                                              asawash
protocolPath    /home/jackr/SampleMonitor/Git/CasQML/Protocols...
startlog                                                       93
Name: casD, dtype: object
2020-09-24 15:37:41 ctrl.casD    INFO     Starting task on casD
2020-09-24 15:37:41 ctrl.casD    INFO     ['casA', 'casD']
2020-09-24 15:37:41 ctrl.casD    INFO     casD: Evaluating step 0
2020-09-24 15:37:41 ctrl.casD    INFO     ['self.loadReagent(casL="D",loadstr="Formalin",reagent="formalin",vol=0.6,speed=0.66, washSyr=True)']
2020-09-24 15:37:41 ctrl.casD    INFO     PURGING CHAMBER, CasD
2020-09-24 15:37:42 ctrl.casD    INFO     WASHING SYRINGE WITH Formalin
2020-09-24 15:37:43 ctrl.casD    INFO     ADDING Formalin TO CasD
2020-09-24 15:37:45 ctrl.casD    INFO     CasD CURRENT FLUID: formalin
2020-09-24 15:37:45 ctrl.casD    INFO     CasD: Reagent (formalin) and residual fluid (unk) do not require a density adjustment.
2020-09-24 15:37:45 ctrl.casD    INFO     FINISHED LOADING Formalin TO CasD, Time: 4.01s
2020-09-24 15:37:45 ctrl.casD    INFO     Updating progress on casD...
2020-09-24 15:37:45 ctrl.casD    INFO     casD: Evaluating step 1
2020-09-24 15:37:45 ctrl.casD    INFO     ['self.loadReagent(casL="D",loadstr="Dehydrant",reagent="meoh",vol=0.6,speed=0.2, washSyr=True)']
2020-09-24 15:37:45 ctrl.casD    INFO     PURGING CHAMBER, CasD
2020-09-24 15:37:46 ctrl.casD    INFO     WASHING SYRINGE WITH Dehydrant
2020-09-24 15:37:47 ctrl.casD    INFO     ADDING Dehydrant TO CasD
2020-09-24 15:37:49 ctrl.casD    INFO     CasD CURRENT FLUID: meoh
2020-09-24 15:37:49 ctrl.casD    INFO     CasD SETTLE TIME: 15
2020-09-24 15:38:05 ctrl.casD    INFO     Engage CasD...
2020-09-24 15:38:05 ctrl.casD    WARNING  Restarting Run...
sampleName                                                sadfasd
protocolName                                              asawash
protocolPath    /home/jackr/SampleMonitor/Git/CasQML/Protocols...
Name: casD, dtype: object
2020-09-24 15:38:05 ctrl.casD    INFO     casD: Restarting at step # 2...
2020-09-24 15:38:05 ctrl.casD    INFO     Starting task on casD
2020-09-24 15:38:05 ctrl.casD    INFO     ['casD', 'casA']
2020-09-24 15:38:10 ctrl.casD    INFO     casD: Evaluating step 1
2020-09-24 15:38:10 ctrl.casD    INFO     ['self.loadReagent(casL="D",loadstr="Dehydrant",reagent="meoh",vol=0.6,speed=0.2, washSyr=True)']
2020-09-24 15:38:11 ctrl.casD    INFO     PURGING CHAMBER, CasD
2020-09-24 15:38:12 ctrl.casD    INFO     WASHING SYRINGE WITH Dehydrant
2020-09-24 15:38:13 ctrl.casD    INFO     ADDING Dehydrant TO CasD
2020-09-24 15:38:15 ctrl.casD    INFO     CasD CURRENT FLUID: meoh
2020-09-24 15:38:15 ctrl.casD    INFO     CasD: Reagent (meoh) and residual fluid (meoh) do not require a density adjustment.
2020-09-24 15:38:15 ctrl.casD    INFO     FINISHED LOADING Dehydrant TO CasD, Time: 4.01s
2020-09-24 15:38:15 ctrl.casD    INFO     Updating progress on casD...
2020-09-24 15:38:15 ctrl.casD    INFO     casD: Evaluating step 2
2020-09-24 15:38:15 ctrl.casD    INFO     ['self.loadReagent(casL="D",loadstr="Stain",reagent="vial",vol=0.6,speed=1, washSyr=False)']
2020-09-24 15:38:15 ctrl.casD    INFO     PURGING CHAMBER, CasD
2020-09-24 15:38:16 ctrl.casD    INFO     ADDING Stain TO CasD
2020-09-24 15:38:18 ctrl.casD    INFO     CasD CURRENT FLUID: vial
2020-09-24 15:38:18 ctrl.casD    INFO     CasD: Reagent (vial) and residual fluid (meoh) do not require a density adjustment.
2020-09-24 15:38:18 ctrl.casD    INFO     FINISHED LOADING Stain TO CasD, Time: 3.01s
2020-09-24 15:38:18 ctrl.casD    INFO     Finished all steps, starting to clean casD...
2020-09-24 15:38:18 ctrl.casD    INFO     Disengage CasD...
2020-09-24 15:38:18 ctrl.casD    INFO     Cleaning line for CasD
2020-09-24 15:38:18 ctrl.casD    INFO     PURGING LINE, CasD
2020-09-24 15:38:22 ctrl.casD    INFO     Engage CasD...
2020-09-24 15:38:22 ctrl.casD    INFO     Disengage CasD...
2020-09-24 15:38:22 ctrl.casD    INFO     Cleaning line for CasD
2020-09-24 15:38:22 ctrl.casD    INFO     PURGING LINE, CasD
2020-09-24 15:38:27 ctrl.casD    INFO     MEOH WASH of CasD LINE
2020-09-24 15:38:27 ctrl.casD    INFO     REMOVING MEOH WASH from LINE, CasD
2020-09-24 15:38:27 ctrl.casD    INFO     Clean Time: 5.01s
2020-09-24 15:38:27 ctrl.casD    INFO     Finished casD task!
2020-09-24 15:38:52 ctrl.casD    INFO     Engage CasD...
2020-09-24 15:38:57 ctrl.casD    INFO     



2020-09-24 15:38:57 ctrl.casD    INFO     Starting Run!
sampleName                                                asdfasd
protocolName                                              asawash
protocolPath    /home/jackr/SampleMonitor/Git/CasQML/Protocols...
startlog                                                      159
Name: casD, dtype: object
2020-09-24 15:38:57 ctrl.casD    INFO     Starting task on casD
2020-09-24 15:38:57 ctrl.casD    INFO     ['casD']
2020-09-24 15:38:57 ctrl.casD    INFO     casD: Evaluating step 0
2020-09-24 15:38:57 ctrl.casD    INFO     ['self.loadReagent(casL="D",loadstr="Formalin",reagent="formalin",vol=0.6,speed=0.66, washSyr=True)']
2020-09-24 15:38:57 ctrl.casD    INFO     PURGING CHAMBER, CasD
2020-09-24 15:38:58 ctrl.casD    INFO     WASHING SYRINGE WITH Formalin
2020-09-24 15:38:59 ctrl.casD    INFO     ADDING Formalin TO CasD
2020-09-24 15:39:01 ctrl.casD    INFO     CasD CURRENT FLUID: formalin
2020-09-24 15:39:01 ctrl.casD    INFO     CasD: Reagent (formalin) and residual fluid (unk) do not require a density adjustment.
2020-09-24 15:39:01 ctrl.casD    INFO     FINISHED LOADING Formalin TO CasD, Time: 4.01s
2020-09-24 15:39:01 ctrl.casD    INFO     Updating progress on casD...
2020-09-24 15:39:01 ctrl.casD    INFO     casD: Evaluating step 1
2020-09-24 15:39:01 ctrl.casD    INFO     ['self.loadReagent(casL="D",loadstr="Dehydrant",reagent="meoh",vol=0.6,speed=0.2, washSyr=True)']
2020-09-24 15:39:01 ctrl.casD    INFO     PURGING CHAMBER, CasD
2020-09-24 15:39:02 ctrl.casD    INFO     WASHING SYRINGE WITH Dehydrant
2020-09-24 15:39:03 ctrl.casD    INFO     ADDING Dehydrant TO CasD
2020-09-24 15:39:05 ctrl.casD    INFO     CasD CURRENT FLUID: meoh
2020-09-24 15:39:05 ctrl.casD    INFO     CasD SETTLE TIME: 15
2020-09-24 15:39:09 ctrl.casD    INFO     Trying to cancel casD, getting active tasks...
2020-09-24 15:39:09 ctrl.casD    INFO     ['casD']
2020-09-24 15:39:09 ctrl.casD    INFO     SHUTDOWN CasD
2020-09-24 15:39:09 ctrl.casD    INFO     Disengage CasD...
2020-09-24 15:39:09 ctrl.casD    INFO     Cleaning line for CasD
2020-09-24 15:39:09 ctrl.casD    INFO     PURGING LINE, CasD
2020-09-24 15:39:14 ctrl.casD    INFO     MEOH WASH of CasD LINE
2020-09-24 15:39:14 ctrl.casD    INFO     REMOVING MEOH WASH from LINE, CasD
2020-09-24 15:39:14 ctrl.casD    INFO     Shutdown Time: 5.00s
2020-09-24 15:39:14 ctrl.casD    CRITICAL Residual fluid may not be inside of density adjustment dictionary: formalin
2020-09-24 15:39:14 ctrl.casD    CRITICAL 
2020-09-24 15:39:14 ctrl.casD    INFO     FINISHED LOADING Dehydrant TO CasD, Time: 12.63s
2020-09-24 15:39:14 ctrl.casD    INFO     Updating progress on casD...
2020-09-24 16:22:48 ctrl.casD    INFO     Engage CasD...
2020-09-24 16:24:04 ctrl.casD    INFO     Engage CasD...
2020-09-24 16:31:58 ctrl.casD    INFO     Engage CasD...
2020-09-24 16:33:19 ctrl.casD    INFO     Engage CasD...
2020-09-24 16:33:55 ctrl.casD    INFO     Engage CasD...
2020-09-24 16:35:51 ctrl.casD    INFO     Engage CasD...
2020-09-24 16:48:34 ctrl.casD    INFO     Engage CasD...
2020-09-24 16:53:40 ctrl.casD    INFO     Engage CasD...
2020-09-24 17:09:48 ctrl.casD    INFO     Engage CasD...
2020-09-24 17:11:54 ctrl.casD    INFO     Engage CasD...
2020-09-24 17:14:33 ctrl.casD    INFO     Engage CasD...
2020-09-24 17:17:47 ctrl.casD    INFO     Engage CasD...
2020-09-24 17:23:44 ctrl.casD    INFO     Engage CasD...
2020-09-24 17:27:03 ctrl.casD    INFO     Engage CasD...
2020-09-24 17:27:08 ctrl.casD    INFO     



2020-09-24 17:27:08 ctrl.casD    INFO     Starting Run!
sampleName                                                sadfsad
protocolName                                              asawash
protocolPath    /home/jackr/SampleMonitor/Git/CasQML/Protocols...
startlog                                                      214
Name: casD, dtype: object
2020-09-24 17:27:08 ctrl.casD    INFO     Starting task on casD
2020-09-24 17:27:08 ctrl.casD    INFO     ['casD']
2020-09-24 17:27:08 ctrl.casD    INFO     casD: Evaluating step 0
2020-09-24 17:27:08 ctrl.casD    INFO     ['self.loadReagent(casL="D",loadstr="Formalin",reagent="formalin",vol=0.6,speed=0.66, washSyr=True)']
2020-09-24 17:27:08 ctrl.casD    INFO     PURGING CHAMBER, CasD
2020-09-24 17:27:09 ctrl.casD    INFO     WASHING SYRINGE WITH Formalin
2020-09-24 17:27:10 ctrl.casD    INFO     ADDING Formalin TO CasD
2020-09-24 17:27:12 ctrl.casD    INFO     CasD CURRENT FLUID: formalin
2020-09-24 17:27:12 ctrl.casD    INFO     CasD: Reagent (formalin) and residual fluid (unk) do not require a density adjustment.
2020-09-24 17:27:12 ctrl.casD    INFO     FINISHED LOADING Formalin TO CasD, Time: 4.01s
2020-09-24 17:27:12 ctrl.casD    INFO     Updating progress on casD...
2020-09-24 17:27:12 ctrl.casD    INFO     casD: Evaluating step 1
2020-09-24 17:27:12 ctrl.casD    INFO     ['self.loadReagent(casL="D",loadstr="Dehydrant",reagent="meoh",vol=0.6,speed=0.2, washSyr=True)']
2020-09-24 17:27:12 ctrl.casD    INFO     PURGING CHAMBER, CasD
2020-09-24 17:27:13 ctrl.casD    INFO     WASHING SYRINGE WITH Dehydrant
2020-09-24 17:27:14 ctrl.casD    INFO     ADDING Dehydrant TO CasD
2020-09-24 17:27:16 ctrl.casD    INFO     CasD CURRENT FLUID: meoh
2020-09-24 17:27:16 ctrl.casD    INFO     CasD SETTLE TIME: 15
2020-09-24 17:27:16 ctrl.casD    INFO     Trying to cancel casD, getting active tasks...
2020-09-24 17:27:16 ctrl.casD    INFO     ['casE', 'casD']
2020-09-24 17:27:16 ctrl.casD    CRITICAL status                                                    stopping
stepNum                                                          2
secsRemaining                                                   90
currentFluid                                                  meoh
engaged                                                       True
protocolList     [self.loadReagent(casL="D",loadstr="Formalin",...
progressNames          [Load Formalin, Load Dehydrant, Load Stain]
stepTimes                                             [90, 90, 90]
sampleName                                                 sadfsad
protocolPath     /home/jackr/SampleMonitor/Git/CasQML/Protocols...
protocolName                                               asawash
startlog                                                       214
endlog                                                         230
Name: casD, dtype: object
2020-09-24 17:27:16 ctrl.casD    CRITICAL 
2020-09-24 17:27:16 ctrl.casD    INFO     ['casD']
2020-09-24 17:27:16 ctrl.casD    INFO     Updating progress on casD...
2020-09-24 17:27:16 ctrl.casD    INFO     casD: Evaluating step 2
2020-09-24 17:27:16 ctrl.casD    INFO     ['self.loadReagent(casL="D",loadstr="Stain",reagent="vial",vol=0.6,speed=1, washSyr=False)']
2020-09-24 17:27:16 ctrl.casD    INFO     SHUTDOWN CasD
2020-09-24 17:27:16 ctrl.casD    INFO     Disengage CasD...
2020-09-24 17:27:16 ctrl.casD    INFO     Cleaning line for CasD
2020-09-24 17:27:16 ctrl.casD    INFO     PURGING LINE, CasD
2020-09-24 17:27:21 ctrl.casD    INFO     MEOH WASH of CasD LINE
2020-09-24 17:27:21 ctrl.casD    INFO     REMOVING MEOH WASH from LINE, CasD
2020-09-24 17:27:21 ctrl.casD    INFO     Shutdown Time: 5.00s
2020-09-24 17:27:21 ctrl.casD    INFO     ['casD']
2020-09-24 17:27:21 ctrl.casD    INFO     The run on casD has been cancelled? False.
2020-09-24 17:27:21 ctrl.casD    INFO     PURGING CHAMBER, CasD
2020-09-24 17:27:22 ctrl.casD    INFO     ADDING Stain TO CasD
2020-09-24 17:27:24 ctrl.casD    INFO     CasD CURRENT FLUID: vial
2020-09-24 17:27:24 ctrl.casD    INFO     CasD: Reagent (vial) and residual fluid (meoh) do not require a density adjustment.
2020-09-24 17:27:24 ctrl.casD    INFO     FINISHED LOADING Stain TO CasD, Time: 3.01s
2020-09-24 17:27:24 ctrl.casD    INFO     Finished all steps, starting to clean casD...
2020-09-24 17:27:25 ctrl.casD    INFO     Disengage CasD...
2020-09-24 17:27:25 ctrl.casD    INFO     Cleaning line for CasD
2020-09-24 17:27:25 ctrl.casD    INFO     PURGING LINE, CasD
2020-09-24 17:27:30 ctrl.casD    INFO     MEOH WASH of CasD LINE
2020-09-24 17:27:30 ctrl.casD    INFO     REMOVING MEOH WASH from LINE, CasD
2020-09-24 17:27:30 ctrl.casD    INFO     Clean Time: 5.01s
2020-09-24 17:27:30 ctrl.casD    INFO     Finished casD task!
2020-09-24 17:32:09 ctrl.casD    INFO     Engage CasD...
2020-09-24 17:32:33 ctrl.casD    INFO     



2020-09-24 17:32:33 ctrl.casD    INFO     Starting Run!
sampleName                                                sdafasd
protocolName                                              asawash
protocolPath    /home/jackr/SampleMonitor/Git/CasQML/Protocols...
startlog                                                      286
Name: casD, dtype: object
2020-09-24 17:32:33 ctrl.casD    INFO     Starting task on casD
2020-09-24 17:32:33 ctrl.casD    INFO     ['casC', 'casA', 'casB', 'casD']
2020-09-24 17:32:33 ctrl.casD    INFO     casD: Evaluating step 0
2020-09-24 17:32:33 ctrl.casD    INFO     ['self.loadReagent(casL="D",loadstr="Formalin",reagent="formalin",vol=0.6,speed=0.66, washSyr=True)']
2020-09-24 17:32:42 ctrl.casD    INFO     PURGING CHAMBER, CasD
2020-09-24 17:32:43 ctrl.casD    INFO     WASHING SYRINGE WITH Formalin
2020-09-24 17:32:44 ctrl.casD    INFO     ADDING Formalin TO CasD
2020-09-24 17:32:46 ctrl.casD    INFO     CasD CURRENT FLUID: formalin
2020-09-24 17:32:46 ctrl.casD    INFO     CasD: Reagent (formalin) and residual fluid (unk) do not require a density adjustment.
2020-09-24 17:32:46 ctrl.casD    INFO     FINISHED LOADING Formalin TO CasD, Time: 4.01s
2020-09-24 17:32:46 ctrl.casD    INFO     Updating progress on casD...
2020-09-24 17:32:50 ctrl.casD    INFO     casD: Evaluating step 1
2020-09-24 17:32:50 ctrl.casD    INFO     ['self.loadReagent(casL="D",loadstr="Dehydrant",reagent="meoh",vol=0.6,speed=0.2, washSyr=True)']
2020-09-24 17:33:00 ctrl.casD    INFO     PURGING CHAMBER, CasD
2020-09-24 17:33:01 ctrl.casD    INFO     WASHING SYRINGE WITH Dehydrant
2020-09-24 17:33:02 ctrl.casD    INFO     ADDING Dehydrant TO CasD
2020-09-24 17:33:04 ctrl.casD    INFO     CasD CURRENT FLUID: meoh
2020-09-24 17:33:04 ctrl.casD    INFO     CasD SETTLE TIME: 15
2020-09-24 17:33:04 ctrl.casD    INFO     Trying to cancel casD, getting active tasks...
2020-09-24 17:33:04 ctrl.casD    INFO     ['casD']
2020-09-24 17:33:04 ctrl.casD    CRITICAL status                                                    stopping
stepNum                                                          2
secsRemaining                                                   90
currentFluid                                                  meoh
engaged                                                       True
protocolList     [self.loadReagent(casL="D",loadstr="Formalin",...
progressNames          [Load Formalin, Load Dehydrant, Load Stain]
stepTimes                                             [90, 90, 90]
sampleName                                                 sdafasd
protocolPath     /home/jackr/SampleMonitor/Git/CasQML/Protocols...
protocolName                                               asawash
startlog                                                       286
endlog                                                         305
Name: casD, dtype: object
2020-09-24 17:33:04 ctrl.casD    CRITICAL 
2020-09-24 17:33:04 ctrl.casD    INFO     ['casD']
2020-09-24 17:33:04 ctrl.casD    INFO     Checking to cancel task on casD..? False
2020-09-24 17:33:04 ctrl.casD    INFO     The run on casD has been cancelled? False.
2020-09-24 17:33:04 ctrl.casD    INFO     Updating progress on casD...
2020-09-24 17:33:04 ctrl.casD    INFO     SHUTDOWN CasD
2020-09-24 17:33:04 ctrl.casD    INFO     Disengage CasD...
2020-09-24 17:33:04 ctrl.casD    INFO     Cleaning line for CasD
2020-09-24 17:33:04 ctrl.casD    INFO     PURGING LINE, CasD
2020-09-24 17:33:09 ctrl.casD    INFO     MEOH WASH of CasD LINE
2020-09-24 17:33:09 ctrl.casD    INFO     REMOVING MEOH WASH from LINE, CasD
2020-09-24 17:33:09 ctrl.casD    INFO     Shutdown Time: 5.01s
2020-09-24 17:33:09 ctrl.casD    INFO     []
2020-09-24 17:33:09 ctrl.casD    INFO     The run on casD has been cancelled? True.
2020-09-24 17:51:46 ctrl.casD    INFO     Engage CasD...
2020-09-24 18:05:11 ctrl.casD    INFO     Engage CasD...
2020-09-24 22:46:03 ctrl.casD    INFO     Engage CasD...
2020-09-24 22:46:26 ctrl.casD    INFO     



2020-09-24 22:46:26 ctrl.casD    INFO     Starting Run!
sampleName                                               asdfasdf
protocolName                                             otherops
protocolPath    /home/jackr/SampleMonitor/Git/CasQML/Protocols...
startlog                                                      347
Name: casD, dtype: object
2020-09-24 22:46:26 ctrl.casD    INFO     Starting task on casD
2020-09-24 22:46:26 ctrl.casD    INFO     ['casA', 'casD', 'casC', 'casB']
2020-09-24 22:46:26 ctrl.casD    DEBUG    ['self.mix(casL="D", numCycles=3, volume=1.0)', 'self.incubate(casL="D",incTime=48,mixAfter=7)', 'self.purge(casL="D")']
2020-09-24 22:46:26 ctrl.casD    DEBUG    ['Mixing', 'Incubation', 'Purge']
2020-09-24 22:46:26 ctrl.casD    DEBUG    1
2020-09-24 22:46:26 ctrl.casD    INFO     casD: Evaluating step 0
2020-09-24 22:46:26 ctrl.casD    INFO     ['self.mix(casL="D", numCycles=3, volume=1.0)']
2020-09-24 22:46:28 ctrl.casD    INFO     MIXING CasD, 3 TIMES, 1.0 VOLUME
2020-09-24 22:46:28 ctrl.casD    INFO     Mixing D, #1 of 3 cycles...
2020-09-24 22:46:30 ctrl.casD    INFO     Mixing D, #2 of 3 cycles...
2020-09-24 22:46:32 ctrl.casD    INFO     Mixing D, #3 of 3 cycles...
2020-09-24 22:46:34 ctrl.casD    INFO     Updating progress on casD...
2020-09-24 22:46:49 ctrl.casD    INFO     casD: Evaluating step 1
2020-09-24 22:46:49 ctrl.casD    INFO     ['self.incubate(casL="D",incTime=48,mixAfter=7)']
2020-09-24 22:46:49 ctrl.casD    INFO     INCUBATING CasD
2020-09-24 22:46:52 ctrl.casD    INFO     Mixing CasD...
2020-09-24 22:46:53 ctrl.casD    INFO     Inc. Mix Time: 1.00s
2020-09-24 22:47:02 ctrl.casD    INFO     Mixing CasD...
2020-09-24 22:47:03 ctrl.casD    INFO     Inc. Mix Time: 1.00s
2020-09-24 22:47:07 ctrl.casD    INFO     Mixing CasD...
2020-09-24 22:47:08 ctrl.casD    INFO     Inc. Mix Time: 1.00s
2020-09-24 22:47:12 ctrl.casD    INFO     Mixing CasD...
2020-09-24 22:47:13 ctrl.casD    INFO     Inc. Mix Time: 1.00s
2020-09-24 22:47:18 ctrl.casD    INFO     Mixing CasD...
2020-09-24 22:47:19 ctrl.casD    INFO     Inc. Mix Time: 1.00s
2020-09-24 22:47:22 ctrl.casD    INFO     Mixing CasD...
2020-09-24 22:47:23 ctrl.casD    INFO     Inc. Mix Time: 1.00s
2020-09-24 22:47:30 ctrl.casD    INFO     Mixing CasD...
2020-09-24 22:47:31 ctrl.casD    INFO     Inc. Mix Time: 1.00s
2020-09-24 22:47:38 ctrl.casD    INFO     Mixing CasD...
2020-09-24 22:47:39 ctrl.casD    INFO     Inc. Mix Time: 1.00s
2020-09-24 22:47:39 ctrl.casD    INFO     Updating progress on casD...
2020-09-24 22:47:45 ctrl.casD    INFO     casD: Evaluating step 2
2020-09-24 22:47:45 ctrl.casD    INFO     ['self.purge(casL="D")']
2020-09-24 22:47:45 ctrl.casD    INFO     PURGING CHAMBER, CasD
2020-09-24 22:47:46 ctrl.casD    INFO     Finished all steps, starting to clean casD...
2020-09-24 22:47:47 ctrl.casD    INFO     Disengage CasD...
2020-09-24 22:47:47 ctrl.casD    INFO     Cleaning line for CasD
2020-09-24 22:47:47 ctrl.casD    INFO     PURGING LINE, CasD
2020-09-24 22:47:52 ctrl.casD    INFO     MEOH WASH of CasD LINE
2020-09-24 22:47:52 ctrl.casD    INFO     REMOVING MEOH WASH from LINE, CasD
2020-09-24 22:47:52 ctrl.casD    INFO     Clean Time: 5.01s
2020-09-24 22:47:52 ctrl.casD    INFO     Finished casD task!
2020-09-24 22:48:18 ctrl.casD    INFO     Engage CasD...
2020-09-24 22:48:35 ctrl.casD    INFO     



2020-09-24 22:48:35 ctrl.casD    INFO     Starting Run!
sampleName                                                 asdfas
protocolName                                             otherops
protocolPath    /home/jackr/SampleMonitor/Git/CasQML/Protocols...
startlog                                                      401
Name: casD, dtype: object
2020-09-24 22:48:35 ctrl.casD    INFO     Starting task on casD
2020-09-24 22:48:35 ctrl.casD    INFO     ['casD']
2020-09-24 22:48:35 ctrl.casD    DEBUG    ['self.mix(casL="D", numCycles=3, volume=1.0)', 'self.incubate(casL="D",incTime=48,mixAfter=7)', 'self.purge(casL="D")']
2020-09-24 22:48:35 ctrl.casD    DEBUG    ['Mixing', 'Incubation', 'Purge']
2020-09-24 22:48:35 ctrl.casD    DEBUG    1
2020-09-24 22:48:35 ctrl.casD    INFO     casD: Evaluating step 0
2020-09-24 22:48:35 ctrl.casD    INFO     ['self.mix(casL="D", numCycles=3, volume=1.0)']
2020-09-24 22:48:35 ctrl.casD    INFO     MIXING CasD, 3 TIMES, 1.0 VOLUME
2020-09-24 22:48:35 ctrl.casD    INFO     Mixing D, #1 of 3 cycles...
2020-09-24 22:48:37 ctrl.casD    INFO     Mixing D, #2 of 3 cycles...
2020-09-24 22:48:39 ctrl.casD    INFO     Mixing D, #3 of 3 cycles...
2020-09-24 22:48:41 ctrl.casD    INFO     Updating progress on casD...
2020-09-24 22:48:41 ctrl.casD    INFO     casD: Evaluating step 1
2020-09-24 22:48:41 ctrl.casD    INFO     ['self.incubate(casL="D",incTime=48,mixAfter=7)']
2020-09-24 22:48:41 ctrl.casD    INFO     INCUBATING CasD
2020-09-24 22:48:41 ctrl.casD    INFO     Mixing CasD...
2020-09-24 22:48:42 ctrl.casD    INFO     Inc. Mix Time: 1.00s
2020-09-24 22:48:42 ctrl.casD    INFO     Mixing CasD...
2020-09-24 22:48:43 ctrl.casD    INFO     Inc. Mix Time: 1.00s
2020-09-24 22:48:43 ctrl.casD    INFO     Mixing CasD...
2020-09-24 22:48:44 ctrl.casD    INFO     Inc. Mix Time: 1.00s
2020-09-24 22:48:44 ctrl.casD    INFO     Mixing CasD...
2020-09-24 22:48:45 ctrl.casD    INFO     Inc. Mix Time: 1.00s
2020-09-24 22:48:45 ctrl.casD    INFO     Mixing CasD...
2020-09-24 22:48:46 ctrl.casD    INFO     Inc. Mix Time: 1.00s
2020-09-24 22:48:46 ctrl.casD    INFO     Mixing CasD...
2020-09-24 22:48:47 ctrl.casD    INFO     Inc. Mix Time: 1.00s
2020-09-24 22:48:48 ctrl.casD    INFO     Mixing CasD...
2020-09-24 22:48:49 ctrl.casD    INFO     Inc. Mix Time: 1.00s
2020-09-24 22:48:49 ctrl.casD    INFO     Mixing CasD...
2020-09-24 22:48:50 ctrl.casD    INFO     Inc. Mix Time: 1.00s
2020-09-24 22:48:50 ctrl.casD    INFO     Updating progress on casD...
2020-09-24 22:48:50 ctrl.casD    INFO     casD: Evaluating step 2
2020-09-24 22:48:50 ctrl.casD    INFO     ['self.purge(casL="D")']
2020-09-24 22:48:50 ctrl.casD    INFO     PURGING CHAMBER, CasD
2020-09-24 22:48:51 ctrl.casD    INFO     Finished all steps, starting to clean casD...
2020-09-24 22:48:51 ctrl.casD    INFO     Disengage CasD...
2020-09-24 22:48:51 ctrl.casD    INFO     Cleaning line for CasD
2020-09-24 22:48:51 ctrl.casD    INFO     PURGING LINE, CasD
2020-09-24 22:48:56 ctrl.casD    INFO     MEOH WASH of CasD LINE
2020-09-24 22:48:56 ctrl.casD    INFO     REMOVING MEOH WASH from LINE, CasD
2020-09-24 22:48:56 ctrl.casD    INFO     Clean Time: 5.01s
2020-09-24 22:48:56 ctrl.casD    INFO     Finished casD task!
2020-09-24 22:48:57 ctrl.casD    INFO     Engage CasD...
2020-09-24 22:59:05 ctrl.casD    INFO     Engage CasD...
2020-09-24 22:59:39 ctrl.casD    INFO     Engage CasD...
2020-09-24 22:59:59 ctrl.casD    INFO     Engage CasD...
2020-09-24 23:00:33 ctrl.casD    INFO     



2020-09-24 23:00:33 ctrl.casD    INFO     Starting Run!
sampleName                                            asdfasdfasd
protocolName                                             otherops
protocolPath    /home/jackr/SampleMonitor/Git/CasQML/Protocols...
startlog                                                      458
Name: casD, dtype: object
2020-09-24 23:00:33 ctrl.casD    INFO     Starting task on casD
2020-09-24 23:00:33 ctrl.casD    INFO     ['casA', 'casB', 'casD', 'casC']
2020-09-24 23:00:33 ctrl.casD    DEBUG    ['self.mix(casL="D", numCycles=3, volume=1.0)', 'self.incubate(casL="D",incTime=48,mixAfter=7)', 'self.purge(casL="D")']
2020-09-24 23:00:33 ctrl.casD    DEBUG    ['Mixing', 'Incubation', 'Purge']
2020-09-24 23:00:33 ctrl.casD    DEBUG    1
2020-09-24 23:00:33 ctrl.casD    INFO     casD: Evaluating step 0
2020-09-24 23:00:33 ctrl.casD    INFO     ['self.mix(casL="D", numCycles=3, volume=1.0)']
2020-09-24 23:00:39 ctrl.casD    INFO     MIXING CasD, 3 TIMES, 1.0 VOLUME
2020-09-24 23:00:39 ctrl.casD    INFO     Mixing D, #1 of 3 cycles...
2020-09-24 23:00:41 ctrl.casD    INFO     Mixing D, #2 of 3 cycles...
2020-09-24 23:00:43 ctrl.casD    INFO     Mixing D, #3 of 3 cycles...
2020-09-24 23:00:45 ctrl.casD    INFO     Updating progress on casD...
2020-09-24 23:00:59 ctrl.casD    INFO     casD: Evaluating step 1
2020-09-24 23:00:59 ctrl.casD    INFO     ['self.incubate(casL="D",incTime=48,mixAfter=7)']
2020-09-24 23:00:59 ctrl.casD    INFO     INCUBATING CasD
2020-09-24 23:01:01 ctrl.casD    INFO     Mixing CasD...
2020-09-24 23:01:02 ctrl.casD    INFO     Inc. Mix Time: 1.00s
2020-09-24 23:01:07 ctrl.casD    INFO     Mixing CasD...
2020-09-24 23:01:08 ctrl.casD    INFO     Inc. Mix Time: 1.00s
2020-09-24 23:01:12 ctrl.casD    INFO     Mixing CasD...
2020-09-24 23:01:13 ctrl.casD    INFO     Inc. Mix Time: 1.00s
2020-09-24 23:01:17 ctrl.casD    INFO     Mixing CasD...
2020-09-24 23:01:18 ctrl.casD    INFO     Inc. Mix Time: 1.00s
2020-09-24 23:01:22 ctrl.casD    INFO     Mixing CasD...
2020-09-24 23:01:23 ctrl.casD    INFO     Inc. Mix Time: 1.00s
2020-09-24 23:01:25 ctrl.casD    INFO     Mixing CasD...
2020-09-24 23:01:26 ctrl.casD    INFO     Inc. Mix Time: 1.00s
2020-09-24 23:01:30 ctrl.casD    INFO     Mixing CasD...
2020-09-24 23:01:31 ctrl.casD    CRITICAL Attempt to send on a closed protocol
2020-09-24 23:01:38 ctrl.casD    INFO     Engage CasD...
2020-09-24 23:01:38 ctrl.casD    DEBUG    running
2020-09-24 23:01:38 ctrl.casD    WARNING  Restarting Run...
sampleName                                            asdfasdfasd
protocolName                                             otherops
protocolPath    /home/jackr/SampleMonitor/Git/CasQML/Protocols...
Name: casD, dtype: object
2020-09-24 23:01:38 ctrl.casD    INFO     casD: Restarting at step # 2...
2020-09-24 23:01:38 ctrl.casD    INFO     casD: Restarting incubate timer
2020-09-24 23:01:38 ctrl.casD    DEBUG    ['casL="D"', 'incTime=48', 'mixAfter=7']
2020-09-24 23:01:38 ctrl.casD    DEBUG    1
2020-09-24 23:01:38 ctrl.casD    DEBUG    self.incubate(casL="D",incTime=48,mixAfter=7)
2020-09-24 23:01:38 ctrl.casD    INFO     Starting task on casD
2020-09-24 23:01:38 ctrl.casD    INFO     ['casD', 'casA']
2020-09-24 23:01:38 ctrl.casD    DEBUG    ['self.mix(casL="D", numCycles=3, volume=1.0)', 'self.incubate(casL="D",incTime=48,mixAfter=7)', 'self.purge(casL="D")']
2020-09-24 23:01:38 ctrl.casD    DEBUG    ['Mixing', 'Incubation', 'Purge']
2020-09-24 23:01:38 ctrl.casD    DEBUG    2
2020-09-24 23:01:38 ctrl.casD    INFO     casD: Evaluating step 1
2020-09-24 23:01:38 ctrl.casD    INFO     ['self.incubate(casL="D",incTime=48,mixAfter=7)']
2020-09-24 23:01:38 ctrl.casD    INFO     INCUBATING CasD
2020-09-24 23:01:39 ctrl.casD    INFO     Mixing CasD...
2020-09-24 23:01:40 ctrl.casD    INFO     Inc. Mix Time: 1.00s
2020-09-24 23:01:47 ctrl.casD    INFO     Mixing CasD...
2020-09-24 23:01:48 ctrl.casD    INFO     Inc. Mix Time: 1.00s
2020-09-24 23:01:50 ctrl.casD    INFO     Mixing CasD...
2020-09-24 23:01:51 ctrl.casD    INFO     Inc. Mix Time: 1.00s
2020-09-24 23:01:53 ctrl.casD    INFO     Mixing CasD...
2020-09-24 23:01:54 ctrl.casD    INFO     Inc. Mix Time: 1.00s
2020-09-24 23:01:56 ctrl.casD    INFO     Mixing CasD...
2020-09-24 23:01:57 ctrl.casD    INFO     Inc. Mix Time: 1.00s
2020-09-24 23:01:59 ctrl.casD    INFO     Mixing CasD...
2020-09-24 23:02:00 ctrl.casD    INFO     Inc. Mix Time: 1.00s
2020-09-24 23:02:02 ctrl.casD    INFO     Mixing CasD...
2020-09-24 23:02:03 ctrl.casD    INFO     Inc. Mix Time: 1.00s
2020-09-24 23:02:05 ctrl.casD    INFO     Mixing CasD...
2020-09-24 23:02:06 ctrl.casD    INFO     Inc. Mix Time: 1.00s
2020-09-24 23:02:06 ctrl.casD    INFO     Updating progress on casD...
2020-09-24 23:02:08 ctrl.casD    INFO     casD: Evaluating step 2
2020-09-24 23:02:08 ctrl.casD    INFO     ['self.purge(casL="D")']
2020-09-24 23:02:08 ctrl.casD    INFO     PURGING CHAMBER, CasD
2020-09-24 23:02:09 ctrl.casD    INFO     Finished all steps, starting to clean casD...
2020-09-24 23:02:11 ctrl.casD    INFO     Disengage CasD...
2020-09-24 23:02:11 ctrl.casD    INFO     Cleaning line for CasD
2020-09-24 23:02:11 ctrl.casD    INFO     PURGING LINE, CasD
2020-09-24 23:02:16 ctrl.casD    INFO     MEOH WASH of CasD LINE
2020-09-24 23:02:16 ctrl.casD    INFO     REMOVING MEOH WASH from LINE, CasD
2020-09-24 23:02:16 ctrl.casD    INFO     Clean Time: 5.01s
2020-09-24 23:02:16 ctrl.casD    INFO     Finished casD task!
2020-09-24 23:02:24 ctrl.casD    INFO     Trying to cancel casD, getting active tasks...
2020-09-24 23:02:24 ctrl.casD    INFO     []
2020-09-24 23:02:24 ctrl.casD    WARNING  casD is not running a protocol...
2020-09-24 23:02:24 ctrl.casD    INFO     Engage CasD...
2020-09-24 23:02:30 ctrl.casD    INFO     Engage CasD...
2020-09-24 23:05:31 ctrl.casD    INFO     Engage CasD...
2020-09-24 23:22:26 ctrl.casD    INFO     Engage CasD...
2020-09-24 23:40:28 ctrl.casD    INFO     Engage CasD...
2020-09-24 23:43:24 ctrl.casD    INFO     Engage CasD...
2020-09-24 23:48:23 ctrl.casD    INFO     Engage CasD...
2020-09-24 23:55:16 ctrl.casD    INFO     Engage CasD...
2020-09-25 00:00:39 ctrl.casD    INFO     Engage CasD...
2020-09-25 00:01:45 ctrl.casD    INFO     Engage CasD...
2020-09-25 00:02:19 ctrl.casD    INFO     Engage CasD...
2020-09-25 02:32:35 ctrl.casD    INFO     Engage CasD...
2020-09-25 02:49:46 ctrl.casD    INFO     Engage CasD...
2020-09-25 02:52:49 ctrl.casD    INFO     Engage CasD...
2020-09-25 02:54:20 ctrl.casD    INFO     Engage CasD...
2020-09-25 03:07:02 ctrl.casD    INFO     Engage CasD...
2020-09-25 03:10:24 ctrl.casD    INFO     Engage CasD...
2020-09-25 03:11:04 ctrl.casD    INFO     INCUBATING CasD
2020-09-25 03:11:43 ctrl.casD    INFO     Engage CasD...
2020-09-25 03:13:48 ctrl.casD    INFO     Engage CasD...
2020-09-25 03:24:07 ctrl.casD    INFO     Engage CasD...
2020-09-25 03:26:31 ctrl.casD    INFO     Engage CasD...
2020-09-25 03:26:42 ctrl.casD    INFO     INCUBATING CasD
2020-09-25 03:27:16 ctrl.casD    INFO     Engage CasD...
2020-09-25 03:27:20 ctrl.casD    INFO     INCUBATING CasD
2020-09-25 03:35:44 ctrl.casD    INFO     Engage CasD...
2020-09-25 04:08:06 ctrl.casD    INFO     Engage CasD...
2020-09-25 04:13:37 ctrl.casD    INFO     INCUBATING CasD
2020-09-25 04:18:30 ctrl.casD    INFO     PURGING CHAMBER, CasD
2020-09-25 04:18:31 ctrl.casD    INFO     WASHING SYRINGE WITH formalin
2020-09-25 04:18:32 ctrl.casD    INFO     ADDING formalin TO CasD
2020-09-25 04:18:34 ctrl.casD    INFO     CasD CURRENT FLUID: formalin
2020-09-25 04:18:34 ctrl.casD    INFO     CasD: Reagent (formalin) and residual fluid (unk) do not require a density adjustment.
2020-09-25 04:18:34 ctrl.casD    INFO     FINISHED LOADING formalin TO CasD, Time: 4.01s
2020-09-25 04:19:20 ctrl.casD    INFO     PURGING CHAMBER, CasD
2020-09-25 04:19:21 ctrl.casD    INFO     WASHING SYRINGE WITH formalin
2020-09-25 04:19:22 ctrl.casD    INFO     ADDING formalin TO CasD
2020-09-25 04:19:24 ctrl.casD    INFO     CasD CURRENT FLUID: formalin
2020-09-25 04:19:24 ctrl.casD    INFO     CasD: Reagent (formalin) and residual fluid (formalin) do not require a density adjustment.
2020-09-25 04:19:24 ctrl.casD    INFO     FINISHED LOADING formalin TO CasD, Time: 4.01s
2020-09-25 04:24:57 ctrl.casD    INFO     Engage CasD...
2020-09-25 04:25:57 ctrl.casD    INFO     Engage CasD...
2020-09-25 04:26:02 ctrl.casD    INFO     PURGING CHAMBER, CasD
2020-09-25 04:26:03 ctrl.casD    INFO     WASHING SYRINGE WITH formalin
2020-09-25 04:26:04 ctrl.casD    INFO     ADDING formalin TO CasD
2020-09-25 04:26:06 ctrl.casD    INFO     CasD CURRENT FLUID: formalin
2020-09-25 04:26:06 ctrl.casD    INFO     CasD: Reagent (formalin) and residual fluid (formalin) do not require a density adjustment.
2020-09-25 04:26:06 ctrl.casD    INFO     FINISHED LOADING formalin TO CasD, Time: 4.01s
2020-09-25 04:26:27 ctrl.casD    INFO     INCUBATING CasD
2020-09-29 15:57:53 ctrl.casD    INFO     Engage CasD...
2020-09-30 02:38:56 ctrl.casD    INFO     Engage CasD...
2020-09-30 02:40:09 ctrl.casD    INFO     Engage CasD...
2020-09-30 03:40:30 ctrl.casD    INFO     Engage CasD...
2020-09-30 14:44:05 ctrl.casD    INFO     Engage CasD...
2020-09-30 14:50:06 ctrl.casD    INFO     Engage CasD...
2020-09-30 14:55:32 ctrl.casD    INFO     Engage CasD...
2020-09-30 15:59:04 ctrl.casD    INFO     Engage CasD...
2020-09-30 15:59:20 ctrl.casD    INFO     



2020-09-30 15:59:20 ctrl.casD    INFO     Starting Run!
sampleName                                                 asdfas
protocolName                                             otherops
protocolPath    /home/jackr/SampleMonitor/Git/CasQML/Protocols...
startlog                                                      605
Name: casD, dtype: object
2020-09-30 15:59:20 ctrl.casD    INFO     Starting task on casD
2020-09-30 15:59:20 ctrl.casD    INFO     ['casC', 'casB', 'casA', 'casD']
2020-09-30 15:59:20 ctrl.casD    DEBUG    ['self.mix(casL="D", numCycles=3, volume=1.0)', 'self.incubate(casL="D",incTime=48,mixAfter=7)', 'self.purge(casL="D")']
2020-09-30 15:59:20 ctrl.casD    DEBUG    ['Mixing', 'Incubation', 'Purge']
2020-09-30 15:59:20 ctrl.casD    DEBUG    1
2020-09-30 15:59:20 ctrl.casD    INFO     casD: Evaluating step 0
2020-09-30 15:59:20 ctrl.casD    INFO     ['self.mix(casL="D", numCycles=3, volume=1.0)']
2020-09-30 15:59:20 ctrl.casD    INFO     MIXING CasD, 3 TIMES, 1.0 VOLUME
2020-09-30 15:59:20 ctrl.casD    INFO     Mixing D, #1 of 3 cycles...
2020-09-30 15:59:22 ctrl.casD    INFO     Mixing D, #2 of 3 cycles...
2020-09-30 15:59:24 ctrl.casD    INFO     Mixing D, #3 of 3 cycles...
2020-09-30 15:59:26 ctrl.casD    INFO     Updating progress on casD...
2020-09-30 15:59:30 ctrl.casD    INFO     casD: Evaluating step 1
2020-09-30 15:59:30 ctrl.casD    INFO     ['self.incubate(casL="D",incTime=48,mixAfter=7)']
2020-09-30 15:59:30 ctrl.casD    INFO     INCUBATING CasD
2020-09-30 15:59:48 ctrl.casD    INFO     Mixing CasD...
2020-09-30 15:59:49 ctrl.casD    INFO     Inc. Mix Time: 1.00s
2020-09-30 15:59:58 ctrl.casD    INFO     Mixing CasD...
2020-09-30 15:59:59 ctrl.casD    INFO     Inc. Mix Time: 1.00s
2020-09-30 16:00:02 ctrl.casD    INFO     CasD publishing secs-remaining and new task DF!
2020-09-30 16:00:11 ctrl.casD    INFO     Mixing CasD...
2020-09-30 16:00:12 ctrl.casD    INFO     Inc. Mix Time: 1.00s
2020-09-30 16:00:21 ctrl.casD    INFO     Mixing CasD...
2020-09-30 16:00:22 ctrl.casD    INFO     Inc. Mix Time: 1.00s
2020-09-30 16:00:22 ctrl.casD    INFO     FINISHED INCUBATION of CasD
2020-09-30 16:00:22 ctrl.casD    INFO     Updating progress on casD...
2020-09-30 16:00:22 ctrl.casD    INFO     casD: Evaluating step 2
2020-09-30 16:00:22 ctrl.casD    INFO     ['self.purge(casL="D")']
2020-09-30 16:00:22 ctrl.casD    INFO     PURGING CHAMBER, CasD
2020-09-30 16:00:23 ctrl.casD    INFO     Finished all steps, starting to clean casD...
2020-09-30 16:00:23 ctrl.casD    INFO     Disengage CasD...
2020-09-30 16:00:23 ctrl.casD    INFO     Cleaning line for CasD
2020-09-30 16:00:23 ctrl.casD    INFO     PURGING LINE, CasD
2020-09-30 16:00:28 ctrl.casD    INFO     MEOH WASH of CasD LINE
2020-09-30 16:00:28 ctrl.casD    INFO     REMOVING MEOH WASH from LINE, CasD
2020-09-30 16:00:28 ctrl.casD    INFO     Clean Time: 5.01s
2020-09-30 16:00:28 ctrl.casD    INFO     Finished casD task!
2020-09-30 16:04:20 ctrl.casD    INFO     Engage CasD...
2020-09-30 16:04:57 ctrl.casD    INFO     Engage CasD...
2020-09-30 16:05:08 ctrl.casD    INFO     Engage CasD...
2020-09-30 16:05:22 ctrl.casD    INFO     Engage CasD...
2020-09-30 16:09:16 ctrl.casD    INFO     Engage CasD...
2020-09-30 16:09:41 ctrl.casD    INFO     Engage CasD...
2020-09-30 16:10:02 ctrl.casD    INFO     Engage CasD...
2020-09-30 16:12:49 ctrl.casD    INFO     Engage CasD...
2020-09-30 16:13:03 ctrl.casD    INFO     Engage CasD...
2020-09-30 16:13:52 ctrl.casD    INFO     Engage CasD...
2020-09-30 16:14:17 ctrl.casD    INFO     Engage CasD...
2020-09-30 16:14:50 ctrl.casD    INFO     Engage CasD...
2020-09-30 16:14:57 ctrl.casD    INFO     Engage CasD...
2020-09-30 16:15:58 ctrl.casD    INFO     Engage CasD...
2020-09-30 16:16:22 ctrl.casD    INFO     Engage CasD...
2020-09-30 16:16:51 ctrl.casD    INFO     Engage CasD...
2020-09-30 16:18:50 ctrl.casD    INFO     Engage CasD...
2020-09-30 16:19:03 ctrl.casD    INFO     Engage CasD...
2020-09-30 16:19:30 ctrl.casD    INFO     Engage CasD...
2020-09-30 17:02:46 ctrl.casD    INFO     Engage CasD...
2020-09-30 17:05:13 ctrl.casD    INFO     PURGING CHAMBER, CasD
2020-09-30 17:05:14 ctrl.casD    INFO     ADDING formalin TO CasD
2020-09-30 17:05:16 ctrl.casD    INFO     CasD CURRENT FLUID: formalin
2020-09-30 17:05:16 ctrl.casD    INFO     CasD: Reagent (formalin) and residual fluid (unk) do not require a density adjustment.
2020-09-30 17:05:16 ctrl.casD    INFO     FINISHED LOADING formalin TO CasD, Time: 3.01s
2020-09-30 17:05:30 ctrl.casD    INFO     PURGING CHAMBER, CasD
2020-09-30 17:05:31 ctrl.casD    INFO     ADDING formalin TO CasD
2020-09-30 17:05:33 ctrl.casD    INFO     CasD CURRENT FLUID: formalin
2020-09-30 17:05:33 ctrl.casD    INFO     CasD: Reagent (formalin) and residual fluid (formalin) do not require a density adjustment.
2020-09-30 17:05:33 ctrl.casD    INFO     FINISHED LOADING formalin TO CasD, Time: 3.01s
2020-09-30 17:06:32 ctrl.casD    INFO     PURGING CHAMBER, CasD
2020-09-30 17:06:33 ctrl.casD    INFO     WASHING SYRINGE WITH formalin
2020-09-30 17:06:34 ctrl.casD    INFO     ADDING formalin TO CasD
2020-09-30 17:06:36 ctrl.casD    INFO     CasD CURRENT FLUID: formalin
2020-09-30 17:06:36 ctrl.casD    INFO     CasD: Reagent (formalin) and residual fluid (formalin) do not require a density adjustment.
2020-09-30 17:06:36 ctrl.casD    INFO     FINISHED LOADING formalin TO CasD, Time: 4.01s
