2020-09-24 17:18:05 ctrl.casF    INFO     Engage CasF...
2020-09-24 17:23:44 ctrl.casF    INFO     Engage CasF...
2020-09-24 17:32:03 ctrl.casF    INFO     Engage CasF...
2020-09-24 17:45:22 ctrl.casF    INFO     Engage CasF...
2020-09-24 17:49:43 ctrl.casF    INFO     Engage CasF...
2020-09-24 17:50:04 ctrl.casF    INFO     Disengage CasF...
2020-09-24 17:51:44 ctrl.casF    INFO     Engage CasF...
2020-09-24 17:51:57 ctrl.casF    INFO     



2020-09-24 17:51:57 ctrl.casF    INFO     Starting Run!
sampleName                                                sadfsad
protocolName                                             otherops
protocolPath    /home/jackr/SampleMonitor/Git/CasQML/Protocols...
startlog                                                       10
Name: casF, dtype: object
2020-09-24 17:51:57 ctrl.casF    INFO     Starting task on casF
2020-09-24 17:51:57 ctrl.casF    INFO     ['casF']
2020-09-24 18:05:10 ctrl.casF    INFO     Engage CasF...
2020-09-24 22:46:03 ctrl.casF    INFO     Engage CasF...
2020-09-24 22:46:26 ctrl.casF    INFO     



2020-09-24 22:46:26 ctrl.casF    INFO     Starting Run!
sampleName                                             asdfasfasd
protocolName                                             otherops
protocolPath    /home/jackr/SampleMonitor/Git/CasQML/Protocols...
startlog                                                       24
Name: casF, dtype: object
2020-09-24 22:46:26 ctrl.casF    INFO     Starting task on casF
2020-09-24 22:46:26 ctrl.casF    INFO     ['casA', 'casD', 'casB', 'casE', 'casC', 'casF']
2020-09-24 22:46:26 ctrl.casF    DEBUG    ['self.mix(casL="F", numCycles=3, volume=1.0)', 'self.incubate(casL="F",incTime=48,mixAfter=7)', 'self.purge(casL="F")']
2020-09-24 22:46:26 ctrl.casF    DEBUG    ['Mixing', 'Incubation', 'Purge']
2020-09-24 22:46:26 ctrl.casF    DEBUG    1
2020-09-24 22:46:26 ctrl.casF    INFO     casF: Evaluating step 0
2020-09-24 22:46:26 ctrl.casF    INFO     ['self.mix(casL="F", numCycles=3, volume=1.0)']
2020-09-24 22:46:40 ctrl.casF    INFO     MIXING CasF, 3 TIMES, 1.0 VOLUME
2020-09-24 22:46:40 ctrl.casF    INFO     Mixing F, #1 of 3 cycles...
2020-09-24 22:46:42 ctrl.casF    INFO     Mixing F, #2 of 3 cycles...
2020-09-24 22:46:44 ctrl.casF    INFO     Mixing F, #3 of 3 cycles...
2020-09-24 22:46:46 ctrl.casF    INFO     Updating progress on casF...
2020-09-24 22:46:49 ctrl.casF    INFO     casF: Evaluating step 1
2020-09-24 22:46:49 ctrl.casF    INFO     ['self.incubate(casL="F",incTime=48,mixAfter=7)']
2020-09-24 22:46:49 ctrl.casF    INFO     INCUBATING CasF
2020-09-24 22:46:54 ctrl.casF    INFO     Mixing CasF...
2020-09-24 22:46:55 ctrl.casF    INFO     Inc. Mix Time: 1.00s
2020-09-24 22:47:04 ctrl.casF    INFO     Mixing CasF...
2020-09-24 22:47:05 ctrl.casF    INFO     Inc. Mix Time: 1.00s
2020-09-24 22:47:09 ctrl.casF    INFO     Mixing CasF...
2020-09-24 22:47:10 ctrl.casF    INFO     Inc. Mix Time: 1.00s
2020-09-24 22:47:14 ctrl.casF    INFO     Mixing CasF...
2020-09-24 22:47:15 ctrl.casF    INFO     Inc. Mix Time: 1.00s
2020-09-24 22:47:20 ctrl.casF    INFO     Mixing CasF...
2020-09-24 22:47:21 ctrl.casF    INFO     Inc. Mix Time: 1.00s
2020-09-24 22:47:21 ctrl.casF    INFO     Trying to cancel casF, getting active tasks...
2020-09-24 22:47:21 ctrl.casF    INFO     ['casA', 'casD', 'casB', 'casE', 'casF']
2020-09-24 22:47:24 ctrl.casF    INFO     SHUTDOWN CasF
2020-09-24 22:47:24 ctrl.casF    INFO     Disengage CasF...
2020-09-24 22:47:24 ctrl.casF    INFO     Cleaning line for CasF
2020-09-24 22:47:24 ctrl.casF    INFO     PURGING LINE, CasF
2020-09-24 22:47:29 ctrl.casF    INFO     MEOH WASH of CasF LINE
2020-09-24 22:47:29 ctrl.casF    INFO     REMOVING MEOH WASH from LINE, CasF
2020-09-24 22:47:29 ctrl.casF    INFO     Shutdown Time: 5.00s
2020-09-24 22:47:29 ctrl.casF    INFO     ['casA', 'casD', 'casB', 'casE']
2020-09-24 22:47:29 ctrl.casF    INFO     The run on casF has been cancelled? True.
2020-09-24 22:50:54 ctrl.casF    INFO     Engage CasF...
2020-09-24 22:59:05 ctrl.casF    INFO     Engage CasF...
2020-09-24 22:59:40 ctrl.casF    INFO     Engage CasF...
2020-09-24 23:00:01 ctrl.casF    INFO     Engage CasF...
2020-09-24 23:00:33 ctrl.casF    INFO     



2020-09-24 23:00:33 ctrl.casF    INFO     Starting Run!
sampleName                                            asdfsadfasd
protocolName                                             otherops
protocolPath    /home/jackr/SampleMonitor/Git/CasQML/Protocols...
startlog                                                       74
Name: casF, dtype: object
2020-09-24 23:00:33 ctrl.casF    INFO     Starting task on casF
2020-09-24 23:00:33 ctrl.casF    INFO     ['casE', 'casB', 'casF', 'casD', 'casA', 'casC']
2020-09-24 23:00:33 ctrl.casF    DEBUG    ['self.mix(casL="F", numCycles=3, volume=1.0)', 'self.incubate(casL="F",incTime=48,mixAfter=7)', 'self.purge(casL="F")']
2020-09-24 23:00:33 ctrl.casF    DEBUG    ['Mixing', 'Incubation', 'Purge']
2020-09-24 23:00:33 ctrl.casF    DEBUG    1
2020-09-24 23:00:33 ctrl.casF    INFO     casF: Evaluating step 0
2020-09-24 23:00:33 ctrl.casF    INFO     ['self.mix(casL="F", numCycles=3, volume=1.0)']
2020-09-24 23:00:51 ctrl.casF    INFO     MIXING CasF, 3 TIMES, 1.0 VOLUME
2020-09-24 23:00:51 ctrl.casF    INFO     Mixing F, #1 of 3 cycles...
2020-09-24 23:00:53 ctrl.casF    INFO     Mixing F, #2 of 3 cycles...
2020-09-24 23:00:55 ctrl.casF    INFO     Mixing F, #3 of 3 cycles...
2020-09-24 23:00:57 ctrl.casF    INFO     Updating progress on casF...
2020-09-24 23:00:59 ctrl.casF    INFO     casF: Evaluating step 1
2020-09-24 23:00:59 ctrl.casF    INFO     ['self.incubate(casL="F",incTime=48,mixAfter=7)']
2020-09-24 23:00:59 ctrl.casF    INFO     INCUBATING CasF
2020-09-24 23:01:03 ctrl.casF    INFO     Mixing CasF...
2020-09-24 23:01:04 ctrl.casF    INFO     Inc. Mix Time: 1.00s
2020-09-24 23:01:09 ctrl.casF    INFO     Mixing CasF...
2020-09-24 23:01:10 ctrl.casF    INFO     Inc. Mix Time: 1.00s
2020-09-24 23:01:14 ctrl.casF    INFO     Mixing CasF...
2020-09-24 23:01:15 ctrl.casF    INFO     Inc. Mix Time: 1.00s
2020-09-24 23:01:19 ctrl.casF    INFO     Mixing CasF...
2020-09-24 23:01:20 ctrl.casF    INFO     Inc. Mix Time: 1.00s
2020-09-24 23:01:24 ctrl.casF    INFO     Mixing CasF...
2020-09-24 23:01:25 ctrl.casF    INFO     Inc. Mix Time: 1.00s
2020-09-24 23:01:27 ctrl.casF    INFO     Mixing CasF...
2020-09-24 23:01:28 ctrl.casF    INFO     Inc. Mix Time: 1.00s
2020-09-24 23:01:32 ctrl.casF    INFO     Mixing CasF...
2020-09-24 23:01:33 ctrl.casF    CRITICAL Attempt to send on a closed protocol
2020-09-24 23:01:38 ctrl.casF    INFO     Engage CasF...
2020-09-24 23:01:38 ctrl.casF    DEBUG    running
2020-09-24 23:01:38 ctrl.casF    WARNING  Restarting Run...
sampleName                                            asdfsadfasd
protocolName                                             otherops
protocolPath    /home/jackr/SampleMonitor/Git/CasQML/Protocols...
Name: casF, dtype: object
2020-09-24 23:01:38 ctrl.casF    INFO     casF: Restarting at step # 2...
2020-09-24 23:01:38 ctrl.casF    INFO     casF: Restarting incubate timer
2020-09-24 23:01:38 ctrl.casF    DEBUG    ['casL="F"', 'incTime=48', 'mixAfter=7']
2020-09-24 23:01:38 ctrl.casF    DEBUG    1
2020-09-24 23:01:38 ctrl.casF    DEBUG    self.incubate(casL="F",incTime=48,mixAfter=7)
2020-09-24 23:01:38 ctrl.casF    INFO     Starting task on casF
2020-09-24 23:01:38 ctrl.casF    INFO     ['casE', 'casD', 'casA', 'casF']
2020-09-24 23:01:38 ctrl.casF    DEBUG    ['self.mix(casL="F", numCycles=3, volume=1.0)', 'self.incubate(casL="F",incTime=48,mixAfter=7)', 'self.purge(casL="F")']
2020-09-24 23:01:38 ctrl.casF    DEBUG    ['Mixing', 'Incubation', 'Purge']
2020-09-24 23:01:38 ctrl.casF    DEBUG    2
2020-09-24 23:01:38 ctrl.casF    INFO     casF: Evaluating step 1
2020-09-24 23:01:38 ctrl.casF    INFO     ['self.incubate(casL="F",incTime=48,mixAfter=7)']
2020-09-24 23:01:38 ctrl.casF    INFO     INCUBATING CasF
2020-09-24 23:01:41 ctrl.casF    INFO     Mixing CasF...
2020-09-24 23:01:42 ctrl.casF    INFO     Inc. Mix Time: 1.00s
2020-09-24 23:01:49 ctrl.casF    INFO     Mixing CasF...
2020-09-24 23:01:50 ctrl.casF    INFO     Inc. Mix Time: 1.00s
2020-09-24 23:01:52 ctrl.casF    INFO     Mixing CasF...
2020-09-24 23:01:53 ctrl.casF    INFO     Inc. Mix Time: 1.00s
2020-09-24 23:01:55 ctrl.casF    INFO     Mixing CasF...
2020-09-24 23:01:56 ctrl.casF    INFO     Inc. Mix Time: 1.00s
2020-09-24 23:01:58 ctrl.casF    INFO     Mixing CasF...
2020-09-24 23:01:59 ctrl.casF    INFO     Inc. Mix Time: 1.00s
2020-09-24 23:02:01 ctrl.casF    INFO     Mixing CasF...
2020-09-24 23:02:02 ctrl.casF    INFO     Inc. Mix Time: 1.00s
2020-09-24 23:02:04 ctrl.casF    INFO     Mixing CasF...
2020-09-24 23:02:05 ctrl.casF    INFO     Inc. Mix Time: 1.00s
2020-09-24 23:02:07 ctrl.casF    INFO     Mixing CasF...
2020-09-24 23:02:08 ctrl.casF    INFO     Inc. Mix Time: 1.00s
2020-09-24 23:02:08 ctrl.casF    INFO     Updating progress on casF...
2020-09-24 23:02:08 ctrl.casF    INFO     casF: Evaluating step 2
2020-09-24 23:02:08 ctrl.casF    INFO     ['self.purge(casL="F")']
2020-09-24 23:02:10 ctrl.casF    INFO     PURGING CHAMBER, CasF
2020-09-24 23:02:11 ctrl.casF    INFO     Finished all steps, starting to clean casF...
2020-09-24 23:02:21 ctrl.casF    INFO     Disengage CasF...
2020-09-24 23:02:21 ctrl.casF    INFO     Cleaning line for CasF
2020-09-24 23:02:21 ctrl.casF    INFO     PURGING LINE, CasF
2020-09-24 23:02:30 ctrl.casF    INFO     Engage CasF...
2020-09-24 23:05:31 ctrl.casF    INFO     Engage CasF...
2020-09-24 23:05:31 ctrl.casF    DEBUG    cleaning
2020-09-24 23:05:31 ctrl.casF    INFO     Disengage CasF...
2020-09-24 23:05:31 ctrl.casF    INFO     Cleaning line for CasF
2020-09-24 23:05:31 ctrl.casF    INFO     PURGING LINE, CasF
2020-09-24 23:05:36 ctrl.casF    INFO     MEOH WASH of CasF LINE
2020-09-24 23:05:36 ctrl.casF    INFO     REMOVING MEOH WASH from LINE, CasF
2020-09-24 23:05:36 ctrl.casF    INFO     Clean Time: 5.01s
2020-09-24 23:05:36 ctrl.casF    INFO     Finished casF task!
2020-09-24 23:06:20 ctrl.casF    INFO     Engage CasF...
2020-09-24 23:22:26 ctrl.casF    INFO     Engage CasF...
2020-09-24 23:22:38 ctrl.casF    INFO     Engage CasF...
2020-09-24 23:40:28 ctrl.casF    INFO     Engage CasF...
2020-09-24 23:43:24 ctrl.casF    INFO     Engage CasF...
2020-09-24 23:48:23 ctrl.casF    INFO     Engage CasF...
2020-09-24 23:55:16 ctrl.casF    INFO     Engage CasF...
2020-09-25 00:00:39 ctrl.casF    INFO     Engage CasF...
2020-09-25 00:01:45 ctrl.casF    INFO     Engage CasF...
2020-09-25 00:02:19 ctrl.casF    INFO     Engage CasF...
2020-09-25 02:32:35 ctrl.casF    INFO     Engage CasF...
2020-09-25 02:49:46 ctrl.casF    INFO     Engage CasF...
2020-09-25 02:52:49 ctrl.casF    INFO     Engage CasF...
2020-09-25 02:54:20 ctrl.casF    INFO     Engage CasF...
2020-09-25 03:07:02 ctrl.casF    INFO     Engage CasF...
2020-09-25 03:10:24 ctrl.casF    INFO     Engage CasF...
2020-09-25 03:11:43 ctrl.casF    INFO     Engage CasF...
2020-09-25 03:13:48 ctrl.casF    INFO     Engage CasF...
2020-09-25 03:24:07 ctrl.casF    INFO     Engage CasF...
2020-09-25 03:26:31 ctrl.casF    INFO     Engage CasF...
2020-09-25 03:27:16 ctrl.casF    INFO     Engage CasF...
2020-09-25 03:35:44 ctrl.casF    INFO     Engage CasF...
2020-09-25 04:08:06 ctrl.casF    INFO     Engage CasF...
2020-09-25 04:13:41 ctrl.casF    INFO     INCUBATING CasF
2020-09-25 04:18:22 ctrl.casF    INFO     PURGING CHAMBER, CasF
2020-09-25 04:18:23 ctrl.casF    INFO     WASHING SYRINGE WITH formalin
2020-09-25 04:18:24 ctrl.casF    INFO     ADDING formalin TO CasF
2020-09-25 04:18:26 ctrl.casF    INFO     CasF CURRENT FLUID: formalin
2020-09-25 04:18:26 ctrl.casF    INFO     CasF: Reagent (formalin) and residual fluid (unk) do not require a density adjustment.
2020-09-25 04:18:26 ctrl.casF    INFO     FINISHED LOADING formalin TO CasF, Time: 4.01s
2020-09-25 04:24:57 ctrl.casF    INFO     Engage CasF...
2020-09-25 04:25:57 ctrl.casF    INFO     Engage CasF...
2020-09-25 04:26:29 ctrl.casF    INFO     INCUBATING CasF
