2020-09-14 12:47:12 ctrl         INFO     9000
2020-09-14 12:47:12 ctrl         INFO     Loading last controller state...
2020-09-14 12:47:12 ctrl         INFO     Registered to all procedures!
2020-09-14 12:47:12 ctrl         INFO     Subscribed to 18 procedure(s)
2020-09-14 12:47:12 ctrl         INFO     No dcTask file was found, starting controller in null state.
2020-09-14 12:51:53 ctrl         WARNING  GUI is disconnected!
2020-09-14 12:51:53 ctrl         WARNING  ApplicationError(error=<wamp.error.no_such_procedure>, args=['no callee registered for procedure <com.prepbot.prothandler.heartbeat-gui>'], kwargs={}, enc_algo=None, callee=None, callee_authid=None, callee_authrole=None, forward_for=None)
2020-09-14 12:51:57 ctrl.casA    INFO     Engage CasA...
2020-09-14 12:52:01 ctrl.casA    INFO     



2020-09-14 12:52:01 ctrl.casA    INFO     Starting Run!
sampleName                                                asdas
protocolName                                       anotherprot2
protocolPath    /home/pi/CasMonitor/Protocols/anotherprot2.json
startlog                                                      4
Name: casA, dtype: object
2020-09-14 12:52:01 ctrl.casA    INFO     Starting task on casA
2020-09-14 12:52:01 ctrl.casA    INFO     ['casA']
2020-09-14 12:52:01 ctrl.casA    INFO     casA: Evaluating step 0
2020-09-14 12:52:01 ctrl.casA    INFO     ['self.incubate(casL="A",incTime=7200,mixAfter=120)']
2020-09-14 12:52:01 ctrl.casA    INFO     INCUBATING CasA
2020-09-14 12:52:06 ctrl         DEBUG    Sent updated casA cassette log!
2020-09-14 12:52:11 ctrl         DEBUG    CasA Incubation Seconds remaining: 7189
2020-09-14 12:52:21 ctrl         DEBUG    CasA Incubation Seconds remaining: 7179
2020-09-14 12:52:31 ctrl         DEBUG    CasA Incubation Seconds remaining: 7169
2020-09-14 12:52:31 ctrl.casA    INFO     CasA publishing secs-remaining!
2020-09-14 12:52:36 ctrl         DEBUG    Sent updated casA cassette log!
2020-09-14 12:52:41 ctrl         DEBUG    CasA Incubation Seconds remaining: 7159
2020-09-14 12:52:51 ctrl         DEBUG    CasA Incubation Seconds remaining: 7149
2020-09-14 12:52:56 ctrl         WARNING  GUI is disconnected!
2020-09-14 12:52:56 ctrl         WARNING  ApplicationError(error=<wamp.error.no_such_procedure>, args=['no callee registered for procedure <com.prepbot.prothandler.heartbeat-gui>'], kwargs={}, enc_algo=None, callee=None, callee_authid=None, callee_authrole=None, forward_for=None)
2020-09-14 12:53:01 ctrl         DEBUG    CasA Incubation Seconds remaining: 7139
2020-09-14 12:53:01 ctrl.casA    INFO     CasA publishing secs-remaining!
2020-09-14 12:53:11 ctrl         DEBUG    CasA Incubation Seconds remaining: 7129
2020-09-14 12:53:13 ctrl         DEBUG    Sent updated casA cassette log!
2020-09-14 12:53:21 ctrl         DEBUG    CasA Incubation Seconds remaining: 7119
2020-09-14 12:53:31 ctrl         DEBUG    CasA Incubation Seconds remaining: 7109
2020-09-14 12:53:31 ctrl.casA    INFO     CasA publishing secs-remaining!
2020-09-14 12:53:33 ctrl         WARNING  GUI is disconnected!
2020-09-14 12:53:33 ctrl         WARNING  ApplicationError(error=<wamp.error.no_such_procedure>, args=['no callee registered for procedure <com.prepbot.prothandler.heartbeat-gui>'], kwargs={}, enc_algo=None, callee=None, callee_authid=None, callee_authrole=None, forward_for=None)
2020-09-14 12:53:41 ctrl         DEBUG    CasA Incubation Seconds remaining: 7099
2020-09-14 12:53:51 ctrl         DEBUG    CasA Incubation Seconds remaining: 7089
2020-09-14 12:54:01 ctrl         DEBUG    CasA Incubation Seconds remaining: 7079
2020-09-14 12:54:01 ctrl.casA    INFO     CasA publishing secs-remaining!
2020-09-14 12:54:01 ctrl.casA    INFO     Mixing CasA...
2020-09-14 12:54:13 ctrl         DEBUG    CasA Incubation Seconds remaining: 7067
2020-09-14 12:54:23 ctrl         DEBUG    CasA Incubation Seconds remaining: 7057
2020-09-14 12:54:33 ctrl         DEBUG    CasA Incubation Seconds remaining: 7047
2020-09-14 12:54:33 ctrl.casA    INFO     CasA publishing secs-remaining!
2020-09-14 12:54:43 ctrl         DEBUG    CasA Incubation Seconds remaining: 7037
2020-09-14 12:54:53 ctrl         DEBUG    CasA Incubation Seconds remaining: 7027
2020-09-14 12:55:03 ctrl         DEBUG    CasA Incubation Seconds remaining: 7017
2020-09-14 12:55:03 ctrl.casA    INFO     CasA publishing secs-remaining!
2020-09-14 12:55:13 ctrl         DEBUG    CasA Incubation Seconds remaining: 7007
2020-09-14 12:55:23 ctrl         DEBUG    CasA Incubation Seconds remaining: 6997
2020-09-14 12:55:33 ctrl         DEBUG    CasA Incubation Seconds remaining: 6987
2020-09-14 12:55:33 ctrl.casA    INFO     CasA publishing secs-remaining!
2020-09-14 12:55:43 ctrl         DEBUG    CasA Incubation Seconds remaining: 6977
2020-09-14 12:55:53 ctrl         DEBUG    CasA Incubation Seconds remaining: 6967
2020-09-14 12:56:03 ctrl         DEBUG    CasA Incubation Seconds remaining: 6957
2020-09-14 12:56:03 ctrl.casA    INFO     CasA publishing secs-remaining!
2020-09-14 12:56:03 ctrl.casA    INFO     Mixing CasA...
2020-09-14 12:56:15 ctrl         DEBUG    CasA Incubation Seconds remaining: 6945
2020-09-14 12:56:25 ctrl         DEBUG    CasA Incubation Seconds remaining: 6935
2020-09-14 12:56:35 ctrl         DEBUG    CasA Incubation Seconds remaining: 6925
2020-09-14 12:56:35 ctrl.casA    INFO     CasA publishing secs-remaining!
2020-09-14 12:56:46 ctrl         DEBUG    CasA Incubation Seconds remaining: 6915
2020-09-14 12:56:56 ctrl         DEBUG    CasA Incubation Seconds remaining: 6905
2020-09-14 12:57:05 ctrl         DEBUG    Sent updated casA cassette log!
2020-09-14 12:57:06 ctrl         DEBUG    CasA Incubation Seconds remaining: 6895
2020-09-14 12:57:06 ctrl.casA    INFO     CasA publishing secs-remaining!
2020-09-14 12:57:15 ctrl         DEBUG    Sent updated casA cassette log!
2020-09-14 12:57:16 ctrl         DEBUG    CasA Incubation Seconds remaining: 6885
2020-09-14 12:57:26 ctrl         DEBUG    CasA Incubation Seconds remaining: 6875
2020-09-14 12:57:36 ctrl         DEBUG    CasA Incubation Seconds remaining: 6865
2020-09-14 12:57:36 ctrl.casA    INFO     CasA publishing secs-remaining!
2020-09-14 12:57:45 ctrl         DEBUG    Sent updated casA cassette log!
2020-09-14 12:57:46 ctrl         DEBUG    CasA Incubation Seconds remaining: 6855
2020-09-14 12:57:56 ctrl         DEBUG    CasA Incubation Seconds remaining: 6845
2020-09-14 12:58:06 ctrl         DEBUG    CasA Incubation Seconds remaining: 6835
2020-09-14 12:58:06 ctrl.casA    INFO     CasA publishing secs-remaining!
2020-09-14 12:58:06 ctrl.casA    INFO     Mixing CasA...
2020-09-14 12:58:15 ctrl         DEBUG    Sent updated casA cassette log!
2020-09-14 12:58:18 ctrl         DEBUG    CasA Incubation Seconds remaining: 6823
2020-09-14 12:58:28 ctrl         DEBUG    CasA Incubation Seconds remaining: 6813
2020-09-14 12:58:38 ctrl         DEBUG    CasA Incubation Seconds remaining: 6803
2020-09-14 12:58:38 ctrl.casA    INFO     CasA publishing secs-remaining!
2020-09-14 12:58:45 ctrl         DEBUG    Sent updated casA cassette log!
2020-09-14 12:58:48 ctrl         DEBUG    CasA Incubation Seconds remaining: 6793
2020-09-14 12:58:58 ctrl         DEBUG    CasA Incubation Seconds remaining: 6783
2020-09-14 12:59:08 ctrl         DEBUG    CasA Incubation Seconds remaining: 6773
2020-09-14 12:59:08 ctrl.casA    INFO     CasA publishing secs-remaining!
2020-09-14 12:59:15 ctrl         DEBUG    Sent updated casA cassette log!
2020-09-14 12:59:18 ctrl         DEBUG    CasA Incubation Seconds remaining: 6763
2020-09-14 12:59:28 ctrl         DEBUG    CasA Incubation Seconds remaining: 6753
2020-09-14 12:59:38 ctrl         DEBUG    CasA Incubation Seconds remaining: 6743
2020-09-14 12:59:38 ctrl.casA    INFO     CasA publishing secs-remaining!
2020-09-14 12:59:45 ctrl         DEBUG    Sent updated casA cassette log!
2020-09-14 12:59:48 ctrl         DEBUG    CasA Incubation Seconds remaining: 6733
2020-09-14 12:59:58 ctrl         DEBUG    CasA Incubation Seconds remaining: 6723
2020-09-14 13:00:08 ctrl         DEBUG    CasA Incubation Seconds remaining: 6713
2020-09-14 13:00:08 ctrl.casA    INFO     CasA publishing secs-remaining!
2020-09-14 13:00:08 ctrl.casA    INFO     Mixing CasA...
2020-09-14 13:00:15 ctrl         DEBUG    Sent updated casA cassette log!
2020-09-14 13:00:20 ctrl         DEBUG    CasA Incubation Seconds remaining: 6701
2020-09-14 13:00:30 ctrl         DEBUG    CasA Incubation Seconds remaining: 6691
2020-09-14 13:00:40 ctrl         DEBUG    CasA Incubation Seconds remaining: 6681
2020-09-14 13:00:40 ctrl.casA    INFO     CasA publishing secs-remaining!
2020-09-14 13:00:45 ctrl         DEBUG    Sent updated casA cassette log!
2020-09-14 13:00:50 ctrl         DEBUG    CasA Incubation Seconds remaining: 6671
2020-09-14 13:01:00 ctrl         DEBUG    CasA Incubation Seconds remaining: 6661
2020-09-14 13:01:10 ctrl         DEBUG    CasA Incubation Seconds remaining: 6651
2020-09-14 13:01:10 ctrl.casA    INFO     CasA publishing secs-remaining!
2020-09-14 13:01:12 ctrl.casA    INFO     Trying to cancel casA, getting active tasks...
2020-09-14 13:01:12 ctrl.casA    INFO     ['casA']
2020-09-14 13:01:12 ctrl.casA    INFO     SHUTDOWN CasA
2020-09-14 13:01:15 ctrl         DEBUG    Sent updated casA cassette log!
2020-09-14 13:01:45 ctrl         WARNING  GUI is disconnected!
2020-09-14 13:01:45 ctrl         WARNING  ApplicationError(error=<wamp.error.no_such_procedure>, args=['no callee registered for procedure <com.prepbot.prothandler.heartbeat-gui>'], kwargs={}, enc_algo=None, callee=None, callee_authid=None, callee_authrole=None, forward_for=None)
2020-09-14 13:05:13 ctrl         WARNING  GUI is disconnected!
2020-09-14 13:05:13 ctrl         WARNING  ApplicationError(error=<wamp.error.no_such_procedure>, args=['no callee registered for procedure <com.prepbot.prothandler.heartbeat-gui>'], kwargs={}, enc_algo=None, callee=None, callee_authid=None, callee_authrole=None, forward_for=None)
2020-09-14 13:05:15 ctrl         WARNING  Disconnected, ['casA']
2020-09-14 13:05:15 ctrl         INFO     Writing disconnect-state to file...
