2022-03-10 13:56:33 gui          INFO     Registering GUI functions...
2022-03-10 13:56:33 gui          INFO     Registered all procedures!
2022-03-10 13:56:33 gui          INFO     Subscribing to procedures...
2022-03-10 13:56:33 gui          INFO     Subscribed to 14 procedure(s)
2022-03-10 13:56:33 gui          INFO     Connecting to controller...
2022-03-10 13:56:33 gui          INFO     Checking if machine is homed...
2022-03-10 13:56:33 gui          INFO     Machine is homed? : False
2022-03-10 13:56:33 gui          INFO     Getting controller parameters..
2022-03-10 13:56:33 gui          INFO     Getting controller task dataframe...
2022-03-10 13:56:33 gui          INFO     Repopulating GUI with controller procedures!
2022-03-10 13:56:33 gui          INFO     Emitting engages! CAS1
2022-03-10 13:56:33 gui          INFO     CAS2: Repopulating GUI task
2022-03-10 13:56:33 gui          INFO     Emitting engages! CAS3
2022-03-10 13:56:33 gui          INFO     Finished setting tasks and repopulating GUI!
2022-03-10 13:56:33 gui          INFO     Finished reconnecting loggers!
2022-03-10 13:56:33 gui          INFO     FINISHED JOIN!
2022-03-10 13:56:33 gui          INFO     Sending controller joined to GUI!
2022-03-10 13:57:18 gui          INFO     CAS1 disengage complete
2022-03-10 13:57:20 gui          INFO     CAS3 disengage complete
2022-03-10 13:57:22 gui          INFO     CAS2 engage complete
2022-03-10 13:57:24 gui          INFO     CAS1 engage complete
2022-03-10 13:57:26 gui          INFO     CAS3 engage complete
2022-03-10 14:14:52 gui          INFO     Disconnected GUI
2022-03-10 14:14:52 gui          INFO          status stepNum secsRemaining  ... protocolName startlog endlog
CAS1   None     NaN           NaN  ...         None      NaN    NaN
CAS2   idle       6             0  ...           t2     3183   3231
CAS3   None     NaN           NaN  ...         None      NaN    NaN
CAS4   None     NaN           NaN  ...         None      NaN    NaN
CAS5   None     NaN           NaN  ...         None      NaN    NaN
CAS6   None     NaN           NaN  ...         None      NaN    NaN

[6 rows x 14 columns]
2022-03-10 14:16:20 gui          INFO     Registering GUI functions...
2022-03-10 14:16:20 gui          INFO     Registered all procedures!
2022-03-10 14:16:20 gui          INFO     Subscribing to procedures...
2022-03-10 14:16:21 gui          INFO     Subscribed to 14 procedure(s)
2022-03-10 14:16:21 gui          INFO     Connecting to controller...
2022-03-10 14:16:21 gui          INFO     Checking if machine is homed...
2022-03-10 14:16:21 gui          INFO     Machine is homed? : False
2022-03-10 14:16:21 gui          INFO     Getting controller parameters..
2022-03-10 14:16:21 gui          INFO     Getting controller task dataframe...
2022-03-10 14:16:21 gui          INFO     Repopulating GUI with controller procedures!
2022-03-10 14:16:21 gui          INFO     Emitting engages! CAS1
2022-03-10 14:16:21 gui          INFO     CAS2: Repopulating GUI task
2022-03-10 14:16:21 gui          INFO     Emitting engages! CAS3
2022-03-10 14:16:21 gui          INFO     Finished setting tasks and repopulating GUI!
2022-03-10 14:16:21 gui          INFO     Finished reconnecting loggers!
2022-03-10 14:16:21 gui          INFO     FINISHED JOIN!
2022-03-10 14:16:21 gui          INFO     Sending controller joined to GUI!
2022-03-10 14:17:15 gui          INFO     Disconnected GUI
2022-03-10 14:17:15 gui          INFO             status stepNum secsRemaining  ... protocolName startlog endlog
CAS1      None     NaN           NaN  ...         None      NaN    NaN
CAS2  finished       6             0  ...           t2     3183   3231
CAS3      None     NaN           NaN  ...         None      NaN    NaN
CAS4      None     NaN           NaN  ...         None      NaN    NaN
CAS5      None     NaN           NaN  ...         None      NaN    NaN
CAS6      None     NaN           NaN  ...         None      NaN    NaN

[6 rows x 14 columns]
2022-03-10 14:17:28 gui          INFO     Registering GUI functions...
2022-03-10 14:17:28 gui          INFO     Registered all procedures!
2022-03-10 14:17:28 gui          INFO     Subscribing to procedures...
2022-03-10 14:17:28 gui          INFO     Subscribed to 14 procedure(s)
2022-03-10 14:17:28 gui          INFO     Connecting to controller...
2022-03-10 14:17:28 gui          INFO     Checking if machine is homed...
2022-03-10 14:17:28 gui          INFO     Machine is homed? : False
2022-03-10 14:17:28 gui          INFO     Getting controller parameters..
2022-03-10 14:17:28 gui          INFO     Getting controller task dataframe...
2022-03-10 14:17:28 gui          INFO     Repopulating GUI with controller procedures!
2022-03-10 14:17:28 gui          INFO     Emitting engages! CAS1
2022-03-10 14:17:28 gui          INFO     CAS2: Repopulating GUI task
2022-03-10 14:17:28 gui          INFO     Emitting engages! CAS3
2022-03-10 14:17:28 gui          INFO     Finished setting tasks and repopulating GUI!
2022-03-10 14:17:28 gui          INFO     Finished reconnecting loggers!
2022-03-10 14:17:28 gui          INFO     FINISHED JOIN!
2022-03-10 14:17:28 gui          INFO     Sending controller joined to GUI!
2022-03-10 14:18:19 gui          INFO     Disconnected GUI
2022-03-10 14:18:19 gui          INFO             status stepNum secsRemaining  ... protocolName startlog endlog
CAS1      None     NaN           NaN  ...         None      NaN    NaN
CAS2  finished       6             0  ...           t2     3183   3231
CAS3      None     NaN           NaN  ...         None      NaN    NaN
CAS4      None     NaN           NaN  ...         None      NaN    NaN
CAS5      None     NaN           NaN  ...         None      NaN    NaN
CAS6      None     NaN           NaN  ...         None      NaN    NaN

[6 rows x 14 columns]
2022-03-10 14:21:43 gui          INFO     Registering GUI functions...
2022-03-10 14:21:43 gui          INFO     Registered all procedures!
2022-03-10 14:21:43 gui          INFO     Subscribing to procedures...
2022-03-10 14:21:43 gui          INFO     Subscribed to 14 procedure(s)
2022-03-10 14:21:43 gui          INFO     Connecting to controller...
2022-03-10 14:21:43 gui          INFO     Checking if machine is homed...
2022-03-10 14:21:43 gui          INFO     Machine is homed? : False
2022-03-10 14:21:43 gui          INFO     Getting controller parameters..
2022-03-10 14:21:43 gui          INFO     Getting controller task dataframe...
2022-03-10 14:21:43 gui          INFO     Repopulating GUI with controller procedures!
2022-03-10 14:21:43 gui          INFO     Emitting engages! CAS1
2022-03-10 14:21:43 gui          INFO     CAS2: Repopulating GUI task
2022-03-10 14:21:43 gui          INFO     Emitting engages! CAS3
2022-03-10 14:21:43 gui          INFO     Finished setting tasks and repopulating GUI!
2022-03-10 14:21:43 gui          INFO     Finished reconnecting loggers!
2022-03-10 14:21:43 gui          INFO     FINISHED JOIN!
2022-03-10 14:21:43 gui          INFO     Sending controller joined to GUI!
2022-03-10 14:22:44 gui          WARNING  ApplicationError(error=<wamp.error.no_such_procedure>, args=['no callee registered for procedure <com.prepbot.prothandler.heartbeat-ctrl>'], kwargs={}, enc_algo=None, callee=None, callee_authid=None, callee_authrole=None, forward_for=None)
2022-03-10 14:22:44 gui          WARNING  Controller disconnected...
2022-03-10 14:22:44 gui          WARNING  Sending disconnect to GUI!
2022-03-10 14:25:50 gui          INFO     Disconnected GUI
2022-03-10 14:25:50 gui          INFO             status stepNum secsRemaining  ... protocolName startlog endlog
CAS1      None     NaN           NaN  ...         None      NaN    NaN
CAS2  finished       6             0  ...           t2     3183   3231
CAS3      None     NaN           NaN  ...         None      NaN    NaN
CAS4      None     NaN           NaN  ...         None      NaN    NaN
CAS5      None     NaN           NaN  ...         None      NaN    NaN
CAS6      None     NaN           NaN  ...         None      NaN    NaN

[6 rows x 14 columns]
2022-03-10 14:27:02 gui          INFO     Registering GUI functions...
2022-03-10 14:27:02 gui          INFO     Registered all procedures!
2022-03-10 14:27:02 gui          INFO     Subscribing to procedures...
2022-03-10 14:27:02 gui          INFO     Subscribed to 14 procedure(s)
2022-03-10 14:27:02 gui          INFO     Connecting to controller...
2022-03-10 14:27:02 gui          INFO     Checking if machine is homed...
2022-03-10 14:27:02 gui          INFO     Machine is homed? : False
2022-03-10 14:27:02 gui          INFO     Getting controller parameters..
2022-03-10 14:27:02 gui          INFO     Getting controller task dataframe...
2022-03-10 14:27:02 gui          INFO     Repopulating GUI with controller procedures!
2022-03-10 14:27:02 gui          INFO     Emitting engages! CAS1
2022-03-10 14:27:02 gui          INFO     CAS2: Repopulating GUI task
2022-03-10 14:27:02 gui          INFO     Emitting engages! CAS3
2022-03-10 14:27:02 gui          INFO     Finished setting tasks and repopulating GUI!
2022-03-10 14:27:02 gui          INFO     Finished reconnecting loggers!
2022-03-10 14:27:02 gui          INFO     FINISHED JOIN!
2022-03-10 14:27:02 gui          INFO     Sending controller joined to GUI!
2022-03-10 14:28:15 gui          INFO     Disconnected GUI
2022-03-10 14:28:15 gui          INFO             status stepNum secsRemaining  ... protocolName startlog endlog
CAS1      None     NaN           NaN  ...         None      NaN    NaN
CAS2  finished       6             0  ...           t2     3183   3231
CAS3      None     NaN           NaN  ...         None      NaN    NaN
CAS4      None     NaN           NaN  ...         None      NaN    NaN
CAS5      None     NaN           NaN  ...         None      NaN    NaN
CAS6      None     NaN           NaN  ...         None      NaN    NaN

[6 rows x 14 columns]
2022-03-10 14:32:15 gui          INFO     Registering GUI functions...
2022-03-10 14:32:15 gui          INFO     Registered all procedures!
2022-03-10 14:32:15 gui          INFO     Subscribing to procedures...
2022-03-10 14:32:15 gui          INFO     Subscribed to 14 procedure(s)
2022-03-10 14:32:15 gui          INFO     Connecting to controller...
2022-03-10 14:32:15 gui          INFO     Checking if machine is homed...
2022-03-10 14:35:25 gui          WARNING  Waiting until controller is connected...
2022-03-10 14:35:25 gui          WARNING  ApplicationError(error=<wamp.close.normal>, args=[None], kwargs={}, enc_algo=None, callee=None, callee_authid=None, callee_authrole=None, forward_for=None)
2022-03-10 14:35:25 gui          INFO     Disconnected GUI
2022-03-10 14:35:25 gui          INFO          status stepNum secsRemaining  ... protocolName startlog endlog
CAS1    NaN     NaN           NaN  ...          NaN      NaN    NaN
CAS2    NaN     NaN           NaN  ...          NaN      NaN    NaN
CAS3    NaN     NaN           NaN  ...          NaN      NaN    NaN
CAS4    NaN     NaN           NaN  ...          NaN      NaN    NaN
CAS5    NaN     NaN           NaN  ...          NaN      NaN    NaN
CAS6    NaN     NaN           NaN  ...          NaN      NaN    NaN

[6 rows x 14 columns]
2022-03-10 14:35:33 gui          INFO     Registering GUI functions...
2022-03-10 14:35:33 gui          INFO     Registered all procedures!
2022-03-10 14:35:33 gui          INFO     Subscribing to procedures...
2022-03-10 14:35:33 gui          INFO     Subscribed to 14 procedure(s)
2022-03-10 14:35:33 gui          INFO     Connecting to controller...
2022-03-10 14:35:33 gui          INFO     Checking if machine is homed...
2022-03-10 14:36:07 gui          WARNING  Waiting until controller is connected...
2022-03-10 14:36:07 gui          WARNING  ApplicationError(error=<wamp.close.normal>, args=[None], kwargs={}, enc_algo=None, callee=None, callee_authid=None, callee_authrole=None, forward_for=None)
2022-03-10 14:36:07 gui          INFO     Disconnected GUI
2022-03-10 14:36:07 gui          INFO          status stepNum secsRemaining  ... protocolName startlog endlog
CAS1    NaN     NaN           NaN  ...          NaN      NaN    NaN
CAS2    NaN     NaN           NaN  ...          NaN      NaN    NaN
CAS3    NaN     NaN           NaN  ...          NaN      NaN    NaN
CAS4    NaN     NaN           NaN  ...          NaN      NaN    NaN
CAS5    NaN     NaN           NaN  ...          NaN      NaN    NaN
CAS6    NaN     NaN           NaN  ...          NaN      NaN    NaN

[6 rows x 14 columns]
2022-03-10 14:44:21 gui          INFO     Registering GUI functions...
2022-03-10 14:44:21 gui          INFO     Registered all procedures!
2022-03-10 14:44:21 gui          INFO     Subscribing to procedures...
2022-03-10 14:44:21 gui          INFO     Subscribed to 14 procedure(s)
2022-03-10 14:44:21 gui          INFO     Connecting to controller...
2022-03-10 14:44:21 gui          INFO     Checking if machine is homed...
2022-03-10 14:44:46 gui          WARNING  Waiting until controller is connected...
2022-03-10 14:44:46 gui          WARNING  ApplicationError(error=<wamp.close.normal>, args=[None], kwargs={}, enc_algo=None, callee=None, callee_authid=None, callee_authrole=None, forward_for=None)
2022-03-10 14:44:46 gui          INFO     Disconnected GUI
2022-03-10 14:44:46 gui          INFO          status stepNum secsRemaining  ... protocolName startlog endlog
CAS1    NaN     NaN           NaN  ...          NaN      NaN    NaN
CAS2    NaN     NaN           NaN  ...          NaN      NaN    NaN
CAS3    NaN     NaN           NaN  ...          NaN      NaN    NaN
CAS4    NaN     NaN           NaN  ...          NaN      NaN    NaN
CAS5    NaN     NaN           NaN  ...          NaN      NaN    NaN
CAS6    NaN     NaN           NaN  ...          NaN      NaN    NaN

[6 rows x 14 columns]
2022-03-10 14:45:43 gui          INFO     Registering GUI functions...
2022-03-10 14:45:43 gui          INFO     Registered all procedures!
2022-03-10 14:45:43 gui          INFO     Subscribing to procedures...
2022-03-10 14:45:43 gui          INFO     Subscribed to 14 procedure(s)
2022-03-10 14:45:43 gui          INFO     Connecting to controller...
2022-03-10 14:45:43 gui          INFO     Checking if machine is homed...
2022-03-10 14:47:21 gui          WARNING  Waiting until controller is connected...
2022-03-10 14:47:21 gui          WARNING  ApplicationError(error=<wamp.close.normal>, args=[None], kwargs={}, enc_algo=None, callee=None, callee_authid=None, callee_authrole=None, forward_for=None)
2022-03-10 14:47:21 gui          INFO     Disconnected GUI
2022-03-10 14:47:21 gui          INFO          status stepNum secsRemaining  ... protocolName startlog endlog
CAS1    NaN     NaN           NaN  ...          NaN      NaN    NaN
CAS2    NaN     NaN           NaN  ...          NaN      NaN    NaN
CAS3    NaN     NaN           NaN  ...          NaN      NaN    NaN
CAS4    NaN     NaN           NaN  ...          NaN      NaN    NaN
CAS5    NaN     NaN           NaN  ...          NaN      NaN    NaN
CAS6    NaN     NaN           NaN  ...          NaN      NaN    NaN

[6 rows x 14 columns]
2022-03-10 15:50:12 gui          INFO     Registering GUI functions...
2022-03-10 15:50:12 gui          INFO     Registered all procedures!
2022-03-10 15:50:12 gui          INFO     Subscribing to procedures...
2022-03-10 15:50:12 gui          INFO     Subscribed to 15 procedure(s)
2022-03-10 15:50:12 gui          INFO     Connecting to controller...
2022-03-10 15:50:12 gui          INFO     Getting hardware lock and homing...
2022-03-10 15:51:17 gui          INFO     CAS3 disengage complete
2022-03-10 15:51:17 gui          INFO     CAS2 disengage complete
2022-03-10 15:51:17 gui          INFO     CAS1 disengage complete
2022-03-10 15:51:25 gui          INFO     CAS3 engage complete
2022-03-10 15:51:25 gui          INFO     CAS2 engage complete
2022-03-10 15:51:25 gui          INFO     CAS1 engage complete
2022-03-10 15:51:39 gui          INFO     CAS2: Starting protocol:
['self.incubate(cas="CAS2",incTime=0,mixAfter=0,mixVol=0.1,extraVolOut=0.0)', 'self.mix(cas="CAS2", numCycles=3, volume=0.1)', 'self.purge(cas="CAS2")', 'self.loadReagent(cas="CAS2",reagent="FORMALIN",ml=0.5,inSpeed=500,chamberSpeed=50,lineSpeed=400,washSyr="auto",washSyrReagent="MEOH")', 'self.loadReagent(cas="CAS2",reagent="MEOH",ml=0.5,inSpeed=500,chamberSpeed=50,lineSpeed=200,washSyr="auto",washSyrReagent="MEOH")', 'self.loadReagent(cas="CAS2",reagent="DYE",ml=0.2,inSpeed=200,chamberSpeed=50,lineSpeed=200,washSyr="auto",washSyrReagent="MEOH")', 'self.loadReagent(cas="CAS2",reagent="BABB",ml=0.5,inSpeed=200,chamberSpeed=25,lineSpeed=200,washSyr="auto",washSyrReagent="MEOH")']
['Incubation', 'Mixing', 'Purge', 'Load Formalin', 'Load Dehydrant', 'Load Stain', 'Load BABB']
[0, 300, 300, 90, 90, 90, 90]
2022-03-10 15:51:39 gui          INFO     CAS2: Confirmed protocol and sending sample log.
2022-03-10 15:51:39 gui          INFO     CAS2: Update run details log
2022-03-10 15:51:40 gui          INFO     CAS2: Updating progress to next step
2022-03-10 15:51:43 gui          INFO     CAS2: Update run details log
2022-03-10 15:51:45 gui          INFO     CAS2: Updating progress to next step
2022-03-10 15:51:46 gui          INFO     CAS2: Requesting a refresh on run details log.
2022-03-10 15:51:47 gui          INFO     CAS2: Update run details log
2022-03-10 15:51:48 gui          INFO     CAS2: Updating progress to next step
2022-03-10 15:51:51 gui          INFO     CAS2: Update run details log
2022-03-10 15:51:52 gui          INFO     CAS2: Updating progress to next step
2022-03-10 15:51:54 gui          INFO     CAS2: Update run details log
2022-03-10 15:51:57 gui          INFO     CAS2: Update run details log
2022-03-10 15:51:59 gui          INFO     CAS2: Updating progress to next step
2022-03-10 15:52:10 gui          INFO     CAS2: Update run details log
2022-03-10 15:52:11 gui          INFO     CAS2: Updating progress to next step
2022-03-10 15:52:20 gui          INFO     CAS2: Update run details log
2022-03-10 15:52:21 gui          INFO     CAS2: Updating progress to next step
2022-03-10 15:52:22 gui          INFO     
Cleaning Line of CAS2!!!

2022-03-10 15:52:25 gui          INFO     CAS2: Update run details log
2022-03-10 15:52:35 gui          INFO     CAS2: Update run details log
2022-03-10 15:52:45 gui          INFO     CAS2: Requesting a refresh on run details log.
2022-03-10 15:55:48 gui          WARNING  Waiting until controller is connected...
2022-03-10 15:55:48 gui          WARNING  ApplicationError(error=<wamp.close.normal>, args=[None], kwargs={}, enc_algo=None, callee=None, callee_authid=None, callee_authrole=None, forward_for=None)
2022-03-10 15:55:48 gui          INFO     Disconnected GUI
2022-03-10 15:55:48 gui          INFO             status stepNum secsRemaining  ...  protocolName startlog endlog
CAS1       NaN     NaN           NaN  ...           NaN      NaN    NaN
CAS2  finished       7             0  ...  Full Process        6    309
CAS3       NaN     NaN           NaN  ...           NaN      NaN    NaN
CAS4       NaN     NaN           NaN  ...           NaN      NaN    NaN
CAS5       NaN     NaN           NaN  ...           NaN      NaN    NaN
CAS6       NaN     NaN           NaN  ...           NaN      NaN    NaN

[6 rows x 14 columns]
2022-03-10 15:56:05 gui          INFO     Registering GUI functions...
2022-03-10 15:56:05 gui          INFO     Registered all procedures!
2022-03-10 15:56:05 gui          INFO     Subscribing to procedures...
2022-03-10 15:56:05 gui          INFO     Subscribed to 15 procedure(s)
2022-03-10 15:56:05 gui          INFO     Connecting to controller...
2022-03-10 15:56:05 gui          INFO     Getting hardware lock and homing...
2022-03-10 15:56:20 gui          WARNING  Waiting until controller is connected...
2022-03-10 15:56:20 gui          WARNING  ApplicationError(error=<wamp.error.canceled>, args=['callee disconnected from in-flight request'], kwargs={}, enc_algo=None, callee=None, callee_authid=None, callee_authrole=None, forward_for=None)
2022-03-10 15:56:25 gui          INFO     Finished setting tasks and repopulating GUI!
2022-03-10 15:56:25 gui          INFO     Finished reconnecting loggers!
2022-03-10 15:56:25 gui          INFO     FINISHED JOIN!
2022-03-10 15:56:25 gui          WARNING  Attempt to send on a closed protocol
2022-03-10 15:56:25 gui          WARNING  Controller disconnected...
2022-03-10 15:56:25 gui          WARNING  Sending disconnect to GUI!
2022-03-10 15:56:25 gui          INFO     Disconnected GUI
2022-03-10 15:56:25 gui          INFO          status stepNum secsRemaining  ... protocolName startlog endlog
CAS1    NaN     NaN           NaN  ...          NaN      NaN    NaN
CAS2    NaN     NaN           NaN  ...          NaN      NaN    NaN
CAS3    NaN     NaN           NaN  ...          NaN      NaN    NaN
CAS4    NaN     NaN           NaN  ...          NaN      NaN    NaN
CAS5    NaN     NaN           NaN  ...          NaN      NaN    NaN
CAS6    NaN     NaN           NaN  ...          NaN      NaN    NaN

[6 rows x 14 columns]
2022-03-10 15:56:26 gui          INFO     Registering GUI functions...
2022-03-10 15:56:26 gui          INFO     Registered all procedures!
2022-03-10 15:56:26 gui          INFO     Subscribing to procedures...
2022-03-10 15:56:26 gui          INFO     Subscribed to 15 procedure(s)
2022-03-10 15:56:26 gui          INFO     Connecting to controller...
2022-03-10 15:56:26 gui          INFO     Getting hardware lock and homing...
2022-03-10 15:56:26 gui          WARNING  Waiting until controller is connected...
2022-03-10 15:56:26 gui          WARNING  ApplicationError(error=<wamp.error.no_such_procedure>, args=['no callee registered for procedure <com.prepbot.prothandler.gui-get-machine-homed>'], kwargs={}, enc_algo=None, callee=None, callee_authid=None, callee_authrole=None, forward_for=None)
2022-03-10 15:56:31 gui          INFO     Finished setting tasks and repopulating GUI!
2022-03-10 15:56:31 gui          INFO     Finished reconnecting loggers!
2022-03-10 15:56:31 gui          INFO     FINISHED JOIN!
2022-03-10 15:56:31 gui          WARNING  Attempt to send on a closed protocol
2022-03-10 15:56:31 gui          WARNING  Controller disconnected...
2022-03-10 15:56:31 gui          WARNING  Sending disconnect to GUI!
2022-03-10 15:56:31 gui          INFO     Disconnected GUI
2022-03-10 15:56:31 gui          INFO          status stepNum secsRemaining  ... protocolName startlog endlog
CAS1    NaN     NaN           NaN  ...          NaN      NaN    NaN
CAS2    NaN     NaN           NaN  ...          NaN      NaN    NaN
CAS3    NaN     NaN           NaN  ...          NaN      NaN    NaN
CAS4    NaN     NaN           NaN  ...          NaN      NaN    NaN
CAS5    NaN     NaN           NaN  ...          NaN      NaN    NaN
CAS6    NaN     NaN           NaN  ...          NaN      NaN    NaN

[6 rows x 14 columns]
2022-03-10 15:56:31 gui          INFO     Registering GUI functions...
2022-03-10 15:56:31 gui          INFO     Registered all procedures!
2022-03-10 15:56:31 gui          INFO     Subscribing to procedures...
2022-03-10 15:56:31 gui          INFO     Subscribed to 15 procedure(s)
2022-03-10 15:56:31 gui          INFO     Connecting to controller...
2022-03-10 15:56:31 gui          INFO     Getting hardware lock and homing...
2022-03-10 15:56:31 gui          WARNING  Waiting until controller is connected...
2022-03-10 15:56:31 gui          WARNING  ApplicationError(error=<wamp.error.no_such_procedure>, args=['no callee registered for procedure <com.prepbot.prothandler.gui-get-machine-homed>'], kwargs={}, enc_algo=None, callee=None, callee_authid=None, callee_authrole=None, forward_for=None)
2022-03-10 15:56:36 gui          INFO     Finished setting tasks and repopulating GUI!
2022-03-10 15:56:36 gui          INFO     Finished reconnecting loggers!
2022-03-10 15:56:36 gui          INFO     FINISHED JOIN!
2022-03-10 15:56:36 gui          WARNING  Attempt to send on a closed protocol
2022-03-10 15:56:36 gui          WARNING  Controller disconnected...
2022-03-10 15:56:36 gui          WARNING  Sending disconnect to GUI!
2022-03-10 15:56:36 gui          INFO     Disconnected GUI
2022-03-10 15:56:36 gui          INFO          status stepNum secsRemaining  ... protocolName startlog endlog
CAS1    NaN     NaN           NaN  ...          NaN      NaN    NaN
CAS2    NaN     NaN           NaN  ...          NaN      NaN    NaN
CAS3    NaN     NaN           NaN  ...          NaN      NaN    NaN
CAS4    NaN     NaN           NaN  ...          NaN      NaN    NaN
CAS5    NaN     NaN           NaN  ...          NaN      NaN    NaN
CAS6    NaN     NaN           NaN  ...          NaN      NaN    NaN

[6 rows x 14 columns]
2022-03-10 15:56:36 gui          INFO     Registering GUI functions...
2022-03-10 15:56:36 gui          INFO     Registered all procedures!
2022-03-10 15:56:36 gui          INFO     Subscribing to procedures...
2022-03-10 15:56:36 gui          INFO     Subscribed to 15 procedure(s)
2022-03-10 15:56:36 gui          INFO     Connecting to controller...
2022-03-10 15:56:36 gui          INFO     Getting hardware lock and homing...
2022-03-10 15:56:36 gui          WARNING  Waiting until controller is connected...
2022-03-10 15:56:36 gui          WARNING  ApplicationError(error=<wamp.error.no_such_procedure>, args=['no callee registered for procedure <com.prepbot.prothandler.gui-get-machine-homed>'], kwargs={}, enc_algo=None, callee=None, callee_authid=None, callee_authrole=None, forward_for=None)
2022-03-10 15:56:41 gui          INFO     Finished setting tasks and repopulating GUI!
2022-03-10 15:56:41 gui          INFO     Finished reconnecting loggers!
2022-03-10 15:56:41 gui          INFO     FINISHED JOIN!
2022-03-10 15:56:41 gui          WARNING  Attempt to send on a closed protocol
2022-03-10 15:56:41 gui          WARNING  Controller disconnected...
2022-03-10 15:56:41 gui          WARNING  Sending disconnect to GUI!
2022-03-10 15:56:41 gui          INFO     Disconnected GUI
2022-03-10 15:56:41 gui          INFO          status stepNum secsRemaining  ... protocolName startlog endlog
CAS1    NaN     NaN           NaN  ...          NaN      NaN    NaN
CAS2    NaN     NaN           NaN  ...          NaN      NaN    NaN
CAS3    NaN     NaN           NaN  ...          NaN      NaN    NaN
CAS4    NaN     NaN           NaN  ...          NaN      NaN    NaN
CAS5    NaN     NaN           NaN  ...          NaN      NaN    NaN
CAS6    NaN     NaN           NaN  ...          NaN      NaN    NaN

[6 rows x 14 columns]
2022-03-10 15:56:41 gui          INFO     Registering GUI functions...
2022-03-10 15:56:41 gui          INFO     Registered all procedures!
2022-03-10 15:56:41 gui          INFO     Subscribing to procedures...
2022-03-10 15:56:41 gui          INFO     Subscribed to 15 procedure(s)
2022-03-10 15:56:41 gui          INFO     Connecting to controller...
2022-03-10 15:56:41 gui          INFO     Getting hardware lock and homing...
2022-03-10 15:56:41 gui          WARNING  Waiting until controller is connected...
2022-03-10 15:56:41 gui          WARNING  ApplicationError(error=<wamp.error.no_such_procedure>, args=['no callee registered for procedure <com.prepbot.prothandler.gui-get-machine-homed>'], kwargs={}, enc_algo=None, callee=None, callee_authid=None, callee_authrole=None, forward_for=None)
2022-03-10 15:56:46 gui          INFO     Finished setting tasks and repopulating GUI!
2022-03-10 15:56:46 gui          INFO     Finished reconnecting loggers!
2022-03-10 15:56:46 gui          INFO     FINISHED JOIN!
2022-03-10 15:56:46 gui          WARNING  Attempt to send on a closed protocol
2022-03-10 15:56:46 gui          WARNING  Controller disconnected...
2022-03-10 15:56:46 gui          WARNING  Sending disconnect to GUI!
2022-03-10 15:56:46 gui          INFO     Disconnected GUI
2022-03-10 15:56:46 gui          INFO          status stepNum secsRemaining  ... protocolName startlog endlog
CAS1    NaN     NaN           NaN  ...          NaN      NaN    NaN
CAS2    NaN     NaN           NaN  ...          NaN      NaN    NaN
CAS3    NaN     NaN           NaN  ...          NaN      NaN    NaN
CAS4    NaN     NaN           NaN  ...          NaN      NaN    NaN
CAS5    NaN     NaN           NaN  ...          NaN      NaN    NaN
CAS6    NaN     NaN           NaN  ...          NaN      NaN    NaN

[6 rows x 14 columns]
2022-03-10 15:56:46 gui          INFO     Registering GUI functions...
2022-03-10 15:56:46 gui          INFO     Registered all procedures!
2022-03-10 15:56:46 gui          INFO     Subscribing to procedures...
2022-03-10 15:56:46 gui          INFO     Subscribed to 15 procedure(s)
2022-03-10 15:56:46 gui          INFO     Connecting to controller...
2022-03-10 15:56:46 gui          INFO     Getting hardware lock and homing...
2022-03-10 15:56:46 gui          WARNING  Waiting until controller is connected...
2022-03-10 15:56:46 gui          WARNING  ApplicationError(error=<wamp.error.no_such_procedure>, args=['no callee registered for procedure <com.prepbot.prothandler.gui-get-machine-homed>'], kwargs={}, enc_algo=None, callee=None, callee_authid=None, callee_authrole=None, forward_for=None)
2022-03-10 15:56:51 gui          INFO     Finished setting tasks and repopulating GUI!
2022-03-10 15:56:51 gui          INFO     Finished reconnecting loggers!
2022-03-10 15:56:51 gui          INFO     FINISHED JOIN!
2022-03-10 15:56:51 gui          WARNING  Attempt to send on a closed protocol
2022-03-10 15:56:51 gui          WARNING  Controller disconnected...
2022-03-10 15:56:51 gui          WARNING  Sending disconnect to GUI!
2022-03-10 15:56:52 gui          INFO     Disconnected GUI
2022-03-10 15:56:52 gui          INFO          status stepNum secsRemaining  ... protocolName startlog endlog
CAS1    NaN     NaN           NaN  ...          NaN      NaN    NaN
CAS2    NaN     NaN           NaN  ...          NaN      NaN    NaN
CAS3    NaN     NaN           NaN  ...          NaN      NaN    NaN
CAS4    NaN     NaN           NaN  ...          NaN      NaN    NaN
CAS5    NaN     NaN           NaN  ...          NaN      NaN    NaN
CAS6    NaN     NaN           NaN  ...          NaN      NaN    NaN

[6 rows x 14 columns]
2022-03-10 15:56:52 gui          INFO     Registering GUI functions...
2022-03-10 15:56:52 gui          INFO     Registered all procedures!
2022-03-10 15:56:52 gui          INFO     Subscribing to procedures...
2022-03-10 15:56:52 gui          INFO     Subscribed to 15 procedure(s)
2022-03-10 15:56:52 gui          INFO     Connecting to controller...
2022-03-10 15:56:52 gui          INFO     Getting hardware lock and homing...
2022-03-10 15:56:52 gui          WARNING  Waiting until controller is connected...
2022-03-10 15:56:52 gui          WARNING  ApplicationError(error=<wamp.error.no_such_procedure>, args=['no callee registered for procedure <com.prepbot.prothandler.gui-get-machine-homed>'], kwargs={}, enc_algo=None, callee=None, callee_authid=None, callee_authrole=None, forward_for=None)
2022-03-10 15:56:54 gui          INFO     Disconnected GUI
2022-03-10 15:56:54 gui          INFO          status stepNum secsRemaining  ... protocolName startlog endlog
CAS1    NaN     NaN           NaN  ...          NaN      NaN    NaN
CAS2    NaN     NaN           NaN  ...          NaN      NaN    NaN
CAS3    NaN     NaN           NaN  ...          NaN      NaN    NaN
CAS4    NaN     NaN           NaN  ...          NaN      NaN    NaN
CAS5    NaN     NaN           NaN  ...          NaN      NaN    NaN
CAS6    NaN     NaN           NaN  ...          NaN      NaN    NaN

[6 rows x 14 columns]
2022-03-10 15:57:24 gui          INFO     Registering GUI functions...
2022-03-10 15:57:24 gui          INFO     Registered all procedures!
2022-03-10 15:57:24 gui          INFO     Subscribing to procedures...
2022-03-10 15:57:24 gui          INFO     Subscribed to 15 procedure(s)
2022-03-10 15:57:24 gui          INFO     Connecting to controller...
2022-03-10 15:57:24 gui          INFO     Getting hardware lock and homing...
2022-03-10 15:57:26 gui          INFO     Machine is homed? : True
2022-03-10 15:57:26 gui          INFO     Getting controller parameters..
2022-03-10 15:57:26 gui          INFO     Getting controller task dataframe...
2022-03-10 15:57:26 gui          INFO     Repopulating GUI with controller procedures!
2022-03-10 15:57:26 gui          INFO     Emitting engages! CAS1
2022-03-10 15:57:26 gui          INFO     CAS2: Repopulating GUI task
2022-03-10 15:57:26 gui          INFO     Emitting engages! CAS3
2022-03-10 15:57:26 gui          INFO     Finished setting tasks and repopulating GUI!
2022-03-10 15:57:26 gui          INFO     Finished reconnecting loggers!
2022-03-10 15:57:26 gui          INFO     FINISHED JOIN!
2022-03-10 15:57:32 gui          INFO     CAS2: Requesting to stop run...
2022-03-10 15:57:38 gui          INFO     CAS2: Requesting a refresh on run details log.
2022-03-10 15:57:38 gui          INFO     CAS2: Request run details log
2022-03-10 15:57:51 gui          INFO     CAS2 engage complete
2022-03-10 15:58:08 gui          INFO     CAS2: Starting protocol:
['self.incubate(cas="CAS2",incTime=0,mixAfter=0,mixVol=0.1,extraVolOut=0.0)', 'self.mix(cas="CAS2", numCycles=3, volume=0.1)', 'self.purge(cas="CAS2")', 'self.loadReagent(cas="CAS2",reagent="FORMALIN",ml=0.5,inSpeed=500,chamberSpeed=50,lineSpeed=400,washSyr="auto",washSyrReagent="MEOH")', 'self.loadReagent(cas="CAS2",reagent="MEOH",ml=0.5,inSpeed=500,chamberSpeed=50,lineSpeed=200,washSyr="auto",washSyrReagent="MEOH")', 'self.loadReagent(cas="CAS2",reagent="DYE",ml=0.2,inSpeed=200,chamberSpeed=50,lineSpeed=200,washSyr="auto",washSyrReagent="MEOH")', 'self.loadReagent(cas="CAS2",reagent="BABB",ml=0.5,inSpeed=200,chamberSpeed=25,lineSpeed=200,washSyr="auto",washSyrReagent="MEOH")']
['Incubation', 'Mixing', 'Purge', 'Load Formalin', 'Load Dehydrant', 'Load Stain', 'Load BABB']
[0, 300, 300, 90, 90, 90, 90]
2022-03-10 15:58:08 gui          INFO     CAS2: Confirmed protocol and sending sample log.
2022-03-10 15:58:08 gui          INFO     CAS2: Update run details log
2022-03-10 15:58:09 gui          INFO     CAS2: Requesting a refresh on run details log.
2022-03-10 15:58:09 gui          INFO     CAS2: Updating progress to next step
2022-03-10 15:58:12 gui          INFO     CAS2: Update run details log
2022-03-10 15:58:12 gui          INFO     CAS2: Request run details log
2022-03-10 15:58:14 gui          INFO     CAS2: Updating progress to next step
2022-03-10 15:58:16 gui          INFO     CAS2: Update run details log
2022-03-10 15:58:17 gui          INFO     CAS2: Updating progress to next step
2022-03-10 15:58:20 gui          INFO     CAS2: Update run details log
2022-03-10 15:58:21 gui          INFO     CAS2: Updating progress to next step
2022-03-10 15:58:26 gui          INFO     CAS2: Update run details log
2022-03-10 15:58:26 gui          INFO     CAS2: Update run details log
2022-03-10 15:58:27 gui          INFO     CAS2: Updating progress to next step
2022-03-10 15:58:39 gui          INFO     CAS2: Update run details log
2022-03-10 15:58:40 gui          INFO     CAS2: Updating progress to next step
2022-03-10 15:58:49 gui          INFO     CAS2: Update run details log
2022-03-10 15:58:50 gui          INFO     CAS2: Updating progress to next step
2022-03-10 15:58:50 gui          INFO     
Cleaning Line of CAS2!!!

2022-03-10 15:58:54 gui          INFO     CAS2: Update run details log
2022-03-10 15:59:04 gui          INFO     CAS2: Update run details log
2022-03-10 15:59:17 gui          INFO     CAS2 engage complete
2022-03-10 15:59:22 gui          INFO     Disconnected GUI
2022-03-10 15:59:22 gui          INFO          status stepNum secsRemaining  ...  protocolName startlog endlog
CAS1   None     NaN           NaN  ...          None      NaN    NaN
CAS2   idle       7             0  ...  Full Process      362    490
CAS3   None     NaN           NaN  ...          None      NaN    NaN
CAS4   None     NaN           NaN  ...          None      NaN    NaN
CAS5   None     NaN           NaN  ...          None      NaN    NaN
CAS6   None     NaN           NaN  ...          None      NaN    NaN

[6 rows x 14 columns]
2022-03-10 16:01:19 gui          INFO     Registering GUI functions...
2022-03-10 16:01:19 gui          INFO     Registered all procedures!
2022-03-10 16:01:19 gui          INFO     Subscribing to procedures...
2022-03-10 16:01:19 gui          INFO     Subscribed to 15 procedure(s)
2022-03-10 16:01:19 gui          INFO     Connecting to controller...
2022-03-10 16:01:19 gui          INFO     Getting hardware lock and homing...
2022-03-10 16:01:21 gui          INFO     Machine is homed? : True
2022-03-10 16:01:21 gui          INFO     Getting controller parameters..
2022-03-10 16:01:21 gui          INFO     Getting controller task dataframe...
2022-03-10 16:01:21 gui          INFO     Repopulating GUI with controller procedures!
2022-03-10 16:01:21 gui          INFO     Emitting engages! CAS1
2022-03-10 16:01:21 gui          INFO     CAS2: Repopulating GUI task
2022-03-10 16:01:21 gui          INFO     Emitting engages! CAS3
2022-03-10 16:01:21 gui          INFO     Finished setting tasks and repopulating GUI!
2022-03-10 16:01:21 gui          INFO     Finished reconnecting loggers!
2022-03-10 16:01:21 gui          INFO     FINISHED JOIN!
2022-03-10 16:01:45 gui          INFO     CAS2 engage complete
2022-03-10 16:01:56 gui          INFO     CAS2: Starting protocol:
['self.incubate(cas="CAS2",incTime=0,mixAfter=0,mixVol=0.1,extraVolOut=0.0)', 'self.mix(cas="CAS2", numCycles=3, volume=0.1)', 'self.purge(cas="CAS2")', 'self.loadReagent(cas="CAS2",reagent="FORMALIN",ml=0.5,inSpeed=500,chamberSpeed=50,lineSpeed=400,washSyr="auto",washSyrReagent="MEOH")', 'self.loadReagent(cas="CAS2",reagent="MEOH",ml=0.5,inSpeed=500,chamberSpeed=50,lineSpeed=200,washSyr="auto",washSyrReagent="MEOH")', 'self.loadReagent(cas="CAS2",reagent="DYE",ml=0.2,inSpeed=200,chamberSpeed=50,lineSpeed=200,washSyr="auto",washSyrReagent="MEOH")', 'self.loadReagent(cas="CAS2",reagent="BABB",ml=0.5,inSpeed=200,chamberSpeed=25,lineSpeed=200,washSyr="auto",washSyrReagent="MEOH")']
['Incubation', 'Mixing', 'Purge', 'Load Formalin', 'Load Dehydrant', 'Load Stain', 'Load BABB']
[0, 300, 300, 90, 90, 90, 90]
2022-03-10 16:01:56 gui          INFO     CAS2: Confirmed protocol and sending sample log.
2022-03-10 16:01:56 gui          INFO     CAS2: Update run details log
2022-03-10 16:01:57 gui          INFO     CAS2: Updating progress to next step
2022-03-10 16:01:57 gui          INFO     CAS2: Requesting a refresh on run details log.
2022-03-10 16:02:00 gui          INFO     CAS2: Update run details log
2022-03-10 16:02:00 gui          INFO     CAS2: Request run details log
2022-03-10 16:02:01 gui          INFO     CAS2: Updating progress to next step
2022-03-10 16:02:03 gui          INFO     CAS2: Update run details log
2022-03-10 16:02:04 gui          INFO     CAS2: Update run details log
2022-03-10 16:02:05 gui          INFO     CAS2: Updating progress to next step
2022-03-10 16:02:08 gui          INFO     CAS2: Update run details log
2022-03-10 16:02:09 gui          INFO     CAS2: Updating progress to next step
2022-03-10 16:02:14 gui          INFO     CAS2: Update run details log
2022-03-10 16:02:15 gui          INFO     CAS2: Updating progress to next step
2022-03-10 16:02:15 gui          INFO     CAS2: Requesting a refresh on run details log.
2022-03-10 16:02:18 gui          INFO     CAS2: Request run details log
2022-03-10 16:02:27 gui          INFO     CAS2: Update run details log
2022-03-10 16:02:27 gui          INFO     CAS2: Update run details log
2022-03-10 16:02:28 gui          INFO     CAS2: Updating progress to next step
2022-03-10 16:02:37 gui          INFO     CAS2: Update run details log
2022-03-10 16:02:38 gui          INFO     CAS2: Updating progress to next step
2022-03-10 16:02:38 gui          INFO     
Cleaning Line of CAS2!!!

2022-03-10 16:02:47 gui          INFO     CAS2: Update run details log
2022-03-10 16:02:52 gui          INFO     CAS2: Update run details log
2022-03-10 16:03:05 gui          INFO     CAS2 engage complete
2022-03-10 16:03:07 gui          INFO     CAS2: Update run details log
2022-03-10 16:04:08 gui          INFO     Disconnected GUI
2022-03-10 16:04:08 gui          INFO          status stepNum secsRemaining  ...  protocolName startlog endlog
CAS1   None     NaN           NaN  ...          None      NaN    NaN
CAS2   idle       7             0  ...  Full Process      497    551
CAS3   None     NaN           NaN  ...          None      NaN    NaN
CAS4   None     NaN           NaN  ...          None      NaN    NaN
CAS5   None     NaN           NaN  ...          None      NaN    NaN
CAS6   None     NaN           NaN  ...          None      NaN    NaN

[6 rows x 14 columns]
2022-03-10 16:04:25 gui          INFO     Registering GUI functions...
2022-03-10 16:04:25 gui          INFO     Registered all procedures!
2022-03-10 16:04:25 gui          INFO     Subscribing to procedures...
2022-03-10 16:04:25 gui          INFO     Subscribed to 15 procedure(s)
2022-03-10 16:04:25 gui          INFO     Connecting to controller...
2022-03-10 16:04:25 gui          INFO     Getting hardware lock and homing...
2022-03-10 16:04:26 gui          INFO     Machine is homed? : True
2022-03-10 16:04:26 gui          INFO     Getting controller parameters..
2022-03-10 16:04:26 gui          INFO     Getting controller task dataframe...
2022-03-10 16:04:27 gui          INFO     Repopulating GUI with controller procedures!
2022-03-10 16:04:27 gui          INFO     Emitting engages! CAS1
2022-03-10 16:04:27 gui          INFO     CAS2: Repopulating GUI task
2022-03-10 16:04:27 gui          INFO     Emitting engages! CAS3
2022-03-10 16:04:27 gui          INFO     Finished setting tasks and repopulating GUI!
2022-03-10 16:04:27 gui          INFO     Finished reconnecting loggers!
2022-03-10 16:04:27 gui          INFO     FINISHED JOIN!
2022-03-10 16:04:34 gui          INFO     CAS2 engage complete
2022-03-10 16:21:55 gui          INFO     Disconnected GUI
2022-03-10 16:21:55 gui          INFO          status stepNum secsRemaining  ...  protocolName startlog endlog
CAS1   None     NaN           NaN  ...          None      NaN    NaN
CAS2   idle       7             0  ...  Full Process      497    552
CAS3   None     NaN           NaN  ...          None      NaN    NaN
CAS4   None     NaN           NaN  ...          None      NaN    NaN
CAS5   None     NaN           NaN  ...          None      NaN    NaN
CAS6   None     NaN           NaN  ...          None      NaN    NaN

[6 rows x 14 columns]
